#
# A fatal error has been detected by the Java Runtime Environment:
#
#  EXCEPTION_ACCESS_VIOLATION (0xc0000005) at pc=0x000007fed9997142, pid=7740, tid=11620
#
# JRE version: Java(TM) SE Runtime Environment (8.0_51-b16) (build 1.8.0_51-b16)
# Java VM: Java HotSpot(TM) 64-Bit Server VM (25.51-b03 mixed mode windows-amd64 compressed oops)
# Problematic frame:
# C  [Leap.dll+0x7142]
#
# Failed to write core dump. Minidumps are not enabled by default on client versions of Windows
#
# If you would like to submit a bug report, please visit:
#   http://bugreport.java.com/bugreport/crash.jsp
# The crash happened outside the Java Virtual Machine in native code.
# See problematic frame for where to report the bug.
#

---------------  T H R E A D  ---------------

Current thread (0x000000000b528800):  JavaThread "Thread-6" daemon [_thread_in_native, id=11620, stack(0x0000000023110000,0x0000000023210000)]

siginfo: ExceptionCode=0xc0000005, reading address 0x0000000000000010

Registers:
RAX=0x0000000000000000, RBX=0x000000002320de28, RCX=0x0000000000000008, RDX=0x000000002320de28
RSP=0x000000002320dda0, RBP=0x0000000000000000, RSI=0x000000001e1db280, RDI=0x000000001e1db260
R8 =0x000000001e1db270, R9 =0x000000001e1db280, R10=0x0000000000000000, R11=0x000000002320de70
R12=0x0000000000000000, R13=0x000000000cfdc278, R14=0x000000001e1db260, R15=0x0000000000000000
RIP=0x000007fed9997142, EFLAGS=0x0000000000010246

Top of Stack: (sp=0x000000002320dda0)
0x000000002320dda0:   0000000000000018 0000000000000000
0x000000002320ddb0:   000000000b528800 000000002320e078
0x000000002320ddc0:   000000000cfdc278 0000000000000000
0x000000002320ddd0:   0000000000000010 0000000000000000
0x000000002320dde0:   0000000000000000 000007fed99bb4b0
0x000000002320ddf0:   0000000000000002 0000000000000010
0x000000002320de00:   0000000000000000 000007fef38dae54
0x000000002320de10:   fffffffffffffffe 000007fef3936967
0x000000002320de20:   000000001e1db260 0000000000000000
0x000000002320de30:   0000000000000000 000000002320de98
0x000000002320de40:   000000000b528800 000000002320e078
0x000000002320de50:   000000001e1db260 0000000000000000
0x000000002320de60:   000000000033f5d8 000007fed99bc30a
0x000000002320de70:   0000000000000000 0000000000000001
0x000000002320de80:   000000001e1db280 000007fef39fcfb4
0x000000002320de90:   fffffffffffffffe 0000000000000000 

Instructions: (pc=0x000007fed9997142)
0x000007fed9997122:   00 cc cc cc cc cc cc cc cc cc cc cc cc cc 40 53
0x000007fed9997132:   48 83 ec 40 33 c0 48 8b da 48 89 02 48 89 42 08
0x000007fed9997142:   4c 8b 41 08 48 8b 11 89 44 24 20 4d 85 c0 74 34
0x000007fed9997152:   41 8b 40 08 85 c0 74 2c 66 0f 1f 44 00 00 8d 48 


Register to memory mapping:

RAX=0x0000000000000000 is an unknown value
RBX=0x000000002320de28 is pointing into the stack for thread: 0x000000000b528800
RCX=0x0000000000000008 is an unknown value
RDX=0x000000002320de28 is pointing into the stack for thread: 0x000000000b528800
RSP=0x000000002320dda0 is pointing into the stack for thread: 0x000000000b528800
RBP=0x0000000000000000 is an unknown value
RSI=0x000000001e1db280 is an unknown value
RDI=0x000000001e1db260 is an unknown value
R8 =0x000000001e1db270 is an unknown value
R9 =0x000000001e1db280 is an unknown value
R10=0x0000000000000000 is an unknown value
R11=0x000000002320de70 is pointing into the stack for thread: 0x000000000b528800
R12=0x0000000000000000 is an unknown value
R13={method} {0x000000000cfdc280} 'Controller_frame__SWIG_1' '(JLcom/leapmotion/leap/Controller;)J' in 'com/leapmotion/leap/LeapJNI'
R14=0x000000001e1db260 is an unknown value
R15=0x0000000000000000 is an unknown value


Stack: [0x0000000023110000,0x0000000023210000],  sp=0x000000002320dda0,  free space=1015k
Native frames: (J=compiled Java code, j=interpreted, Vv=VM code, C=native code)

Java frames: (J=compiled Java code, j=interpreted, Vv=VM code)
j  com.leapmotion.leap.LeapJNI.Controller_frame__SWIG_1(JLcom/leapmotion/leap/Controller;)J+0
j  com.leapmotion.leap.Controller.frame()Lcom/leapmotion/leap/Frame;+9
j  gui.GUI$2$1.call()Ljava/lang/Void;+20
j  gui.GUI$2$1.call()Ljava/lang/Object;+1
j  javafx.concurrent.Task$TaskCallable.call()Ljava/lang/Object;+26
j  java.util.concurrent.FutureTask.run()V+42
j  javafx.concurrent.Service.lambda$null$488(Ljavafx/concurrent/Task;)Ljava/lang/Void;+1
j  javafx.concurrent.Service$$Lambda$143.run()Ljava/lang/Object;+4
v  ~StubRoutines::call_stub
j  java.security.AccessController.doPrivileged(Ljava/security/PrivilegedAction;Ljava/security/AccessControlContext;)Ljava/lang/Object;+0
j  javafx.concurrent.Service.lambda$executeTask$489(Ljavafx/concurrent/Task;Ljava/security/AccessControlContext;)V+7
j  javafx.concurrent.Service$$Lambda$141.run()V+8
j  java.util.concurrent.ThreadPoolExecutor.runWorker(Ljava/util/concurrent/ThreadPoolExecutor$Worker;)V+95
j  java.util.concurrent.ThreadPoolExecutor$Worker.run()V+5
j  java.lang.Thread.run()V+11
v  ~StubRoutines::call_stub

---------------  P R O C E S S  ---------------

Java Threads: ( => current thread )
  0x000000000ac51800 JavaThread "Thread-9" daemon [_thread_blocked, id=15184, stack(0x0000000023390000,0x0000000023490000)]
  0x000000000ac51000 JavaThread "Thread-8" daemon [_thread_blocked, id=33396, stack(0x0000000023250000,0x0000000023350000)]
  0x000000000b52a800 JavaThread "Thread-7" daemon [_thread_blocked, id=892, stack(0x0000000022c10000,0x0000000022d10000)]
=>0x000000000b528800 JavaThread "Thread-6" daemon [_thread_in_native, id=11620, stack(0x0000000023110000,0x0000000023210000)]
  0x000000000a571000 JavaThread "Prism Font Disposer" daemon [_thread_blocked, id=31152, stack(0x00000000227b0000,0x00000000228b0000)]
  0x000000000984a800 JavaThread "Thread-4" daemon [_thread_in_native, id=12680, stack(0x000000000eef0000,0x000000000eff0000)]
  0x000000000a71d800 JavaThread "JavaFX Application Thread" [_thread_in_Java, id=31120, stack(0x000000000d470000,0x000000000d570000)]
  0x0000000009764000 JavaThread "Thread-3" daemon [_thread_blocked, id=32800, stack(0x000000000d2e0000,0x000000000d3e0000)]
  0x000000000abd2800 JavaThread "QuantumRenderer-0" daemon [_thread_blocked, id=14132, stack(0x000000000ca00000,0x000000000cb00000)]
  0x000000000b44a800 JavaThread "JavaFX-Launcher" [_thread_blocked, id=8980, stack(0x000000000c870000,0x000000000c970000)]
  0x000000000a6f8000 JavaThread "pool-1-thread-1" daemon [_thread_blocked, id=10040, stack(0x000000000aea0000,0x000000000afa0000)]
  0x000000000a606000 JavaThread "cluster-ClusterId{value='57469b16cb8e861e3c543f7c', description='null'}-127.0.0.1:27017" daemon [_thread_blocked, id=676, stack(0x000000000b080000,0x000000000b180000)]
  0x000000000967e800 JavaThread "Monitor Ctrl-Break" daemon [_thread_in_native, id=20640, stack(0x000000000a410000,0x000000000a510000)]
  0x0000000009591800 JavaThread "Service Thread" daemon [_thread_blocked, id=2464, stack(0x0000000009fa0000,0x000000000a0a0000)]
  0x00000000080ad000 JavaThread "C1 CompilerThread2" daemon [_thread_blocked, id=33608, stack(0x0000000009e30000,0x0000000009f30000)]
  0x00000000080ac000 JavaThread "C2 CompilerThread1" daemon [_thread_in_native, id=33040, stack(0x0000000009c50000,0x0000000009d50000)]
  0x00000000094fb800 JavaThread "C2 CompilerThread0" daemon [_thread_blocked, id=20768, stack(0x0000000009190000,0x0000000009290000)]
  0x00000000094f9000 JavaThread "Attach Listener" daemon [_thread_blocked, id=14584, stack(0x0000000009a80000,0x0000000009b80000)]
  0x0000000009506800 JavaThread "Signal Dispatcher" daemon [_thread_blocked, id=32592, stack(0x0000000009940000,0x0000000009a40000)]
  0x0000000008044800 JavaThread "Finalizer" daemon [_thread_blocked, id=11452, stack(0x00000000093e0000,0x00000000094e0000)]
  0x0000000008043000 JavaThread "Reference Handler" daemon [_thread_blocked, id=8572, stack(0x00000000092a0000,0x00000000093a0000)]
  0x000000000210f000 JavaThread "main" [_thread_blocked, id=5268, stack(0x00000000023a0000,0x00000000024a0000)]

Other Threads:
  0x000000000803d800 VMThread [stack: 0x0000000009090000,0x0000000009190000] [id=31992]
  0x0000000009594800 WatcherThread [stack: 0x000000000a1b0000,0x000000000a2b0000] [id=16032]

VM state:not at safepoint (normal execution)

VM Mutex/Monitor currently owned by a thread: None

Heap:
 PSYoungGen      total 70656K, used 61037K [0x00000000d6100000, 0x00000000dab00000, 0x0000000100000000)
  eden space 65536K, 93% used [0x00000000d6100000,0x00000000d9c9b580,0x00000000da100000)
  from space 5120K, 0% used [0x00000000da600000,0x00000000da600000,0x00000000dab00000)
  to   space 5120K, 0% used [0x00000000da100000,0x00000000da100000,0x00000000da600000)
 ParOldGen       total 43520K, used 5399K [0x0000000082200000, 0x0000000084c80000, 0x00000000d6100000)
  object space 43520K, 12% used [0x0000000082200000,0x0000000082745fb0,0x0000000084c80000)
 Metaspace       used 24517K, capacity 25300K, committed 25600K, reserved 1071104K
  class space    used 3306K, capacity 3467K, committed 3584K, reserved 1048576K

Card table byte_map: [0x0000000002860000,0x0000000002c50000] byte_map_base: 0x000000000244f000

Marking Bits: (ParMarkBitMap*) 0x0000000057bd4040
 Begin Bits: [0x00000000033d0000, 0x0000000005348000)
 End Bits:   [0x0000000005348000, 0x00000000072c0000)

Polling page: 0x0000000000460000

CodeCache: size=245760Kb used=6188Kb max_used=6188Kb free=239571Kb
 bounds [0x000000000f010000, 0x000000000f630000, 0x000000001e010000]
 total_blobs=2643 nmethods=1914 adapters=641
 compilation: enabled

Compilation events (10 events):
Event: 14.497 Thread 0x00000000080ad000 1890       1       javafx.collections.ListChangeListener$Change::getList (5 bytes)
Event: 14.497 Thread 0x00000000080ad000 nmethod 1890 0x000000000f5f7d90 code [0x000000000f5f7ee0, 0x000000000f5f7ff0]
Event: 14.497 Thread 0x00000000080ad000 1891       1       java.util.SubList::access$100 (5 bytes)
Event: 14.497 Thread 0x00000000080ad000 nmethod 1891 0x000000000f5f8050 code [0x000000000f5f81a0, 0x000000000f5f8290]
Event: 14.505 Thread 0x00000000080ad000 1924       3       java.lang.invoke.MethodHandles$Lookup::getDirectMethodCommon (271 bytes)
Event: 14.507 Thread 0x00000000080ad000 nmethod 1924 0x000000000f5f8310 code [0x000000000f5f8620, 0x000000000f5fa098]
Event: 14.507 Thread 0x00000000080ad000 1926       1       java.lang.invoke.MemberName::getReferenceKind (12 bytes)
Event: 14.507 Thread 0x00000000080ad000 nmethod 1926 0x000000000f5fa9d0 code [0x000000000f5fab20, 0x000000000f5fac30]
Event: 14.507 Thread 0x00000000080ad000 1925       3       java.lang.invoke.MethodHandles$Lookup::checkMethod (83 bytes)
Event: 14.508 Thread 0x00000000080ad000 nmethod 1925 0x000000000f5fac90 code [0x000000000f5fae60, 0x000000000f5fb878]

GC Heap History (6 events):
Event: 9.467 GC heap before
{Heap before GC invocations=1 (full 0):
 PSYoungGen      total 37888K, used 32768K [0x00000000d6100000, 0x00000000d8b00000, 0x0000000100000000)
  eden space 32768K, 100% used [0x00000000d6100000,0x00000000d8100000,0x00000000d8100000)
  from space 5120K, 0% used [0x00000000d8600000,0x00000000d8600000,0x00000000d8b00000)
  to   space 5120K, 0% used [0x00000000d8100000,0x00000000d8100000,0x00000000d8600000)
 ParOldGen       total 86016K, used 0K [0x0000000082200000, 0x0000000087600000, 0x00000000d6100000)
  object space 86016K, 0% used [0x0000000082200000,0x0000000082200000,0x0000000087600000)
 Metaspace       used 13094K, capacity 13234K, committed 13440K, reserved 1060864K
  class space    used 1541K, capacity 1601K, committed 1664K, reserved 1048576K
Event: 10.027 GC heap after
Heap after GC invocations=1 (full 0):
 PSYoungGen      total 37888K, used 5096K [0x00000000d6100000, 0x00000000dab00000, 0x0000000100000000)
  eden space 32768K, 0% used [0x00000000d6100000,0x00000000d6100000,0x00000000d8100000)
  from space 5120K, 99% used [0x00000000d8100000,0x00000000d85fa120,0x00000000d8600000)
  to   space 5120K, 0% used [0x00000000da600000,0x00000000da600000,0x00000000dab00000)
 ParOldGen       total 86016K, used 1679K [0x0000000082200000, 0x0000000087600000, 0x00000000d6100000)
  object space 86016K, 1% used [0x0000000082200000,0x00000000823a3cc0,0x0000000087600000)
 Metaspace       used 13094K, capacity 13234K, committed 13440K, reserved 1060864K
  class space    used 1541K, capacity 1601K, committed 1664K, reserved 1048576K
}
Event: 13.092 GC heap before
{Heap before GC invocations=2 (full 0):
 PSYoungGen      total 37888K, used 27292K [0x00000000d6100000, 0x00000000dab00000, 0x0000000100000000)
  eden space 32768K, 67% used [0x00000000d6100000,0x00000000d76ad2a8,0x00000000d8100000)
  from space 5120K, 99% used [0x00000000d8100000,0x00000000d85fa120,0x00000000d8600000)
  to   space 5120K, 0% used [0x00000000da600000,0x00000000da600000,0x00000000dab00000)
 ParOldGen       total 86016K, used 1679K [0x0000000082200000, 0x0000000087600000, 0x00000000d6100000)
  object space 86016K, 1% used [0x0000000082200000,0x00000000823a3cc0,0x0000000087600000)
 Metaspace       used 20697K, capacity 21216K, committed 21296K, reserved 1067008K
  class space    used 2755K, capacity 2874K, committed 2944K, reserved 1048576K
Event: 13.100 GC heap after
Heap after GC invocations=2 (full 0):
 PSYoungGen      total 70656K, used 5088K [0x00000000d6100000, 0x00000000dab00000, 0x0000000100000000)
  eden space 65536K, 0% used [0x00000000d6100000,0x00000000d6100000,0x00000000da100000)
  from space 5120K, 99% used [0x00000000da600000,0x00000000daaf80c0,0x00000000dab00000)
  to   space 5120K, 0% used [0x00000000da100000,0x00000000da100000,0x00000000da600000)
 ParOldGen       total 86016K, used 2056K [0x0000000082200000, 0x0000000087600000, 0x00000000d6100000)
  object space 86016K, 2% used [0x0000000082200000,0x00000000824021b8,0x0000000087600000)
 Metaspace       used 20697K, capacity 21216K, committed 21296K, reserved 1067008K
  class space    used 2755K, capacity 2874K, committed 2944K, reserved 1048576K
}
Event: 13.100 GC heap before
{Heap before GC invocations=3 (full 1):
 PSYoungGen      total 70656K, used 5088K [0x00000000d6100000, 0x00000000dab00000, 0x0000000100000000)
  eden space 65536K, 0% used [0x00000000d6100000,0x00000000d6100000,0x00000000da100000)
  from space 5120K, 99% used [0x00000000da600000,0x00000000daaf80c0,0x00000000dab00000)
  to   space 5120K, 0% used [0x00000000da100000,0x00000000da100000,0x00000000da600000)
 ParOldGen       total 86016K, used 2056K [0x0000000082200000, 0x0000000087600000, 0x00000000d6100000)
  object space 86016K, 2% used [0x0000000082200000,0x00000000824021b8,0x0000000087600000)
 Metaspace       used 20697K, capacity 21216K, committed 21296K, reserved 1067008K
  class space    used 2755K, capacity 2874K, committed 2944K, reserved 1048576K
Event: 13.139 GC heap after
Heap after GC invocations=3 (full 1):
 PSYoungGen      total 70656K, used 0K [0x00000000d6100000, 0x00000000dab00000, 0x0000000100000000)
  eden space 65536K, 0% used [0x00000000d6100000,0x00000000d6100000,0x00000000da100000)
  from space 5120K, 0% used [0x00000000da600000,0x00000000da600000,0x00000000dab00000)
  to   space 5120K, 0% used [0x00000000da100000,0x00000000da100000,0x00000000da600000)
 ParOldGen       total 43520K, used 5399K [0x0000000082200000, 0x0000000084c80000, 0x00000000d6100000)
  object space 43520K, 12% used [0x0000000082200000,0x0000000082745fb0,0x0000000084c80000)
 Metaspace       used 20697K, capacity 21216K, committed 21296K, reserved 1067008K
  class space    used 2755K, capacity 2874K, committed 2944K, reserved 1048576K
}

Deoptimization events (10 events):
Event: 12.814 Thread 0x000000000a71d800 Uncommon trap: reason=unstable_if action=reinterpret pc=0x000000000f2d0304 method=java.io.WinNTFileSystem.normalize(Ljava/lang/String;)Ljava/lang/String; @ 74
Event: 13.612 Thread 0x000000000a71d800 Uncommon trap: reason=bimorphic action=maybe_recompile pc=0x000000000f4037b8 method=java.util.HashMap.putVal(ILjava/lang/Object;Ljava/lang/Object;ZZ)Ljava/lang/Object; @ 203
Event: 13.612 Thread 0x000000000a71d800 Uncommon trap: reason=bimorphic action=maybe_recompile pc=0x000000000f4037b8 method=java.util.HashMap.putVal(ILjava/lang/Object;Ljava/lang/Object;ZZ)Ljava/lang/Object; @ 203
Event: 13.661 Thread 0x000000000a71d800 Uncommon trap: reason=range_check action=make_not_entrant pc=0x000000000f483fa0 method=sun.reflect.generics.parser.SignatureParser.current()C @ 34
Event: 13.783 Thread 0x000000000a71d800 Uncommon trap: reason=bimorphic action=maybe_recompile pc=0x000000000f4037b8 method=java.util.HashMap.putVal(ILjava/lang/Object;Ljava/lang/Object;ZZ)Ljava/lang/Object; @ 203
Event: 13.965 Thread 0x000000000a71d800 Uncommon trap: reason=unstable_if action=reinterpret pc=0x000000000f50670c method=de.undercouch.bson4jackson.io.StaticBufferedInputStream.read()I @ 8
Event: 14.045 Thread 0x000000000a71d800 Uncommon trap: reason=unstable_if action=reinterpret pc=0x000000000f53963c method=de.undercouch.bson4jackson.io.StaticBufferedInputStream.read([BII)I @ 64
Event: 14.095 Thread 0x000000000a71d800 Uncommon trap: reason=unstable_if action=reinterpret pc=0x000000000f5470c0 method=de.undercouch.bson4jackson.io.StaticBufferedInputStream.read([BII)I @ 64
Event: 14.159 Thread 0x000000000a71d800 Uncommon trap: reason=unstable_if action=reinterpret pc=0x000000000f53ff4c method=sun.nio.cs.UTF_8$Decoder.decodeArrayLoop(Ljava/nio/ByteBuffer;Ljava/nio/CharBuffer;)Ljava/nio/charset/CoderResult; @ 84
Event: 14.505 Thread 0x000000000ac51000 Uncommon trap: reason=unstable_if action=reinterpret pc=0x000000000f3fffc8 method=java.util.concurrent.ConcurrentHashMap.putVal(Ljava/lang/Object;Ljava/lang/Object;Z)Ljava/lang/Object; @ 98

Internal exceptions (10 events):
Event: 8.399 Thread 0x000000000210f000 Exception <a 'java/lang/ArrayIndexOutOfBoundsException'> (0x00000000d6daa7b8) thrown at [C:\re\workspace\8-2-build-windows-amd64-cygwin\jdk8u51\3951\hotspot\src\share\vm\runtime\sharedRuntime.cpp, line 605]
Event: 8.454 Thread 0x000000000210f000 Implicit null exception at 0x000000000f1ea196 to 0x000000000f1ea4d5
Event: 9.252 Thread 0x000000000210f000 Exception <a 'java/lang/NoSuchFieldError': method resolution failed> (0x00000000d805e9d0) thrown at [C:\re\workspace\8-2-build-windows-amd64-cygwin\jdk8u51\3951\hotspot\src\share\vm\prims\methodHandles.cpp, line 1125]
Event: 9.256 Thread 0x000000000210f000 Exception <a 'java/lang/NoSuchFieldError': method resolution failed> (0x00000000d806d010) thrown at [C:\re\workspace\8-2-build-windows-amd64-cygwin\jdk8u51\3951\hotspot\src\share\vm\prims\methodHandles.cpp, line 1125]
Event: 10.046 Thread 0x000000000b44a800 Exception <a 'java/lang/NullPointerException'> (0x00000000d6109070) thrown at [C:\re\workspace\8-2-build-windows-amd64-cygwin\jdk8u51\3951\hotspot\src\share\vm\interpreter\linkResolver.cpp, line 1178]
Event: 11.472 Thread 0x000000000a71d800 Exception <a 'java/lang/NullPointerException'> (0x00000000d68d71e8) thrown at [C:\re\workspace\8-2-build-windows-amd64-cygwin\jdk8u51\3951\hotspot\src\share\vm\interpreter\linkResolver.cpp, line 1178]
Event: 11.472 Thread 0x000000000a71d800 Exception <a 'java/lang/NullPointerException'> (0x00000000d68d71e8) thrown at [C:\re\workspace\8-2-build-windows-amd64-cygwin\jdk8u51\3951\hotspot\src\share\vm\prims\jvm.cpp, line 1386]
Event: 13.661 Thread 0x000000000a71d800 Exception <a 'java/lang/ArrayIndexOutOfBoundsException': 75> (0x00000000d6ebf300) thrown at [C:\re\workspace\8-2-build-windows-amd64-cygwin\jdk8u51\3951\hotspot\src\share\vm\interpreter\interpreterRuntime.cpp, line 366]
Event: 13.662 Thread 0x000000000a71d800 Exception <a 'java/lang/ArrayIndexOutOfBoundsException': 65> (0x00000000d6ec0548) thrown at [C:\re\workspace\8-2-build-windows-amd64-cygwin\jdk8u51\3951\hotspot\src\share\vm\interpreter\interpreterRuntime.cpp, line 366]
Event: 13.662 Thread 0x000000000a71d800 Exception <a 'java/lang/ArrayIndexOutOfBoundsException': 58> (0x00000000d6ec1888) thrown at [C:\re\workspace\8-2-build-windows-amd64-cygwin\jdk8u51\3951\hotspot\src\share\vm\interpreter\interpreterRuntime.cpp, line 366]

Events (10 events):
Event: 14.505 Thread 0x000000000ac51000 Thread added: 0x000000000ac51000
Event: 14.505 loading class gui/GUI$5$1
Event: 14.505 loading class gui/GUI$5$1 done
Event: 14.505 Thread 0x000000000ac51000 Uncommon trap: trap_request=0xffffff65 fr.pc=0x000000000f3fffc8
Event: 14.505 Thread 0x000000000ac51000 DEOPT PACKING pc=0x000000000f3fffc8 sp=0x000000002334d6a0
Event: 14.505 loading class javafx/concurrent/Task$TaskCallable
Event: 14.505 loading class javafx/concurrent/Task$TaskCallable done
Event: 14.505 Thread 0x000000000ac51000 DEOPT UNPACKING pc=0x000000000f05582a sp=0x000000002334d660 mode 2
Event: 14.505 loading class javafx/concurrent/Task$TaskCallable
Event: 14.505 loading class javafx/concurrent/Task$TaskCallable done


Dynamic libraries:
0x000000013fce0000 - 0x000000013fd17000 	C:\Program Files\Java\jdk1.8.0_51\bin\java.exe
0x00000000773c0000 - 0x0000000077569000 	C:\Windows\SYSTEM32\ntdll.dll
0x000007fef6ae0000 - 0x000007fef6b13000 	C:\Program Files (x86)\AVG\Av\avghooka.dll
0x0000000076dc0000 - 0x0000000076edf000 	C:\Windows\system32\kernel32.dll
0x000007fefc740000 - 0x000007fefc7ab000 	C:\Windows\system32\KERNELBASE.dll
0x000007fefe1f0000 - 0x000007fefe2cb000 	C:\Windows\system32\ADVAPI32.dll
0x000007fefd930000 - 0x000007fefd9cf000 	C:\Windows\system32\msvcrt.dll
0x000007fefe2d0000 - 0x000007fefe2ef000 	C:\Windows\SYSTEM32\sechost.dll
0x000007fefd9d0000 - 0x000007fefdafd000 	C:\Windows\system32\RPCRT4.dll
0x0000000076cc0000 - 0x0000000076dba000 	C:\Windows\system32\USER32.dll
0x000007fefe080000 - 0x000007fefe0e7000 	C:\Windows\system32\GDI32.dll
0x000007fefe0f0000 - 0x000007fefe0fe000 	C:\Windows\system32\LPK.dll
0x000007fefe100000 - 0x000007fefe1c9000 	C:\Windows\system32\USP10.dll
0x000007fefb430000 - 0x000007fefb624000 	C:\Windows\WinSxS\amd64_microsoft.windows.common-controls_6595b64144ccf1df_6.0.7601.17514_none_fa396087175ac9ac\COMCTL32.dll
0x000007fefc8b0000 - 0x000007fefc921000 	C:\Windows\system32\SHLWAPI.dll
0x000007fefd900000 - 0x000007fefd92e000 	C:\Windows\system32\IMM32.DLL
0x000007fefdb50000 - 0x000007fefdc59000 	C:\Windows\system32\MSCTF.dll
0x000007fefc4b0000 - 0x000007fefc4df000 	C:\Windows\system32\nvinitx.dll
0x000000000f000000 - 0x000000000f006000 	C:\Program Files\NVIDIA Corporation\CoProcManager\_etoured.dll
0x000007fef8f80000 - 0x000007fef8fdf000 	C:\Program Files\NVIDIA Corporation\CoProcManager\nvd3d9wrapx.dll
0x000007fefc990000 - 0x000007fefcb67000 	C:\Windows\system32\SETUPAPI.dll
0x000007fefc700000 - 0x000007fefc736000 	C:\Windows\system32\CFGMGR32.dll
0x000007fefdf90000 - 0x000007fefe067000 	C:\Windows\system32\OLEAUT32.dll
0x000007fefdce0000 - 0x000007fefdee3000 	C:\Windows\system32\ole32.dll
0x000007fefc7b0000 - 0x000007fefc7ca000 	C:\Windows\system32\DEVOBJ.dll
0x000007fef85f0000 - 0x000007fef8636000 	C:\Program Files\NVIDIA Corporation\CoProcManager\nvdxgiwrapx.dll
0x000000006c7d0000 - 0x000000006c8a2000 	C:\Program Files\Java\jdk1.8.0_51\jre\bin\msvcr100.dll
0x00000000573d0000 - 0x0000000057c53000 	C:\Program Files\Java\jdk1.8.0_51\jre\bin\server\jvm.dll
0x000007fef80a0000 - 0x000007fef80a9000 	C:\Windows\system32\WSOCK32.dll
0x000007fefdb00000 - 0x000007fefdb4d000 	C:\Windows\system32\WS2_32.dll
0x000007fefe070000 - 0x000007fefe078000 	C:\Windows\system32\NSI.dll
0x000007fefa1e0000 - 0x000007fefa21b000 	C:\Windows\system32\WINMM.dll
0x000007fefb2b0000 - 0x000007fefb2bc000 	C:\Windows\system32\VERSION.dll
0x0000000077580000 - 0x0000000077587000 	C:\Windows\system32\PSAPI.DLL
0x0000000073580000 - 0x000000007358f000 	C:\Program Files\Java\jdk1.8.0_51\jre\bin\verify.dll
0x0000000070800000 - 0x0000000070829000 	C:\Program Files\Java\jdk1.8.0_51\jre\bin\java.dll
0x00000000707e0000 - 0x00000000707f6000 	C:\Program Files\Java\jdk1.8.0_51\jre\bin\zip.dll
0x000007fefcb70000 - 0x000007fefd8f8000 	C:\Windows\system32\SHELL32.dll
0x000007fefc4e0000 - 0x000007fefc4ef000 	C:\Windows\system32\profapi.dll
0x000007feff3e0000 - 0x000007feff3f0000 	C:\Program Files (x86)\JetBrains\IntelliJ IDEA Community Edition 2016.1.2\bin\breakgen64.dll
0x00000000722d0000 - 0x00000000722ea000 	C:\Program Files\Java\jdk1.8.0_51\jre\bin\net.dll
0x000007fefbcc0000 - 0x000007fefbd15000 	C:\Windows\system32\mswsock.dll
0x000007fefbcb0000 - 0x000007fefbcb7000 	C:\Windows\System32\wship6.dll
0x000007fefbd20000 - 0x000007fefbd37000 	C:\Windows\system32\CRYPTSP.dll
0x000007fefb9e0000 - 0x000007fefba27000 	C:\Windows\system32\rsaenh.dll
0x000007fefb7a0000 - 0x000007fefb7be000 	C:\Windows\system32\USERENV.dll
0x000007fefc380000 - 0x000007fefc38f000 	C:\Windows\system32\CRYPTBASE.dll
0x000007fef9b10000 - 0x000007fef9b37000 	C:\Windows\system32\IPHLPAPI.DLL
0x000007fef9a90000 - 0x000007fef9a9b000 	C:\Windows\system32\WINNSI.DLL
0x000007fef9850000 - 0x000007fef9868000 	C:\Windows\system32\dhcpcsvc.DLL
0x000007fef99d0000 - 0x000007fef99e1000 	C:\Windows\system32\dhcpcsvc6.DLL
0x00000000707c0000 - 0x00000000707d1000 	C:\Program Files\Java\jdk1.8.0_51\jre\bin\nio.dll
0x0000000072d00000 - 0x0000000072d0d000 	C:\Program Files\Java\jdk1.8.0_51\jre\bin\management.dll
0x000007fefa0c0000 - 0x000007fefa0d5000 	C:\Windows\system32\NLAapi.dll
0x000007fef11e0000 - 0x000007fef11f5000 	C:\Windows\system32\napinsp.dll
0x000007fef11a0000 - 0x000007fef11b9000 	C:\Windows\system32\pnrpnsp.dll
0x000007fefba60000 - 0x000007fefbabb000 	C:\Windows\system32\DNSAPI.dll
0x000007fef2ab0000 - 0x000007fef2abb000 	C:\Windows\System32\winrnr.dll
0x000007fef1190000 - 0x000007fef11a0000 	C:\Windows\system32\wshbth.dll
0x0000000070920000 - 0x0000000070946000 	C:\Program Files\Bonjour\mdnsNSP.dll
0x000007fefb730000 - 0x000007fefb737000 	C:\Windows\System32\wshtcpip.dll
0x000007fef64d0000 - 0x000007fef64d8000 	C:\Windows\system32\rasadhlp.dll
0x000007fef9a30000 - 0x000007fef9a83000 	C:\Windows\System32\fwpuclnt.dll
0x000000006c9c0000 - 0x000000006c9ec000 	C:\Program Files\Java\jdk1.8.0_51\jre\bin\prism_d3d.dll
0x000007fef0e00000 - 0x000007fef0fff000 	C:\Windows\system32\d3d9.dll
0x000007fef0de0000 - 0x000007fef0de7000 	C:\Windows\system32\d3d8thk.dll
0x000007fefa750000 - 0x000007fefa768000 	C:\Windows\system32\dwmapi.dll
0x000007fefade0000 - 0x000007fefae36000 	C:\Windows\system32\uxtheme.dll
0x000007fef83e0000 - 0x000007fef854b000 	C:\Windows\system32\nvumdshimx.dll
0x000007fed6ad0000 - 0x000007fed76ef000 	C:\Windows\system32\igdumd64.dll
0x000000006c320000 - 0x000000006c361000 	C:\Program Files\Java\jdk1.8.0_51\jre\bin\glass.dll
0x000007fefe2f0000 - 0x000007fefe387000 	C:\Windows\system32\COMDLG32.dll
0x000007feff120000 - 0x000007feff15e000 	C:\Users\User\git\SLT\out\production\SLT\lib\x64\LeapJava.dll
0x000007fef39c0000 - 0x000007fef3a66000 	C:\Windows\system32\MSVCP120.dll
0x000007fef38d0000 - 0x000007fef39bf000 	C:\Windows\system32\MSVCR120.dll
0x000007fed9990000 - 0x000007fed9bee000 	C:\Users\User\git\SLT\out\production\SLT\lib\x64\Leap.dll
0x000007fefa1b0000 - 0x000007fefa1dd000 	C:\Windows\system32\ntmarta.dll
0x000007fefc930000 - 0x000007fefc982000 	C:\Windows\system32\WLDAP32.dll
0x000000006c7b0000 - 0x000000006c7c5000 	C:\Program Files\Java\jdk1.8.0_51\jre\bin\javafx_font.dll
0x000007fedf3a0000 - 0x000007fedf51e000 	C:\Windows\system32\dwrite.dll
0x000007fefdef0000 - 0x000007fefdf89000 	C:\Windows\system32\CLBCatQ.DLL
0x000007fefa570000 - 0x000007fefa69a000 	C:\Windows\system32\WindowsCodecs.dll
0x000007fefc430000 - 0x000007fefc487000 	C:\Windows\system32\apphelp.dll
0x000007fef3890000 - 0x000007fef38c5000 	C:\Windows\system32\EhStorShell.dll
0x000007fefae40000 - 0x000007fefaf6c000 	C:\Windows\system32\PROPSYS.dll
0x000007fef37d0000 - 0x000007fef3850000 	C:\Windows\system32\ntshrui.dll
0x000007fefc280000 - 0x000007fefc2a3000 	C:\Windows\system32\srvcli.dll
0x000007fef4f20000 - 0x000007fef4f2f000 	C:\Windows\system32\cscapi.dll
0x000007fefa000000 - 0x000007fefa00b000 	C:\Windows\system32\slc.dll
0x000007feff420000 - 0x000007feff44d000 	C:\Program Files\Common Files\Microsoft Shared\Ink\rtscom.dll
0x000007fee19c0000 - 0x000007fee19ff000 	C:\Program Files\WIDCOMM\Bluetooth Software\btmmhook.dll
0x00000000706a0000 - 0x00000000706b1000 	C:\Program Files\Java\jdk1.8.0_51\jre\bin\prism_common.dll
0x000007fef3690000 - 0x000007fef37b5000 	C:\Windows\system32\dbghelp.dll

VM Arguments:
jvm_args: -Djava.library.path=C:\Users\User\git\SLT\out\production\SLT\lib\x64 -Didea.launcher.port=7536 -Didea.launcher.bin.path=C:\Program Files (x86)\JetBrains\IntelliJ IDEA Community Edition 2016.1.2\bin -Dfile.encoding=UTF-8 
java_command: com.intellij.rt.execution.application.AppMain gui.GUI
java_class_path (initial): C:\Program Files\Java\jdk1.8.0_51\jre\lib\charsets.jar;C:\Program Files\Java\jdk1.8.0_51\jre\lib\deploy.jar;C:\Program Files\Java\jdk1.8.0_51\jre\lib\ext\access-bridge-64.jar;C:\Program Files\Java\jdk1.8.0_51\jre\lib\ext\cldrdata.jar;C:\Program Files\Java\jdk1.8.0_51\jre\lib\ext\dnsns.jar;C:\Program Files\Java\jdk1.8.0_51\jre\lib\ext\jaccess.jar;C:\Program Files\Java\jdk1.8.0_51\jre\lib\ext\jfxrt.jar;C:\Program Files\Java\jdk1.8.0_51\jre\lib\ext\localedata.jar;C:\Program Files\Java\jdk1.8.0_51\jre\lib\ext\nashorn.jar;C:\Program Files\Java\jdk1.8.0_51\jre\lib\ext\sunec.jar;C:\Program Files\Java\jdk1.8.0_51\jre\lib\ext\sunjce_provider.jar;C:\Program Files\Java\jdk1.8.0_51\jre\lib\ext\sunmscapi.jar;C:\Program Files\Java\jdk1.8.0_51\jre\lib\ext\sunpkcs11.jar;C:\Program Files\Java\jdk1.8.0_51\jre\lib\ext\zipfs.jar;C:\Program Files\Java\jdk1.8.0_51\jre\lib\javaws.jar;C:\Program Files\Java\jdk1.8.0_51\jre\lib\jce.jar;C:\Program Files\Java\jdk1.8.0_51\jre\lib\jfr.jar;C:\Program Files\Java\jdk1.8.0_51\jre\lib\jfxswt.jar;C:\Program Files\Java\jdk1.8.0_51\jre\lib\jsse.jar;C:\Program Files\Java\jdk1.8.0_51\jre\lib\management-agent.jar;C:\Program Files\Java\jdk1.8.0_51\jre\lib\plugin.jar;C:\Program Files\Java\jdk1.8.0_51\jre\lib\resources.jar;C:\Program Files\Java\jdk1.8.0_51\jre\lib\rt.jar;C:\Users\User\git\SLT\out\production\SLT;C:\Users\User\git\SLT\out\production\SLT\lib\LeapJava.jar;C:\Users\User\git\SLT\out\production\SLT\lib\bson4jackson-2.5.0.jar;C:\Users\User\git\SLT\out\production\SLT\lib\jackson-databind-2.6.3.jar;C:\Users\User\git\SLT\out\production\SLT\lib\jackson-annotations-2.6.3.jar;C:\Users\User\git\SLT\out\production\SLT\lib\jackson-core-2.6.3.jar;C:\Users\User\git\SLT\out\production\SLT\lib\mongo-java-driver-3.1.0.jar;C:\Users\User\git\SLT\out\production\SLT\lib\jongo-1.2.jar;C:\Program Files (x86)\JetBrains\IntelliJ IDEA Community Edition 2016.1.2\lib\idea_rt.jar
Launcher Type: SUN_STANDARD

Environment Variables:
CLASSPATH=C:\Users\User\workspace;C:\j3d\lib\ext\j3dcore.jar;C:\j3d\lib\ext\j3dutils.jar;C:\j3d\lib\ext\vecmath.jar
USERNAME=User
OS=Windows_NT
PROCESSOR_IDENTIFIER=Intel64 Family 6 Model 58 Stepping 9, GenuineIntel



---------------  S Y S T E M  ---------------

OS: Windows 7 , 64 bit Build 7601 (6.1.7601.17514)

CPU:total 4 (2 cores per cpu, 2 threads per core) family 6 model 58 stepping 9, cmov, cx8, fxsr, mmx, sse, sse2, sse3, ssse3, sse4.1, sse4.2, popcnt, avx, aes, clmul, erms, ht, tsc, tscinvbit, tscinv

Memory: 4k page, physical 8248712k(784784k free), swap 16933504k(4770776k free)

vm_info: Java HotSpot(TM) 64-Bit Server VM (25.51-b03) for windows-amd64 JRE (1.8.0_51-b16), built on Jun  8 2015 18:03:07 by "java_re" with MS VC++ 10.0 (VS2010)

time: Thu May 26 14:43:40 2016
elapsed time: 14 seconds (0d 0h 0m 14s)

