#
# A fatal error has been detected by the Java Runtime Environment:
#
#  EXCEPTION_ACCESS_VIOLATION (0xc0000005) at pc=0x000007fed9bf7142, pid=16160, tid=1020
#
# JRE version: Java(TM) SE Runtime Environment (8.0_51-b16) (build 1.8.0_51-b16)
# Java VM: Java HotSpot(TM) 64-Bit Server VM (25.51-b03 mixed mode windows-amd64 compressed oops)
# Problematic frame:
# C  [Leap.dll+0x7142]
#
# Failed to write core dump. Minidumps are not enabled by default on client versions of Windows
#
# If you would like to submit a bug report, please visit:
#   http://bugreport.java.com/bugreport/crash.jsp
# The crash happened outside the Java Virtual Machine in native code.
# See problematic frame for where to report the bug.
#

---------------  T H R E A D  ---------------

Current thread (0x000000000aea8000):  JavaThread "Thread-5" daemon [_thread_in_native, id=1020, stack(0x000000001f8b0000,0x000000001f9b0000)]

siginfo: ExceptionCode=0xc0000005, reading address 0x0000000000000010

Registers:
RAX=0x0000000000000000, RBX=0x000000001f9ae208, RCX=0x0000000000000008, RDX=0x000000001f9ae208
RSP=0x000000001f9ae180, RBP=0x0000000000000000, RSI=0x00000000004b62f0, RDI=0x00000000004b6290
R8 =0x00000000004b62e0, R9 =0x00000000004b62f0, R10=0x0000000000000000, R11=0x000000001f9ae250
R12=0x0000000000000000, R13=0x000000000be4bf50, R14=0x00000000004b6290, R15=0x0000000000000000
RIP=0x000007fed9bf7142, EFLAGS=0x0000000000010246

Top of Stack: (sp=0x000000001f9ae180)
0x000000001f9ae180:   0000000000000018 0000000000000000
0x000000001f9ae190:   000000000aea8000 000000001f9ae458
0x000000001f9ae1a0:   000000000be4bf50 0000000000000000
0x000000001f9ae1b0:   0000000000000010 0000000000000000
0x000000001f9ae1c0:   0000000000000000 000007fed9c1b4b0
0x000000001f9ae1d0:   0000000000000002 0000000000000010
0x000000001f9ae1e0:   0000000000000000 000007fef38dae54
0x000000001f9ae1f0:   fffffffffffffffe 000007fef3936967
0x000000001f9ae200:   00000000004b6290 0000000000000000
0x000000001f9ae210:   0000000000000000 000000001f9ae278
0x000000001f9ae220:   000000000aea8000 000000001f9ae458
0x000000001f9ae230:   00000000004b6290 0000000000000000
0x000000001f9ae240:   00000000004ad578 000007fed9c1c30a
0x000000001f9ae250:   0000000000000000 0000000000000001
0x000000001f9ae260:   00000000004b62f0 000007fef39fcfb4
0x000000001f9ae270:   fffffffffffffffe 0000000000000000 

Instructions: (pc=0x000007fed9bf7142)
0x000007fed9bf7122:   00 cc cc cc cc cc cc cc cc cc cc cc cc cc 40 53
0x000007fed9bf7132:   48 83 ec 40 33 c0 48 8b da 48 89 02 48 89 42 08
0x000007fed9bf7142:   4c 8b 41 08 48 8b 11 89 44 24 20 4d 85 c0 74 34
0x000007fed9bf7152:   41 8b 40 08 85 c0 74 2c 66 0f 1f 44 00 00 8d 48 


Register to memory mapping:

RAX=0x0000000000000000 is an unknown value
RBX=0x000000001f9ae208 is pointing into the stack for thread: 0x000000000aea8000
RCX=0x0000000000000008 is an unknown value
RDX=0x000000001f9ae208 is pointing into the stack for thread: 0x000000000aea8000
RSP=0x000000001f9ae180 is pointing into the stack for thread: 0x000000000aea8000
RBP=0x0000000000000000 is an unknown value
RSI=0x00000000004b62f0 is an unknown value
RDI=0x00000000004b6290 is an unknown value
R8 =0x00000000004b62e0 is an unknown value
R9 =0x00000000004b62f0 is an unknown value
R10=0x0000000000000000 is an unknown value
R11=0x000000001f9ae250 is pointing into the stack for thread: 0x000000000aea8000
R12=0x0000000000000000 is an unknown value
R13={method} {0x000000000be4bf58} 'Controller_frame__SWIG_1' '(JLcom/leapmotion/leap/Controller;)J' in 'com/leapmotion/leap/LeapJNI'
R14=0x00000000004b6290 is an unknown value
R15=0x0000000000000000 is an unknown value


Stack: [0x000000001f8b0000,0x000000001f9b0000],  sp=0x000000001f9ae180,  free space=1016k
Native frames: (J=compiled Java code, j=interpreted, Vv=VM code, C=native code)

Java frames: (J=compiled Java code, j=interpreted, Vv=VM code)
j  com.leapmotion.leap.LeapJNI.Controller_frame__SWIG_1(JLcom/leapmotion/leap/Controller;)J+0
j  com.leapmotion.leap.Controller.frame()Lcom/leapmotion/leap/Frame;+9
j  gui.GUI$2$1.call()Ljava/lang/Void;+20
j  gui.GUI$2$1.call()Ljava/lang/Object;+1
j  javafx.concurrent.Task$TaskCallable.call()Ljava/lang/Object;+26
j  java.util.concurrent.FutureTask.run()V+42
j  javafx.concurrent.Service.lambda$null$488(Ljavafx/concurrent/Task;)Ljava/lang/Void;+1
j  javafx.concurrent.Service$$Lambda$70.run()Ljava/lang/Object;+4
v  ~StubRoutines::call_stub
j  java.security.AccessController.doPrivileged(Ljava/security/PrivilegedAction;Ljava/security/AccessControlContext;)Ljava/lang/Object;+0
j  javafx.concurrent.Service.lambda$executeTask$489(Ljavafx/concurrent/Task;Ljava/security/AccessControlContext;)V+7
j  javafx.concurrent.Service$$Lambda$68.run()V+8
j  java.util.concurrent.ThreadPoolExecutor.runWorker(Ljava/util/concurrent/ThreadPoolExecutor$Worker;)V+95
j  java.util.concurrent.ThreadPoolExecutor$Worker.run()V+5
j  java.lang.Thread.run()V+11
v  ~StubRoutines::call_stub

---------------  P R O C E S S  ---------------

Java Threads: ( => current thread )
  0x000000001ee0f800 JavaThread "Thread-8" daemon [_thread_blocked, id=32672, stack(0x000000001f9d0000,0x000000001fad0000)]
  0x000000000ae50800 JavaThread "Thread-7" daemon [_thread_blocked, id=4260, stack(0x000000001fb40000,0x000000001fc40000)]
  0x000000001ea41000 JavaThread "Thread-6" daemon [_thread_in_Java, id=33400, stack(0x000000000e910000,0x000000000ea10000)]
=>0x000000000aea8000 JavaThread "Thread-5" daemon [_thread_in_native, id=1020, stack(0x000000001f8b0000,0x000000001f9b0000)]
  0x000000000ade7800 JavaThread "Thread-4" daemon [_thread_in_native, id=660, stack(0x000000000e1b0000,0x000000000e2b0000)]
  0x000000000add2000 JavaThread "JavaFX Application Thread" [_thread_in_Java, id=33744, stack(0x000000000c800000,0x000000000c900000)]
  0x000000000ac74800 JavaThread "Thread-3" daemon [_thread_blocked, id=30664, stack(0x000000000c5e0000,0x000000000c6e0000)]
  0x000000000ac72800 JavaThread "QuantumRenderer-0" daemon [_thread_blocked, id=32956, stack(0x000000000c050000,0x000000000c150000)]
  0x000000000ac47000 JavaThread "JavaFX-Launcher" [_thread_blocked, id=33144, stack(0x000000000bc60000,0x000000000bd60000)]
  0x000000000ab37800 JavaThread "pool-1-thread-1" daemon [_thread_blocked, id=3784, stack(0x000000000b610000,0x000000000b710000)]
  0x000000000ab26000 JavaThread "cluster-ClusterId{value='57469ab7cb8e863f2065f4d1', description='null'}-127.0.0.1:27017" daemon [_thread_blocked, id=32700, stack(0x000000000b460000,0x000000000b560000)]
  0x00000000095be000 JavaThread "Monitor Ctrl-Break" daemon [_thread_in_native, id=6532, stack(0x000000000a480000,0x000000000a580000)]
  0x00000000094d6800 JavaThread "Service Thread" daemon [_thread_blocked, id=23260, stack(0x000000000a110000,0x000000000a210000)]
  0x000000000944f800 JavaThread "C1 CompilerThread2" daemon [_thread_blocked, id=2120, stack(0x0000000009e80000,0x0000000009f80000)]
  0x000000000944e800 JavaThread "C2 CompilerThread1" daemon [_thread_blocked, id=16532, stack(0x0000000009cb0000,0x0000000009db0000)]
  0x000000000943d800 JavaThread "C2 CompilerThread0" daemon [_thread_in_native, id=3836, stack(0x0000000009840000,0x0000000009940000)]
  0x000000000943d000 JavaThread "Attach Listener" daemon [_thread_blocked, id=696, stack(0x0000000009af0000,0x0000000009bf0000)]
  0x0000000009446800 JavaThread "Signal Dispatcher" daemon [_thread_blocked, id=29272, stack(0x00000000099f0000,0x0000000009af0000)]
  0x000000000812d800 JavaThread "Finalizer" daemon [_thread_blocked, id=8680, stack(0x0000000009320000,0x0000000009420000)]
  0x0000000008127000 JavaThread "Reference Handler" daemon [_thread_blocked, id=32988, stack(0x0000000009120000,0x0000000009220000)]
  0x000000000038f000 JavaThread "main" [_thread_blocked, id=32384, stack(0x00000000022c0000,0x00000000023c0000)]

Other Threads:
  0x000000000811d800 VMThread [stack: 0x0000000009220000,0x0000000009320000] [id=30216]
  0x00000000094d9800 WatcherThread [stack: 0x000000000a330000,0x000000000a430000] [id=30772]

VM state:not at safepoint (normal execution)

VM Mutex/Monitor currently owned by a thread: None

Heap:
 PSYoungGen      total 70656K, used 14941K [0x00000000d6100000, 0x00000000dab00000, 0x0000000100000000)
  eden space 65536K, 22% used [0x00000000d6100000,0x00000000d6f97548,0x00000000da100000)
  from space 5120K, 0% used [0x00000000da600000,0x00000000da600000,0x00000000dab00000)
  to   space 5120K, 0% used [0x00000000da100000,0x00000000da100000,0x00000000da600000)
 ParOldGen       total 60416K, used 12092K [0x0000000082200000, 0x0000000085d00000, 0x00000000d6100000)
  object space 60416K, 20% used [0x0000000082200000,0x0000000082dcf330,0x0000000085d00000)
 Metaspace       used 22487K, capacity 23126K, committed 23424K, reserved 1069056K
  class space    used 2955K, capacity 3108K, committed 3200K, reserved 1048576K

Card table byte_map: [0x0000000002780000,0x0000000002b70000] byte_map_base: 0x000000000236f000

Marking Bits: (ParMarkBitMap*) 0x0000000057bd4040
 Begin Bits: [0x00000000034b0000, 0x0000000005428000)
 End Bits:   [0x0000000005428000, 0x00000000073a0000)

Polling page: 0x0000000000370000

CodeCache: size=245760Kb used=6568Kb max_used=6579Kb free=239191Kb
 bounds [0x000000000f010000, 0x000000000f690000, 0x000000001e010000]
 total_blobs=2587 nmethods=2006 adapters=493
 compilation: enabled

Compilation events (10 events):
Event: 4.446 Thread 0x000000000944f800 nmethod 1774 0x000000000f5a9f10 code [0x000000000f5aa080, 0x000000000f5aa2f0]
Event: 4.446 Thread 0x000000000944f800 1775       3       java.lang.reflect.Constructor::copy (72 bytes)
Event: 4.447 Thread 0x000000000944f800 nmethod 1775 0x000000000f5b4350 code [0x000000000f5b44e0, 0x000000000f5b4838]
Event: 4.447 Thread 0x000000000944f800 1777       3       com.sun.org.apache.xerces.internal.util.XMLChar::isSpace (22 bytes)
Event: 4.447 Thread 0x000000000944f800 nmethod 1777 0x000000000f5b4950 code [0x000000000f5b4ac0, 0x000000000f5b4cb0]
Event: 4.447 Thread 0x000000000944f800 1776       3       java.lang.reflect.Constructor::<init> (50 bytes)
Event: 4.447 Thread 0x000000000944f800 nmethod 1776 0x000000000f5b4d90 code [0x000000000f5b4f00, 0x000000000f5b5210]
Event: 4.450 Thread 0x000000000944f800 1778       3       java.util.jar.JarFile::getManifest (5 bytes)
Event: 4.450 Thread 0x000000000944f800 nmethod 1778 0x000000000f5b5390 code [0x000000000f5b5500, 0x000000000f5b5688]
Event: 4.456 Thread 0x000000000944e800 nmethod 1762 0x000000000f5b9890 code [0x000000000f5b9a60, 0x000000000f5bafb0]

GC Heap History (10 events):
Event: 2.434 GC heap before
{Heap before GC invocations=1 (full 0):
 PSYoungGen      total 37888K, used 32768K [0x00000000d6100000, 0x00000000d8b00000, 0x0000000100000000)
  eden space 32768K, 100% used [0x00000000d6100000,0x00000000d8100000,0x00000000d8100000)
  from space 5120K, 0% used [0x00000000d8600000,0x00000000d8600000,0x00000000d8b00000)
  to   space 5120K, 0% used [0x00000000d8100000,0x00000000d8100000,0x00000000d8600000)
 ParOldGen       total 86016K, used 0K [0x0000000082200000, 0x0000000087600000, 0x00000000d6100000)
  object space 86016K, 0% used [0x0000000082200000,0x0000000082200000,0x0000000087600000)
 Metaspace       used 13137K, capacity 13298K, committed 13440K, reserved 1060864K
  class space    used 1541K, capacity 1601K, committed 1664K, reserved 1048576K
Event: 2.445 GC heap after
Heap after GC invocations=1 (full 0):
 PSYoungGen      total 37888K, used 5118K [0x00000000d6100000, 0x00000000d8b00000, 0x0000000100000000)
  eden space 32768K, 0% used [0x00000000d6100000,0x00000000d6100000,0x00000000d8100000)
  from space 5120K, 99% used [0x00000000d8100000,0x00000000d85ff910,0x00000000d8600000)
  to   space 5120K, 0% used [0x00000000d8600000,0x00000000d8600000,0x00000000d8b00000)
 ParOldGen       total 86016K, used 1683K [0x0000000082200000, 0x0000000087600000, 0x00000000d6100000)
  object space 86016K, 1% used [0x0000000082200000,0x00000000823a4d50,0x0000000087600000)
 Metaspace       used 13137K, capacity 13298K, committed 13440K, reserved 1060864K
  class space    used 1541K, capacity 1601K, committed 1664K, reserved 1048576K
}
Event: 3.681 GC heap before
{Heap before GC invocations=2 (full 0):
 PSYoungGen      total 37888K, used 37886K [0x00000000d6100000, 0x00000000d8b00000, 0x0000000100000000)
  eden space 32768K, 100% used [0x00000000d6100000,0x00000000d8100000,0x00000000d8100000)
  from space 5120K, 99% used [0x00000000d8100000,0x00000000d85ff910,0x00000000d8600000)
  to   space 5120K, 0% used [0x00000000d8600000,0x00000000d8600000,0x00000000d8b00000)
 ParOldGen       total 86016K, used 1683K [0x0000000082200000, 0x0000000087600000, 0x00000000d6100000)
  object space 86016K, 1% used [0x0000000082200000,0x00000000823a4d50,0x0000000087600000)
 Metaspace       used 16932K, capacity 17312K, committed 17536K, reserved 1064960K
  class space    used 2038K, capacity 2128K, committed 2176K, reserved 1048576K
Event: 3.740 GC heap after
Heap after GC invocations=2 (full 0):
 PSYoungGen      total 37888K, used 5092K [0x00000000d6100000, 0x00000000dab00000, 0x0000000100000000)
  eden space 32768K, 0% used [0x00000000d6100000,0x00000000d6100000,0x00000000d8100000)
  from space 5120K, 99% used [0x00000000d8600000,0x00000000d8af93e0,0x00000000d8b00000)
  to   space 5120K, 0% used [0x00000000d8100000,0x00000000d8100000,0x00000000d8600000)
 ParOldGen       total 86016K, used 6597K [0x0000000082200000, 0x0000000087600000, 0x00000000d6100000)
  object space 86016K, 7% used [0x0000000082200000,0x00000000828714a8,0x0000000087600000)
 Metaspace       used 16932K, capacity 17312K, committed 17536K, reserved 1064960K
  class space    used 2038K, capacity 2128K, committed 2176K, reserved 1048576K
}
Event: 4.261 GC heap before
{Heap before GC invocations=3 (full 0):
 PSYoungGen      total 37888K, used 37860K [0x00000000d6100000, 0x00000000dab00000, 0x0000000100000000)
  eden space 32768K, 100% used [0x00000000d6100000,0x00000000d8100000,0x00000000d8100000)
  from space 5120K, 99% used [0x00000000d8600000,0x00000000d8af93e0,0x00000000d8b00000)
  to   space 5120K, 0% used [0x00000000d8100000,0x00000000d8100000,0x00000000d8600000)
 ParOldGen       total 86016K, used 6597K [0x0000000082200000, 0x0000000087600000, 0x00000000d6100000)
  object space 86016K, 7% used [0x0000000082200000,0x00000000828714a8,0x0000000087600000)
 Metaspace       used 20306K, capacity 20836K, committed 20864K, reserved 1067008K
  class space    used 2534K, capacity 2679K, committed 2688K, reserved 1048576K
Event: 4.277 GC heap after
Heap after GC invocations=3 (full 0):
 PSYoungGen      total 37888K, used 5119K [0x00000000d6100000, 0x00000000dab00000, 0x0000000100000000)
  eden space 32768K, 0% used [0x00000000d6100000,0x00000000d6100000,0x00000000d8100000)
  from space 5120K, 99% used [0x00000000d8100000,0x00000000d85fffc8,0x00000000d8600000)
  to   space 5120K, 0% used [0x00000000da600000,0x00000000da600000,0x00000000dab00000)
 ParOldGen       total 86016K, used 11629K [0x0000000082200000, 0x0000000087600000, 0x00000000d6100000)
  object space 86016K, 13% used [0x0000000082200000,0x0000000082d5b798,0x0000000087600000)
 Metaspace       used 20306K, capacity 20836K, committed 20864K, reserved 1067008K
  class space    used 2534K, capacity 2679K, committed 2688K, reserved 1048576K
}
Event: 4.328 GC heap before
{Heap before GC invocations=4 (full 0):
 PSYoungGen      total 37888K, used 7956K [0x00000000d6100000, 0x00000000dab00000, 0x0000000100000000)
  eden space 32768K, 8% used [0x00000000d6100000,0x00000000d63c5300,0x00000000d8100000)
  from space 5120K, 99% used [0x00000000d8100000,0x00000000d85fffc8,0x00000000d8600000)
  to   space 5120K, 0% used [0x00000000da600000,0x00000000da600000,0x00000000dab00000)
 ParOldGen       total 86016K, used 11629K [0x0000000082200000, 0x0000000087600000, 0x00000000d6100000)
  object space 86016K, 13% used [0x0000000082200000,0x0000000082d5b798,0x0000000087600000)
 Metaspace       used 20621K, capacity 21134K, committed 21248K, reserved 1067008K
  class space    used 2575K, capacity 2714K, committed 2816K, reserved 1048576K
Event: 4.337 GC heap after
Heap after GC invocations=4 (full 0):
 PSYoungGen      total 70656K, used 5119K [0x00000000d6100000, 0x00000000dab00000, 0x0000000100000000)
  eden space 65536K, 0% used [0x00000000d6100000,0x00000000d6100000,0x00000000da100000)
  from space 5120K, 99% used [0x00000000da600000,0x00000000daafffc8,0x00000000dab00000)
  to   space 5120K, 0% used [0x00000000da100000,0x00000000da100000,0x00000000da600000)
 ParOldGen       total 86016K, used 12325K [0x0000000082200000, 0x0000000087600000, 0x00000000d6100000)
  object space 86016K, 14% used [0x0000000082200000,0x0000000082e097a8,0x0000000087600000)
 Metaspace       used 20621K, capacity 21134K, committed 21248K, reserved 1067008K
  class space    used 2575K, capacity 2714K, committed 2816K, reserved 1048576K
}
Event: 4.337 GC heap before
{Heap before GC invocations=5 (full 1):
 PSYoungGen      total 70656K, used 5119K [0x00000000d6100000, 0x00000000dab00000, 0x0000000100000000)
  eden space 65536K, 0% used [0x00000000d6100000,0x00000000d6100000,0x00000000da100000)
  from space 5120K, 99% used [0x00000000da600000,0x00000000daafffc8,0x00000000dab00000)
  to   space 5120K, 0% used [0x00000000da100000,0x00000000da100000,0x00000000da600000)
 ParOldGen       total 86016K, used 12325K [0x0000000082200000, 0x0000000087600000, 0x00000000d6100000)
  object space 86016K, 14% used [0x0000000082200000,0x0000000082e097a8,0x0000000087600000)
 Metaspace       used 20621K, capacity 21134K, committed 21248K, reserved 1067008K
  class space    used 2575K, capacity 2714K, committed 2816K, reserved 1048576K
Event: 4.408 GC heap after
Heap after GC invocations=5 (full 1):
 PSYoungGen      total 70656K, used 0K [0x00000000d6100000, 0x00000000dab00000, 0x0000000100000000)
  eden space 65536K, 0% used [0x00000000d6100000,0x00000000d6100000,0x00000000da100000)
  from space 5120K, 0% used [0x00000000da600000,0x00000000da600000,0x00000000dab00000)
  to   space 5120K, 0% used [0x00000000da100000,0x00000000da100000,0x00000000da600000)
 ParOldGen       total 60416K, used 12092K [0x0000000082200000, 0x0000000085d00000, 0x00000000d6100000)
  object space 60416K, 20% used [0x0000000082200000,0x0000000082dcf330,0x0000000085d00000)
 Metaspace       used 20621K, capacity 21134K, committed 21248K, reserved 1067008K
  class space    used 2575K, capacity 2714K, committed 2816K, reserved 1048576K
}

Deoptimization events (10 events):
Event: 3.653 Thread 0x000000000add2000 Uncommon trap: reason=unstable_if action=reinterpret pc=0x000000000f48038c method=sun.nio.cs.UTF_8$Decoder.decodeArrayLoop(Ljava/nio/ByteBuffer;Ljava/nio/CharBuffer;)Ljava/nio/charset/CoderResult; @ 84
Event: 4.145 Thread 0x000000000add2000 Uncommon trap: reason=unstable_if action=reinterpret pc=0x000000000f50fd20 method=javafx.beans.property.ObjectPropertyBase.get()Ljava/lang/Object; @ 9
Event: 4.149 Thread 0x000000001ea41000 Uncommon trap: reason=unstable_if action=reinterpret pc=0x000000000f4774e0 method=java.lang.reflect.Constructor.newInstance([Ljava/lang/Object;)Ljava/lang/Object; @ 4
Event: 4.200 Thread 0x000000000add2000 Uncommon trap: reason=unstable_if action=reinterpret pc=0x000000000f4ca98c method=sun.nio.cs.UTF_8$Decoder.xflow(Ljava/nio/Buffer;IILjava/nio/Buffer;II)Ljava/nio/charset/CoderResult; @ 10
Event: 4.200 Thread 0x000000000add2000 Uncommon trap: reason=unstable_if action=reinterpret pc=0x000000000f48e480 method=java.nio.charset.CoderResult.isOverflow()Z @ 5
Event: 4.234 Thread 0x000000000add2000 Uncommon trap: reason=unstable_if action=reinterpret pc=0x000000000f1b1db0 method=java.lang.String.indexOf([CII[CIII)I @ 134
Event: 4.303 Thread 0x000000000add2000 Uncommon trap: reason=unstable_if action=reinterpret pc=0x000000000f3bc600 method=java.util.HashMap.putVal(ILjava/lang/Object;Ljava/lang/Object;ZZ)Ljava/lang/Object; @ 162
Event: 4.303 Thread 0x000000000add2000 Uncommon trap: reason=unstable_if action=reinterpret pc=0x000000000f3c1004 method=java.util.HashMap.putVal(ILjava/lang/Object;Ljava/lang/Object;ZZ)Ljava/lang/Object; @ 162
Event: 4.303 Thread 0x000000000add2000 Uncommon trap: reason=unstable_if action=reinterpret pc=0x000000000f421610 method=java.util.HashMap.getNode(ILjava/lang/Object;)Ljava/util/HashMap$Node; @ 84
Event: 4.303 Thread 0x000000000add2000 Uncommon trap: reason=unstable_if action=reinterpret pc=0x000000000f3fc15c method=java.util.HashMap.getNode(ILjava/lang/Object;)Ljava/util/HashMap$Node; @ 84

Internal exceptions (10 events):
Event: 1.560 Thread 0x000000000038f000 Exception <a 'java/lang/ArrayIndexOutOfBoundsException'> (0x00000000d6dac718) thrown at [C:\re\workspace\8-2-build-windows-amd64-cygwin\jdk8u51\3951\hotspot\src\share\vm\runtime\sharedRuntime.cpp, line 605]
Event: 1.624 Thread 0x000000000038f000 Implicit null exception at 0x000000000f228a56 to 0x000000000f228d95
Event: 2.360 Thread 0x000000000038f000 Exception <a 'java/lang/NoSuchFieldError': method resolution failed> (0x00000000d8066760) thrown at [C:\re\workspace\8-2-build-windows-amd64-cygwin\jdk8u51\3951\hotspot\src\share\vm\prims\methodHandles.cpp, line 1125]
Event: 2.385 Thread 0x000000000038f000 Exception <a 'java/lang/NoSuchFieldError': method resolution failed> (0x00000000d8074da0) thrown at [C:\re\workspace\8-2-build-windows-amd64-cygwin\jdk8u51\3951\hotspot\src\share\vm\prims\methodHandles.cpp, line 1125]
Event: 2.447 Thread 0x000000000ac47000 Exception <a 'java/lang/NullPointerException'> (0x00000000d6109050) thrown at [C:\re\workspace\8-2-build-windows-amd64-cygwin\jdk8u51\3951\hotspot\src\share\vm\interpreter\linkResolver.cpp, line 1178]
Event: 3.300 Thread 0x000000000add2000 Exception <a 'java/lang/ArrayIndexOutOfBoundsException': 75> (0x00000000d71dacb0) thrown at [C:\re\workspace\8-2-build-windows-amd64-cygwin\jdk8u51\3951\hotspot\src\share\vm\interpreter\interpreterRuntime.cpp, line 366]
Event: 3.300 Thread 0x000000000add2000 Exception <a 'java/lang/ArrayIndexOutOfBoundsException': 65> (0x00000000d71dbef8) thrown at [C:\re\workspace\8-2-build-windows-amd64-cygwin\jdk8u51\3951\hotspot\src\share\vm\interpreter\interpreterRuntime.cpp, line 366]
Event: 3.300 Thread 0x000000000add2000 Exception <a 'java/lang/ArrayIndexOutOfBoundsException': 58> (0x00000000d71dd238) thrown at [C:\re\workspace\8-2-build-windows-amd64-cygwin\jdk8u51\3951\hotspot\src\share\vm\interpreter\interpreterRuntime.cpp, line 366]
Event: 4.028 Thread 0x000000000add2000 Exception <a 'java/lang/NullPointerException'> (0x00000000d7a681d8) thrown at [C:\re\workspace\8-2-build-windows-amd64-cygwin\jdk8u51\3951\hotspot\src\share\vm\interpreter\linkResolver.cpp, line 1178]
Event: 4.028 Thread 0x000000000add2000 Exception <a 'java/lang/NullPointerException'> (0x00000000d7a681d8) thrown at [C:\re\workspace\8-2-build-windows-amd64-cygwin\jdk8u51\3951\hotspot\src\share\vm\prims\jvm.cpp, line 1386]

Events (10 events):
Event: 4.457 loading class javafx/beans/property/IntegerProperty$2
Event: 4.457 loading class javafx/beans/property/IntegerProperty$2 done
Event: 4.457 loading class javafx/beans/property/IntegerProperty$1
Event: 4.457 loading class javafx/beans/property/IntegerProperty$1 done
Event: 4.458 loading class javafx/beans/property/ReadOnlyIntegerWrapper$ReadOnlyPropertyImpl
Event: 4.458 loading class javafx/beans/property/ReadOnlyIntegerWrapper$ReadOnlyPropertyImpl done
Event: 4.459 loading class javafx/collections/ListChangeListener$Change
Event: 4.459 loading class javafx/collections/ListChangeListener$Change done
Event: 4.459 loading class javafx/collections/ListChangeListener$Change
Event: 4.459 loading class javafx/collections/ListChangeListener$Change done


Dynamic libraries:
0x000000013f050000 - 0x000000013f087000 	C:\Program Files\Java\jdk1.8.0_51\bin\java.exe
0x00000000773c0000 - 0x0000000077569000 	C:\Windows\SYSTEM32\ntdll.dll
0x000007fef6ae0000 - 0x000007fef6b13000 	C:\Program Files (x86)\AVG\Av\avghooka.dll
0x0000000076dc0000 - 0x0000000076edf000 	C:\Windows\system32\kernel32.dll
0x000007fefc740000 - 0x000007fefc7ab000 	C:\Windows\system32\KERNELBASE.dll
0x000007fefe1f0000 - 0x000007fefe2cb000 	C:\Windows\system32\ADVAPI32.dll
0x000007fefd930000 - 0x000007fefd9cf000 	C:\Windows\system32\msvcrt.dll
0x000007fefe2d0000 - 0x000007fefe2ef000 	C:\Windows\SYSTEM32\sechost.dll
0x000007fefd9d0000 - 0x000007fefdafd000 	C:\Windows\system32\RPCRT4.dll
0x0000000076cc0000 - 0x0000000076dba000 	C:\Windows\system32\USER32.dll
0x000007fefe080000 - 0x000007fefe0e7000 	C:\Windows\system32\GDI32.dll
0x000007fefe0f0000 - 0x000007fefe0fe000 	C:\Windows\system32\LPK.dll
0x000007fefe100000 - 0x000007fefe1c9000 	C:\Windows\system32\USP10.dll
0x000007fefb430000 - 0x000007fefb624000 	C:\Windows\WinSxS\amd64_microsoft.windows.common-controls_6595b64144ccf1df_6.0.7601.17514_none_fa396087175ac9ac\COMCTL32.dll
0x000007fefc8b0000 - 0x000007fefc921000 	C:\Windows\system32\SHLWAPI.dll
0x000007fefd900000 - 0x000007fefd92e000 	C:\Windows\system32\IMM32.DLL
0x000007fefdb50000 - 0x000007fefdc59000 	C:\Windows\system32\MSCTF.dll
0x000007fefc4b0000 - 0x000007fefc4df000 	C:\Windows\system32\nvinitx.dll
0x000000000f000000 - 0x000000000f006000 	C:\Program Files\NVIDIA Corporation\CoProcManager\_etoured.dll
0x000007fef8f80000 - 0x000007fef8fdf000 	C:\Program Files\NVIDIA Corporation\CoProcManager\nvd3d9wrapx.dll
0x000007fefc990000 - 0x000007fefcb67000 	C:\Windows\system32\SETUPAPI.dll
0x000007fefc700000 - 0x000007fefc736000 	C:\Windows\system32\CFGMGR32.dll
0x000007fefdf90000 - 0x000007fefe067000 	C:\Windows\system32\OLEAUT32.dll
0x000007fefdce0000 - 0x000007fefdee3000 	C:\Windows\system32\ole32.dll
0x000007fefc7b0000 - 0x000007fefc7ca000 	C:\Windows\system32\DEVOBJ.dll
0x000007fef85f0000 - 0x000007fef8636000 	C:\Program Files\NVIDIA Corporation\CoProcManager\nvdxgiwrapx.dll
0x000000006c7d0000 - 0x000000006c8a2000 	C:\Program Files\Java\jdk1.8.0_51\jre\bin\msvcr100.dll
0x00000000573d0000 - 0x0000000057c53000 	C:\Program Files\Java\jdk1.8.0_51\jre\bin\server\jvm.dll
0x000007fef80a0000 - 0x000007fef80a9000 	C:\Windows\system32\WSOCK32.dll
0x000007fefdb00000 - 0x000007fefdb4d000 	C:\Windows\system32\WS2_32.dll
0x000007fefe070000 - 0x000007fefe078000 	C:\Windows\system32\NSI.dll
0x000007fefa1e0000 - 0x000007fefa21b000 	C:\Windows\system32\WINMM.dll
0x000007fefb2b0000 - 0x000007fefb2bc000 	C:\Windows\system32\VERSION.dll
0x0000000077580000 - 0x0000000077587000 	C:\Windows\system32\PSAPI.DLL
0x0000000073580000 - 0x000000007358f000 	C:\Program Files\Java\jdk1.8.0_51\jre\bin\verify.dll
0x0000000070800000 - 0x0000000070829000 	C:\Program Files\Java\jdk1.8.0_51\jre\bin\java.dll
0x00000000707e0000 - 0x00000000707f6000 	C:\Program Files\Java\jdk1.8.0_51\jre\bin\zip.dll
0x000007fefcb70000 - 0x000007fefd8f8000 	C:\Windows\system32\SHELL32.dll
0x000007fefc4e0000 - 0x000007fefc4ef000 	C:\Windows\system32\profapi.dll
0x000007feff330000 - 0x000007feff340000 	C:\Program Files (x86)\JetBrains\IntelliJ IDEA Community Edition 2016.1.2\bin\breakgen64.dll
0x00000000722d0000 - 0x00000000722ea000 	C:\Program Files\Java\jdk1.8.0_51\jre\bin\net.dll
0x000007fefbcc0000 - 0x000007fefbd15000 	C:\Windows\system32\mswsock.dll
0x000007fefbcb0000 - 0x000007fefbcb7000 	C:\Windows\System32\wship6.dll
0x000007fefbd20000 - 0x000007fefbd37000 	C:\Windows\system32\CRYPTSP.dll
0x000007fefb9e0000 - 0x000007fefba27000 	C:\Windows\system32\rsaenh.dll
0x000007fefb7a0000 - 0x000007fefb7be000 	C:\Windows\system32\USERENV.dll
0x000007fefc380000 - 0x000007fefc38f000 	C:\Windows\system32\CRYPTBASE.dll
0x000007fef9b10000 - 0x000007fef9b37000 	C:\Windows\system32\IPHLPAPI.DLL
0x000007fef9a90000 - 0x000007fef9a9b000 	C:\Windows\system32\WINNSI.DLL
0x000007fef9850000 - 0x000007fef9868000 	C:\Windows\system32\dhcpcsvc.DLL
0x000007fef99d0000 - 0x000007fef99e1000 	C:\Windows\system32\dhcpcsvc6.DLL
0x00000000707c0000 - 0x00000000707d1000 	C:\Program Files\Java\jdk1.8.0_51\jre\bin\nio.dll
0x0000000072d00000 - 0x0000000072d0d000 	C:\Program Files\Java\jdk1.8.0_51\jre\bin\management.dll
0x000007fefa0c0000 - 0x000007fefa0d5000 	C:\Windows\system32\NLAapi.dll
0x000007fef11e0000 - 0x000007fef11f5000 	C:\Windows\system32\napinsp.dll
0x000007fef11a0000 - 0x000007fef11b9000 	C:\Windows\system32\pnrpnsp.dll
0x000007fefba60000 - 0x000007fefbabb000 	C:\Windows\system32\DNSAPI.dll
0x000007fef2ab0000 - 0x000007fef2abb000 	C:\Windows\System32\winrnr.dll
0x000007fef1190000 - 0x000007fef11a0000 	C:\Windows\system32\wshbth.dll
0x0000000070920000 - 0x0000000070946000 	C:\Program Files\Bonjour\mdnsNSP.dll
0x000007fefb730000 - 0x000007fefb737000 	C:\Windows\System32\wshtcpip.dll
0x000007fef64d0000 - 0x000007fef64d8000 	C:\Windows\system32\rasadhlp.dll
0x000007fef9a30000 - 0x000007fef9a83000 	C:\Windows\System32\fwpuclnt.dll
0x000000006c9c0000 - 0x000000006c9ec000 	C:\Program Files\Java\jdk1.8.0_51\jre\bin\prism_d3d.dll
0x000007fef0e00000 - 0x000007fef0fff000 	C:\Windows\system32\d3d9.dll
0x000007fef0de0000 - 0x000007fef0de7000 	C:\Windows\system32\d3d8thk.dll
0x000007fefa750000 - 0x000007fefa768000 	C:\Windows\system32\dwmapi.dll
0x000007fefade0000 - 0x000007fefae36000 	C:\Windows\system32\uxtheme.dll
0x000007fef83e0000 - 0x000007fef854b000 	C:\Windows\system32\nvumdshimx.dll
0x000007fed6ad0000 - 0x000007fed76ef000 	C:\Windows\system32\igdumd64.dll
0x000000006c320000 - 0x000000006c361000 	C:\Program Files\Java\jdk1.8.0_51\jre\bin\glass.dll
0x000007fefe2f0000 - 0x000007fefe387000 	C:\Windows\system32\COMDLG32.dll
0x000007feff160000 - 0x000007feff19e000 	C:\Users\User\git\SLT\out\production\SLT\lib\x64\LeapJava.dll
0x000007fef39c0000 - 0x000007fef3a66000 	C:\Windows\system32\MSVCP120.dll
0x000007fef38d0000 - 0x000007fef39bf000 	C:\Windows\system32\MSVCR120.dll
0x000007fed9bf0000 - 0x000007fed9e4e000 	C:\Users\User\git\SLT\out\production\SLT\lib\x64\Leap.dll
0x000007fefa1b0000 - 0x000007fefa1dd000 	C:\Windows\system32\ntmarta.dll
0x000007fefc930000 - 0x000007fefc982000 	C:\Windows\system32\WLDAP32.dll
0x000000006c7b0000 - 0x000000006c7c5000 	C:\Program Files\Java\jdk1.8.0_51\jre\bin\javafx_font.dll
0x000007fef3690000 - 0x000007fef37b5000 	C:\Windows\system32\dbghelp.dll
0x000007fedf3a0000 - 0x000007fedf51e000 	C:\Windows\system32\dwrite.dll

VM Arguments:
jvm_args: -Djava.library.path=C:\Users\User\git\SLT\out\production\SLT\lib\x64 -Didea.launcher.port=7534 -Didea.launcher.bin.path=C:\Program Files (x86)\JetBrains\IntelliJ IDEA Community Edition 2016.1.2\bin -Dfile.encoding=UTF-8 
java_command: com.intellij.rt.execution.application.AppMain gui.GUI
java_class_path (initial): C:\Program Files\Java\jdk1.8.0_51\jre\lib\charsets.jar;C:\Program Files\Java\jdk1.8.0_51\jre\lib\deploy.jar;C:\Program Files\Java\jdk1.8.0_51\jre\lib\ext\access-bridge-64.jar;C:\Program Files\Java\jdk1.8.0_51\jre\lib\ext\cldrdata.jar;C:\Program Files\Java\jdk1.8.0_51\jre\lib\ext\dnsns.jar;C:\Program Files\Java\jdk1.8.0_51\jre\lib\ext\jaccess.jar;C:\Program Files\Java\jdk1.8.0_51\jre\lib\ext\jfxrt.jar;C:\Program Files\Java\jdk1.8.0_51\jre\lib\ext\localedata.jar;C:\Program Files\Java\jdk1.8.0_51\jre\lib\ext\nashorn.jar;C:\Program Files\Java\jdk1.8.0_51\jre\lib\ext\sunec.jar;C:\Program Files\Java\jdk1.8.0_51\jre\lib\ext\sunjce_provider.jar;C:\Program Files\Java\jdk1.8.0_51\jre\lib\ext\sunmscapi.jar;C:\Program Files\Java\jdk1.8.0_51\jre\lib\ext\sunpkcs11.jar;C:\Program Files\Java\jdk1.8.0_51\jre\lib\ext\zipfs.jar;C:\Program Files\Java\jdk1.8.0_51\jre\lib\javaws.jar;C:\Program Files\Java\jdk1.8.0_51\jre\lib\jce.jar;C:\Program Files\Java\jdk1.8.0_51\jre\lib\jfr.jar;C:\Program Files\Java\jdk1.8.0_51\jre\lib\jfxswt.jar;C:\Program Files\Java\jdk1.8.0_51\jre\lib\jsse.jar;C:\Program Files\Java\jdk1.8.0_51\jre\lib\management-agent.jar;C:\Program Files\Java\jdk1.8.0_51\jre\lib\plugin.jar;C:\Program Files\Java\jdk1.8.0_51\jre\lib\resources.jar;C:\Program Files\Java\jdk1.8.0_51\jre\lib\rt.jar;C:\Users\User\git\SLT\out\production\SLT;C:\Users\User\git\SLT\out\production\SLT\lib\LeapJava.jar;C:\Users\User\git\SLT\out\production\SLT\lib\bson4jackson-2.5.0.jar;C:\Users\User\git\SLT\out\production\SLT\lib\jackson-databind-2.6.3.jar;C:\Users\User\git\SLT\out\production\SLT\lib\jackson-annotations-2.6.3.jar;C:\Users\User\git\SLT\out\production\SLT\lib\jackson-core-2.6.3.jar;C:\Users\User\git\SLT\out\production\SLT\lib\mongo-java-driver-3.1.0.jar;C:\Users\User\git\SLT\out\production\SLT\lib\jongo-1.2.jar;C:\Program Files (x86)\JetBrains\IntelliJ IDEA Community Edition 2016.1.2\lib\idea_rt.jar
Launcher Type: SUN_STANDARD

Environment Variables:
CLASSPATH=C:\Users\User\workspace;C:\j3d\lib\ext\j3dcore.jar;C:\j3d\lib\ext\j3dutils.jar;C:\j3d\lib\ext\vecmath.jar
USERNAME=User
OS=Windows_NT
PROCESSOR_IDENTIFIER=Intel64 Family 6 Model 58 Stepping 9, GenuineIntel



---------------  S Y S T E M  ---------------

OS: Windows 7 , 64 bit Build 7601 (6.1.7601.17514)

CPU:total 4 (2 cores per cpu, 2 threads per core) family 6 model 58 stepping 9, cmov, cx8, fxsr, mmx, sse, sse2, sse3, ssse3, sse4.1, sse4.2, popcnt, avx, aes, clmul, erms, ht, tsc, tscinvbit, tscinv

Memory: 4k page, physical 8248712k(1214136k free), swap 16933504k(5648736k free)

vm_info: Java HotSpot(TM) 64-Bit Server VM (25.51-b03) for windows-amd64 JRE (1.8.0_51-b16), built on Jun  8 2015 18:03:07 by "java_re" with MS VC++ 10.0 (VS2010)

time: Thu May 26 14:42:03 2016
elapsed time: 5 seconds (0d 0h 0m 5s)

