#
# A fatal error has been detected by the Java Runtime Environment:
#
#  EXCEPTION_ACCESS_VIOLATION (0xc0000005) at pc=0x000007fed9197142, pid=28072, tid=31888
#
# JRE version: Java(TM) SE Runtime Environment (8.0_51-b16) (build 1.8.0_51-b16)
# Java VM: Java HotSpot(TM) 64-Bit Server VM (25.51-b03 mixed mode windows-amd64 compressed oops)
# Problematic frame:
# C  [Leap.dll+0x7142]
#
# Failed to write core dump. Minidumps are not enabled by default on client versions of Windows
#
# If you would like to submit a bug report, please visit:
#   http://bugreport.java.com/bugreport/crash.jsp
# The crash happened outside the Java Virtual Machine in native code.
# See problematic frame for where to report the bug.
#

---------------  T H R E A D  ---------------

Current thread (0x000000000bc9c800):  JavaThread "Thread-8" daemon [_thread_in_native, id=31888, stack(0x0000000024770000,0x0000000024870000)]

siginfo: ExceptionCode=0xc0000005, reading address 0x0000000000000010

Registers:
RAX=0x0000000000000000, RBX=0x000000002486e2a8, RCX=0x0000000000000008, RDX=0x000000002486e2a8
RSP=0x000000002486e220, RBP=0x0000000000000000, RSI=0x000000001e4c25d0, RDI=0x000000001e4c25b0
R8 =0x000000001e4c25c0, R9 =0x000000001e4c25d0, R10=0x0000000000000000, R11=0x000000002486e2f0
R12=0x0000000000000000, R13=0x000000000cc0c080, R14=0x000000001e4c25b0, R15=0x0000000000000000
RIP=0x000007fed9197142, EFLAGS=0x0000000000010246

Top of Stack: (sp=0x000000002486e220)
0x000000002486e220:   0000000000000018 0000000000000000
0x000000002486e230:   000000000bc9c800 000000002486e4f8
0x000000002486e240:   000000000cc0c080 0000000000000000
0x000000002486e250:   0000000000000010 0000000000000000
0x000000002486e260:   0000000000000000 000007fed91bb4b0
0x000000002486e270:   0000000000000002 0000000000000010
0x000000002486e280:   0000000000000000 000007fef38dae54
0x000000002486e290:   fffffffffffffffe 000007fef3936967
0x000000002486e2a0:   000000001e4c25b0 0000000000000000
0x000000002486e2b0:   0000000000000000 000000002486e318
0x000000002486e2c0:   000000000bc9c800 000000002486e4f8
0x000000002486e2d0:   000000001e4c25b0 0000000000000000
0x000000002486e2e0:   000000000033d7d8 000007fed91bc30a
0x000000002486e2f0:   0000000000000000 0000000000000001
0x000000002486e300:   000000001e4c25d0 000007fef39fcfb4
0x000000002486e310:   fffffffffffffffe 0000000000000000 

Instructions: (pc=0x000007fed9197142)
0x000007fed9197122:   00 cc cc cc cc cc cc cc cc cc cc cc cc cc 40 53
0x000007fed9197132:   48 83 ec 40 33 c0 48 8b da 48 89 02 48 89 42 08
0x000007fed9197142:   4c 8b 41 08 48 8b 11 89 44 24 20 4d 85 c0 74 34
0x000007fed9197152:   41 8b 40 08 85 c0 74 2c 66 0f 1f 44 00 00 8d 48 


Register to memory mapping:

RAX=0x0000000000000000 is an unknown value
RBX=0x000000002486e2a8 is pointing into the stack for thread: 0x000000000bc9c800
RCX=0x0000000000000008 is an unknown value
RDX=0x000000002486e2a8 is pointing into the stack for thread: 0x000000000bc9c800
RSP=0x000000002486e220 is pointing into the stack for thread: 0x000000000bc9c800
RBP=0x0000000000000000 is an unknown value
RSI=0x000000001e4c25d0 is an unknown value
RDI=0x000000001e4c25b0 is an unknown value
R8 =0x000000001e4c25c0 is an unknown value
R9 =0x000000001e4c25d0 is an unknown value
R10=0x0000000000000000 is an unknown value
R11=0x000000002486e2f0 is pointing into the stack for thread: 0x000000000bc9c800
R12=0x0000000000000000 is an unknown value
R13={method} {0x000000000cc0c088} 'Controller_frame__SWIG_1' '(JLcom/leapmotion/leap/Controller;)J' in 'com/leapmotion/leap/LeapJNI'
R14=0x000000001e4c25b0 is an unknown value
R15=0x0000000000000000 is an unknown value


Stack: [0x0000000024770000,0x0000000024870000],  sp=0x000000002486e220,  free space=1016k
Native frames: (J=compiled Java code, j=interpreted, Vv=VM code, C=native code)

Java frames: (J=compiled Java code, j=interpreted, Vv=VM code)
j  com.leapmotion.leap.LeapJNI.Controller_frame__SWIG_1(JLcom/leapmotion/leap/Controller;)J+0
j  com.leapmotion.leap.Controller.frame()Lcom/leapmotion/leap/Frame;+9
j  gui.GUI$4$1.call()Ljava/lang/Void;+20
j  gui.GUI$4$1.call()Ljava/lang/Object;+1
j  javafx.concurrent.Task$TaskCallable.call()Ljava/lang/Object;+26
j  java.util.concurrent.FutureTask.run()V+42
j  javafx.concurrent.Service.lambda$null$488(Ljavafx/concurrent/Task;)Ljava/lang/Void;+1
j  javafx.concurrent.Service$$Lambda$143.run()Ljava/lang/Object;+4
v  ~StubRoutines::call_stub
j  java.security.AccessController.doPrivileged(Ljava/security/PrivilegedAction;Ljava/security/AccessControlContext;)Ljava/lang/Object;+0
j  javafx.concurrent.Service.lambda$executeTask$489(Ljavafx/concurrent/Task;Ljava/security/AccessControlContext;)V+7
j  javafx.concurrent.Service$$Lambda$141.run()V+8
j  java.util.concurrent.ThreadPoolExecutor.runWorker(Ljava/util/concurrent/ThreadPoolExecutor$Worker;)V+95
j  java.util.concurrent.ThreadPoolExecutor$Worker.run()V+5
j  java.lang.Thread.run()V+11
v  ~StubRoutines::call_stub

---------------  P R O C E S S  ---------------

Java Threads: ( => current thread )
  0x000000000bc9d000 JavaThread "Thread-9" daemon [_thread_blocked, id=29552, stack(0x0000000022570000,0x0000000022670000)]
=>0x000000000bc9c800 JavaThread "Thread-8" daemon [_thread_in_native, id=31888, stack(0x0000000024770000,0x0000000024870000)]
  0x000000000bc72800 JavaThread "Thread-7" daemon [_thread_blocked, id=14672, stack(0x0000000024670000,0x0000000024770000)]
  0x000000000bc91800 JavaThread "Thread-6" daemon [_thread_blocked, id=33400, stack(0x0000000024570000,0x0000000024670000)]
  0x000000000bba9000 JavaThread "Prism Font Disposer" daemon [_thread_blocked, id=32880, stack(0x0000000022750000,0x0000000022850000)]
  0x000000000adf9000 JavaThread "Thread-4" daemon [_thread_in_native, id=31816, stack(0x000000001e0b0000,0x000000001e1b0000)]
  0x000000000ade6000 JavaThread "JavaFX Application Thread" [_thread_in_vm, id=32760, stack(0x000000000d250000,0x000000000d350000)]
  0x000000000add2000 JavaThread "Thread-3" daemon [_thread_blocked, id=16220, stack(0x000000000d0a0000,0x000000000d1a0000)]
  0x000000000ada6800 JavaThread "QuantumRenderer-0" daemon [_thread_blocked, id=32716, stack(0x000000000ce30000,0x000000000cf30000)]
  0x000000000ad2b800 JavaThread "JavaFX-Launcher" [_thread_blocked, id=672, stack(0x000000000b510000,0x000000000b610000)]
  0x000000000a9c8800 JavaThread "pool-1-thread-1" daemon [_thread_blocked, id=8872, stack(0x000000000b390000,0x000000000b490000)]
  0x000000000a8bf800 JavaThread "cluster-ClusterId{value='574557a5cb8e866da81b3d5b', description='null'}-127.0.0.1:27017" daemon [_thread_blocked, id=30860, stack(0x000000000b1f0000,0x000000000b2f0000)]
  0x000000000990b800 JavaThread "Monitor Ctrl-Break" daemon [_thread_in_native, id=33364, stack(0x000000000a440000,0x000000000a540000)]
  0x00000000097ea000 JavaThread "Service Thread" daemon [_thread_blocked, id=2008, stack(0x000000000a1f0000,0x000000000a2f0000)]
  0x00000000097bd800 JavaThread "C1 CompilerThread2" daemon [_thread_blocked, id=32424, stack(0x000000000a0e0000,0x000000000a1e0000)]
  0x00000000097bd000 JavaThread "C2 CompilerThread1" daemon [_thread_blocked, id=32624, stack(0x0000000009fe0000,0x000000000a0e0000)]
  0x000000000822d000 JavaThread "C2 CompilerThread0" daemon [_thread_blocked, id=31756, stack(0x0000000009e40000,0x0000000009f40000)]
  0x000000000977b000 JavaThread "Attach Listener" daemon [_thread_blocked, id=32576, stack(0x0000000009bf0000,0x0000000009cf0000)]
  0x0000000009787000 JavaThread "Signal Dispatcher" daemon [_thread_blocked, id=8996, stack(0x0000000009510000,0x0000000009610000)]
  0x00000000081ca800 JavaThread "Finalizer" daemon [_thread_blocked, id=33776, stack(0x0000000009660000,0x0000000009760000)]
  0x00000000081c1800 JavaThread "Reference Handler" daemon [_thread_blocked, id=32320, stack(0x00000000093a0000,0x00000000094a0000)]
  0x00000000021cf000 JavaThread "main" [_thread_blocked, id=31892, stack(0x00000000024c0000,0x00000000025c0000)]

Other Threads:
  0x00000000081bc000 VMThread [stack: 0x0000000009270000,0x0000000009370000] [id=2552]
  0x00000000097ed800 WatcherThread [stack: 0x000000000a340000,0x000000000a440000] [id=648]

VM state:not at safepoint (normal execution)

VM Mutex/Monitor currently owned by a thread: None

Heap:
 PSYoungGen      total 37888K, used 18377K [0x00000000d6100000, 0x00000000dab00000, 0x0000000100000000)
  eden space 32768K, 56% used [0x00000000d6100000,0x00000000d72f2668,0x00000000d8100000)
  from space 5120K, 0% used [0x00000000d8600000,0x00000000d8600000,0x00000000d8b00000)
  to   space 5120K, 0% used [0x00000000d8100000,0x00000000d8100000,0x00000000d8600000)
 ParOldGen       total 56320K, used 5397K [0x0000000082200000, 0x0000000085900000, 0x00000000d6100000)
  object space 56320K, 9% used [0x0000000082200000,0x0000000082745470,0x0000000085900000)
 Metaspace       used 23317K, capacity 24012K, committed 24320K, reserved 1071104K
  class space    used 3125K, capacity 3288K, committed 3328K, reserved 1048576K

Card table byte_map: [0x0000000002980000,0x0000000002d70000] byte_map_base: 0x000000000256f000

Marking Bits: (ParMarkBitMap*) 0x0000000057064040
 Begin Bits: [0x0000000003550000, 0x00000000054c8000)
 End Bits:   [0x00000000054c8000, 0x0000000007440000)

Polling page: 0x0000000000360000

CodeCache: size=245760Kb used=5906Kb max_used=5906Kb free=239853Kb
 bounds [0x000000000f010000, 0x000000000f5e0000, 0x000000001e010000]
 total_blobs=2574 nmethods=1847 adapters=639
 compilation: enabled

Compilation events (10 events):
Event: 3.403 Thread 0x00000000097bd000 1819       4       jdk.internal.org.objectweb.asm.ByteVector::putByte (39 bytes)
Event: 3.405 Thread 0x00000000097bd000 nmethod 1819 0x000000000f5cbb50 code [0x000000000f5cbca0, 0x000000000f5cbdc8]
Event: 3.406 Thread 0x00000000097bd800 1820       3       java.util.concurrent.locks.AbstractQueuedSynchronizer::compareAndSetState (13 bytes)
Event: 3.406 Thread 0x00000000097bd800 nmethod 1820 0x000000000f5cb810 code [0x000000000f5cb960, 0x000000000f5cbad0]
Event: 3.407 Thread 0x00000000097bd800 1821       3       java.lang.invoke.MethodHandleNatives::isCallerSensitive (29 bytes)
Event: 3.407 Thread 0x00000000097bd800 nmethod 1821 0x000000000f5cadd0 code [0x000000000f5caf80, 0x000000000f5cb628]
Event: 3.407 Thread 0x00000000097bd800 1822       3       java.lang.invoke.MethodHandleNatives::canBeCalledVirtual (132 bytes)
Event: 3.408 Thread 0x00000000097bd800 nmethod 1822 0x000000000f5ca050 code [0x000000000f5ca240, 0x000000000f5cab78]
Event: 3.408 Thread 0x00000000097bd800 1823       3       java.lang.invoke.MethodHandles$Lookup::maybeBindCaller (44 bytes)
Event: 3.409 Thread 0x00000000097bd800 nmethod 1823 0x000000000f5c9150 code [0x000000000f5c9320, 0x000000000f5c9c78]

GC Heap History (6 events):
Event: 1.793 GC heap before
{Heap before GC invocations=1 (full 0):
 PSYoungGen      total 37888K, used 32768K [0x00000000d6100000, 0x00000000d8b00000, 0x0000000100000000)
  eden space 32768K, 100% used [0x00000000d6100000,0x00000000d8100000,0x00000000d8100000)
  from space 5120K, 0% used [0x00000000d8600000,0x00000000d8600000,0x00000000d8b00000)
  to   space 5120K, 0% used [0x00000000d8100000,0x00000000d8100000,0x00000000d8600000)
 ParOldGen       total 86016K, used 0K [0x0000000082200000, 0x0000000087600000, 0x00000000d6100000)
  object space 86016K, 0% used [0x0000000082200000,0x0000000082200000,0x0000000087600000)
 Metaspace       used 13138K, capacity 13298K, committed 13440K, reserved 1060864K
  class space    used 1541K, capacity 1601K, committed 1664K, reserved 1048576K
Event: 1.809 GC heap after
Heap after GC invocations=1 (full 0):
 PSYoungGen      total 37888K, used 5089K [0x00000000d6100000, 0x00000000d8b00000, 0x0000000100000000)
  eden space 32768K, 0% used [0x00000000d6100000,0x00000000d6100000,0x00000000d8100000)
  from space 5120K, 99% used [0x00000000d8100000,0x00000000d85f8708,0x00000000d8600000)
  to   space 5120K, 0% used [0x00000000d8600000,0x00000000d8600000,0x00000000d8b00000)
 ParOldGen       total 86016K, used 1784K [0x0000000082200000, 0x0000000087600000, 0x00000000d6100000)
  object space 86016K, 2% used [0x0000000082200000,0x00000000823be1d0,0x0000000087600000)
 Metaspace       used 13138K, capacity 13298K, committed 13440K, reserved 1060864K
  class space    used 1541K, capacity 1601K, committed 1664K, reserved 1048576K
}
Event: 2.655 GC heap before
{Heap before GC invocations=2 (full 0):
 PSYoungGen      total 37888K, used 27123K [0x00000000d6100000, 0x00000000d8b00000, 0x0000000100000000)
  eden space 32768K, 67% used [0x00000000d6100000,0x00000000d7684608,0x00000000d8100000)
  from space 5120K, 99% used [0x00000000d8100000,0x00000000d85f8708,0x00000000d8600000)
  to   space 5120K, 0% used [0x00000000d8600000,0x00000000d8600000,0x00000000d8b00000)
 ParOldGen       total 86016K, used 1784K [0x0000000082200000, 0x0000000087600000, 0x00000000d6100000)
  object space 86016K, 2% used [0x0000000082200000,0x00000000823be1d0,0x0000000087600000)
 Metaspace       used 20695K, capacity 21216K, committed 21296K, reserved 1067008K
  class space    used 2752K, capacity 2874K, committed 2944K, reserved 1048576K
Event: 2.680 GC heap after
Heap after GC invocations=2 (full 0):
 PSYoungGen      total 37888K, used 5117K [0x00000000d6100000, 0x00000000dab00000, 0x0000000100000000)
  eden space 32768K, 0% used [0x00000000d6100000,0x00000000d6100000,0x00000000d8100000)
  from space 5120K, 99% used [0x00000000d8600000,0x00000000d8aff630,0x00000000d8b00000)
  to   space 5120K, 0% used [0x00000000d8100000,0x00000000d8100000,0x00000000d8600000)
 ParOldGen       total 86016K, used 2148K [0x0000000082200000, 0x0000000087600000, 0x00000000d6100000)
  object space 86016K, 2% used [0x0000000082200000,0x0000000082419148,0x0000000087600000)
 Metaspace       used 20695K, capacity 21216K, committed 21296K, reserved 1067008K
  class space    used 2752K, capacity 2874K, committed 2944K, reserved 1048576K
}
Event: 2.680 GC heap before
{Heap before GC invocations=3 (full 1):
 PSYoungGen      total 37888K, used 5117K [0x00000000d6100000, 0x00000000dab00000, 0x0000000100000000)
  eden space 32768K, 0% used [0x00000000d6100000,0x00000000d6100000,0x00000000d8100000)
  from space 5120K, 99% used [0x00000000d8600000,0x00000000d8aff630,0x00000000d8b00000)
  to   space 5120K, 0% used [0x00000000d8100000,0x00000000d8100000,0x00000000d8600000)
 ParOldGen       total 86016K, used 2148K [0x0000000082200000, 0x0000000087600000, 0x00000000d6100000)
  object space 86016K, 2% used [0x0000000082200000,0x0000000082419148,0x0000000087600000)
 Metaspace       used 20695K, capacity 21216K, committed 21296K, reserved 1067008K
  class space    used 2752K, capacity 2874K, committed 2944K, reserved 1048576K
Event: 2.727 GC heap after
Heap after GC invocations=3 (full 1):
 PSYoungGen      total 37888K, used 0K [0x00000000d6100000, 0x00000000dab00000, 0x0000000100000000)
  eden space 32768K, 0% used [0x00000000d6100000,0x00000000d6100000,0x00000000d8100000)
  from space 5120K, 0% used [0x00000000d8600000,0x00000000d8600000,0x00000000d8b00000)
  to   space 5120K, 0% used [0x00000000d8100000,0x00000000d8100000,0x00000000d8600000)
 ParOldGen       total 56320K, used 5397K [0x0000000082200000, 0x0000000085900000, 0x00000000d6100000)
  object space 56320K, 9% used [0x0000000082200000,0x0000000082745470,0x0000000085900000)
 Metaspace       used 20695K, capacity 21216K, committed 21296K, reserved 1067008K
  class space    used 2752K, capacity 2874K, committed 2944K, reserved 1048576K
}

Deoptimization events (10 events):
Event: 2.537 Thread 0x000000000ade6000 Uncommon trap: reason=unstable_if action=reinterpret pc=0x000000000f305784 method=java.io.WinNTFileSystem.normalize(Ljava/lang/String;)Ljava/lang/String; @ 74
Event: 3.098 Thread 0x000000000ade6000 Uncommon trap: reason=bimorphic action=maybe_recompile pc=0x000000000f3ce418 method=java.util.HashMap.putVal(ILjava/lang/Object;Ljava/lang/Object;ZZ)Ljava/lang/Object; @ 203
Event: 3.098 Thread 0x000000000ade6000 Uncommon trap: reason=bimorphic action=maybe_recompile pc=0x000000000f3ce418 method=java.util.HashMap.putVal(ILjava/lang/Object;Ljava/lang/Object;ZZ)Ljava/lang/Object; @ 203
Event: 3.123 Thread 0x000000000ade6000 Uncommon trap: reason=range_check action=make_not_entrant pc=0x000000000f4c51a0 method=sun.reflect.generics.parser.SignatureParser.current()C @ 34
Event: 3.182 Thread 0x000000000ade6000 Uncommon trap: reason=bimorphic action=maybe_recompile pc=0x000000000f3ce418 method=java.util.HashMap.putVal(ILjava/lang/Object;Ljava/lang/Object;ZZ)Ljava/lang/Object; @ 203
Event: 3.207 Thread 0x000000000ade6000 Uncommon trap: reason=class_check action=maybe_recompile pc=0x000000000f472170 method=java.io.FilterInputStream.read()I @ 4
Event: 3.207 Thread 0x000000000ade6000 Uncommon trap: reason=class_check action=maybe_recompile pc=0x000000000f472170 method=java.io.FilterInputStream.read()I @ 4
Event: 3.207 Thread 0x000000000ade6000 Uncommon trap: reason=class_check action=maybe_recompile pc=0x000000000f472170 method=java.io.FilterInputStream.read()I @ 4
Event: 3.207 Thread 0x000000000ade6000 Uncommon trap: reason=class_check action=maybe_recompile pc=0x000000000f472170 method=java.io.FilterInputStream.read()I @ 4
Event: 3.264 Thread 0x000000000ade6000 Uncommon trap: reason=unstable_if action=reinterpret pc=0x000000000f529b8c method=de.undercouch.bson4jackson.io.StaticBufferedInputStream.read()I @ 8

Internal exceptions (10 events):
Event: 1.412 Thread 0x00000000021cf000 Implicit null exception at 0x000000000f24ea96 to 0x000000000f24edd5
Event: 1.762 Thread 0x00000000021cf000 Exception <a 'java/lang/NoSuchFieldError': method resolution failed> (0x00000000d8062078) thrown at [C:\re\workspace\8-2-build-windows-amd64-cygwin\jdk8u51\3951\hotspot\src\share\vm\prims\methodHandles.cpp, line 1125]
Event: 1.769 Thread 0x00000000021cf000 Exception <a 'java/lang/NoSuchFieldError': method resolution failed> (0x00000000d80706b8) thrown at [C:\re\workspace\8-2-build-windows-amd64-cygwin\jdk8u51\3951\hotspot\src\share\vm\prims\methodHandles.cpp, line 1125]
Event: 1.810 Thread 0x000000000ad2b800 Exception <a 'java/lang/NullPointerException'> (0x00000000d6109050) thrown at [C:\re\workspace\8-2-build-windows-amd64-cygwin\jdk8u51\3951\hotspot\src\share\vm\interpreter\linkResolver.cpp, line 1178]
Event: 2.074 Thread 0x000000000ade6000 Exception <a 'java/lang/NullPointerException'> (0x00000000d6900ea8) thrown at [C:\re\workspace\8-2-build-windows-amd64-cygwin\jdk8u51\3951\hotspot\src\share\vm\interpreter\linkResolver.cpp, line 1178]
Event: 2.074 Thread 0x000000000ade6000 Exception <a 'java/lang/NullPointerException'> (0x00000000d6900ea8) thrown at [C:\re\workspace\8-2-build-windows-amd64-cygwin\jdk8u51\3951\hotspot\src\share\vm\prims\jvm.cpp, line 1386]
Event: 2.254 Thread 0x000000000ade6000 Implicit null exception at 0x000000000f3d203b to 0x000000000f3d2651
Event: 3.123 Thread 0x000000000ade6000 Exception <a 'java/lang/ArrayIndexOutOfBoundsException': 75> (0x00000000d699cbc8) thrown at [C:\re\workspace\8-2-build-windows-amd64-cygwin\jdk8u51\3951\hotspot\src\share\vm\interpreter\interpreterRuntime.cpp, line 366]
Event: 3.123 Thread 0x000000000ade6000 Exception <a 'java/lang/ArrayIndexOutOfBoundsException': 65> (0x00000000d699de10) thrown at [C:\re\workspace\8-2-build-windows-amd64-cygwin\jdk8u51\3951\hotspot\src\share\vm\interpreter\interpreterRuntime.cpp, line 366]
Event: 3.124 Thread 0x000000000ade6000 Exception <a 'java/lang/ArrayIndexOutOfBoundsException': 58> (0x00000000d699f150) thrown at [C:\re\workspace\8-2-build-windows-amd64-cygwin\jdk8u51\3951\hotspot\src\share\vm\interpreter\interpreterRuntime.cpp, line 366]

Events (10 events):
Event: 3.406 loading class gui/GUI$5$1 done
Event: 3.406 loading class javafx/concurrent/Task
Event: 3.406 loading class javafx/concurrent/Task done
Event: 3.406 loading class javafx/concurrent/Task
Event: 3.406 loading class javafx/concurrent/Task done
Event: 3.407 loading class javafx/concurrent/Task$TaskCallable
Event: 3.407 loading class javafx/concurrent/Task$TaskCallable done
Event: 3.407 Thread 0x000000000bc9d000 Thread added: 0x000000000bc9d000
Event: 3.407 loading class gui/GUI$6$1
Event: 3.407 loading class gui/GUI$6$1 done


Dynamic libraries:
0x000000013f600000 - 0x000000013f637000 	C:\Program Files\Java\jdk1.8.0_51\bin\java.exe
0x00000000773c0000 - 0x0000000077569000 	C:\Windows\SYSTEM32\ntdll.dll
0x000007fef6ae0000 - 0x000007fef6b13000 	C:\Program Files (x86)\AVG\Av\avghooka.dll
0x0000000076dc0000 - 0x0000000076edf000 	C:\Windows\system32\kernel32.dll
0x000007fefc740000 - 0x000007fefc7ab000 	C:\Windows\system32\KERNELBASE.dll
0x000007fefe1f0000 - 0x000007fefe2cb000 	C:\Windows\system32\ADVAPI32.dll
0x000007fefd930000 - 0x000007fefd9cf000 	C:\Windows\system32\msvcrt.dll
0x000007fefe2d0000 - 0x000007fefe2ef000 	C:\Windows\SYSTEM32\sechost.dll
0x000007fefd9d0000 - 0x000007fefdafd000 	C:\Windows\system32\RPCRT4.dll
0x0000000076cc0000 - 0x0000000076dba000 	C:\Windows\system32\USER32.dll
0x000007fefe080000 - 0x000007fefe0e7000 	C:\Windows\system32\GDI32.dll
0x000007fefe0f0000 - 0x000007fefe0fe000 	C:\Windows\system32\LPK.dll
0x000007fefe100000 - 0x000007fefe1c9000 	C:\Windows\system32\USP10.dll
0x000007fefb430000 - 0x000007fefb624000 	C:\Windows\WinSxS\amd64_microsoft.windows.common-controls_6595b64144ccf1df_6.0.7601.17514_none_fa396087175ac9ac\COMCTL32.dll
0x000007fefc8b0000 - 0x000007fefc921000 	C:\Windows\system32\SHLWAPI.dll
0x000007fefd900000 - 0x000007fefd92e000 	C:\Windows\system32\IMM32.DLL
0x000007fefdb50000 - 0x000007fefdc59000 	C:\Windows\system32\MSCTF.dll
0x000007fefc4b0000 - 0x000007fefc4df000 	C:\Windows\system32\nvinitx.dll
0x000000000f000000 - 0x000000000f006000 	C:\Program Files\NVIDIA Corporation\CoProcManager\_etoured.dll
0x000007fef8f80000 - 0x000007fef8fdf000 	C:\Program Files\NVIDIA Corporation\CoProcManager\nvd3d9wrapx.dll
0x000007fefc990000 - 0x000007fefcb67000 	C:\Windows\system32\SETUPAPI.dll
0x000007fefc700000 - 0x000007fefc736000 	C:\Windows\system32\CFGMGR32.dll
0x000007fefdf90000 - 0x000007fefe067000 	C:\Windows\system32\OLEAUT32.dll
0x000007fefdce0000 - 0x000007fefdee3000 	C:\Windows\system32\ole32.dll
0x000007fefc7b0000 - 0x000007fefc7ca000 	C:\Windows\system32\DEVOBJ.dll
0x000007fef85f0000 - 0x000007fef8636000 	C:\Program Files\NVIDIA Corporation\CoProcManager\nvdxgiwrapx.dll
0x00000000788c0000 - 0x0000000078992000 	C:\Program Files\Java\jdk1.8.0_51\jre\bin\msvcr100.dll
0x0000000056860000 - 0x00000000570e3000 	C:\Program Files\Java\jdk1.8.0_51\jre\bin\server\jvm.dll
0x000007fef80a0000 - 0x000007fef80a9000 	C:\Windows\system32\WSOCK32.dll
0x000007fefdb00000 - 0x000007fefdb4d000 	C:\Windows\system32\WS2_32.dll
0x000007fefe070000 - 0x000007fefe078000 	C:\Windows\system32\NSI.dll
0x000007fefa1e0000 - 0x000007fefa21b000 	C:\Windows\system32\WINMM.dll
0x000007fefb2b0000 - 0x000007fefb2bc000 	C:\Windows\system32\VERSION.dll
0x0000000077580000 - 0x0000000077587000 	C:\Windows\system32\PSAPI.DLL
0x00000000735d0000 - 0x00000000735df000 	C:\Program Files\Java\jdk1.8.0_51\jre\bin\verify.dll
0x00000000707d0000 - 0x00000000707f9000 	C:\Program Files\Java\jdk1.8.0_51\jre\bin\java.dll
0x00000000722d0000 - 0x00000000722e6000 	C:\Program Files\Java\jdk1.8.0_51\jre\bin\zip.dll
0x000007fefcb70000 - 0x000007fefd8f8000 	C:\Windows\system32\SHELL32.dll
0x000007fefc4e0000 - 0x000007fefc4ef000 	C:\Windows\system32\profapi.dll
0x000007feff430000 - 0x000007feff440000 	C:\Program Files (x86)\JetBrains\IntelliJ IDEA Community Edition 2016.1.2\bin\breakgen64.dll
0x0000000070810000 - 0x000000007082a000 	C:\Program Files\Java\jdk1.8.0_51\jre\bin\net.dll
0x000007fefbcc0000 - 0x000007fefbd15000 	C:\Windows\system32\mswsock.dll
0x000007fefbcb0000 - 0x000007fefbcb7000 	C:\Windows\System32\wship6.dll
0x000007fefbd20000 - 0x000007fefbd37000 	C:\Windows\system32\CRYPTSP.dll
0x000007fefb9e0000 - 0x000007fefba27000 	C:\Windows\system32\rsaenh.dll
0x000007fefb7a0000 - 0x000007fefb7be000 	C:\Windows\system32\USERENV.dll
0x000007fefc380000 - 0x000007fefc38f000 	C:\Windows\system32\CRYPTBASE.dll
0x000007fef9b10000 - 0x000007fef9b37000 	C:\Windows\system32\IPHLPAPI.DLL
0x000007fef9a90000 - 0x000007fef9a9b000 	C:\Windows\system32\WINNSI.DLL
0x000007fef9850000 - 0x000007fef9868000 	C:\Windows\system32\dhcpcsvc.DLL
0x000007fef99d0000 - 0x000007fef99e1000 	C:\Windows\system32\dhcpcsvc6.DLL
0x00000000707b0000 - 0x00000000707c1000 	C:\Program Files\Java\jdk1.8.0_51\jre\bin\nio.dll
0x0000000070800000 - 0x000000007080d000 	C:\Program Files\Java\jdk1.8.0_51\jre\bin\management.dll
0x000007fefa0c0000 - 0x000007fefa0d5000 	C:\Windows\system32\NLAapi.dll
0x000007fef11e0000 - 0x000007fef11f5000 	C:\Windows\system32\napinsp.dll
0x000007fef11a0000 - 0x000007fef11b9000 	C:\Windows\system32\pnrpnsp.dll
0x000007fefba60000 - 0x000007fefbabb000 	C:\Windows\system32\DNSAPI.dll
0x000007fef2ab0000 - 0x000007fef2abb000 	C:\Windows\System32\winrnr.dll
0x000007fef1190000 - 0x000007fef11a0000 	C:\Windows\system32\wshbth.dll
0x0000000070920000 - 0x0000000070946000 	C:\Program Files\Bonjour\mdnsNSP.dll
0x000007fefb730000 - 0x000007fefb737000 	C:\Windows\System32\wshtcpip.dll
0x000007fef64d0000 - 0x000007fef64d8000 	C:\Windows\system32\rasadhlp.dll
0x000007fef9a30000 - 0x000007fef9a83000 	C:\Windows\System32\fwpuclnt.dll
0x000000006ca60000 - 0x000000006ca8c000 	C:\Program Files\Java\jdk1.8.0_51\jre\bin\prism_d3d.dll
0x000007fef0e00000 - 0x000007fef0fff000 	C:\Windows\system32\d3d9.dll
0x000007fef0de0000 - 0x000007fef0de7000 	C:\Windows\system32\d3d8thk.dll
0x000007fefa750000 - 0x000007fefa768000 	C:\Windows\system32\dwmapi.dll
0x000007fefade0000 - 0x000007fefae36000 	C:\Windows\system32\uxtheme.dll
0x000007fef83e0000 - 0x000007fef854b000 	C:\Windows\system32\nvumdshimx.dll
0x000007fed6ad0000 - 0x000007fed76ef000 	C:\Windows\system32\igdumd64.dll
0x000000006c860000 - 0x000000006c8a1000 	C:\Program Files\Java\jdk1.8.0_51\jre\bin\glass.dll
0x000007fefe2f0000 - 0x000007fefe387000 	C:\Windows\system32\COMDLG32.dll
0x000007feff330000 - 0x000007feff36e000 	C:\Users\User\git\SLT\out\production\SLT\lib\x64\LeapJava.dll
0x000007fef39c0000 - 0x000007fef3a66000 	C:\Windows\system32\MSVCP120.dll
0x000007fef38d0000 - 0x000007fef39bf000 	C:\Windows\system32\MSVCR120.dll
0x000007fed9190000 - 0x000007fed93ee000 	C:\Users\User\git\SLT\out\production\SLT\lib\x64\Leap.dll
0x000007fefa1b0000 - 0x000007fefa1dd000 	C:\Windows\system32\ntmarta.dll
0x000007fefc930000 - 0x000007fefc982000 	C:\Windows\system32\WLDAP32.dll
0x00000000706a0000 - 0x00000000706b5000 	C:\Program Files\Java\jdk1.8.0_51\jre\bin\javafx_font.dll
0x000007fedf2b0000 - 0x000007fedf42e000 	C:\Windows\system32\dwrite.dll
0x000007fefdef0000 - 0x000007fefdf89000 	C:\Windows\system32\CLBCatQ.DLL
0x000007fefa570000 - 0x000007fefa69a000 	C:\Windows\system32\WindowsCodecs.dll
0x000007fefc430000 - 0x000007fefc487000 	C:\Windows\system32\apphelp.dll
0x000007fef3890000 - 0x000007fef38c5000 	C:\Windows\system32\EhStorShell.dll
0x000007fefae40000 - 0x000007fefaf6c000 	C:\Windows\system32\PROPSYS.dll
0x000007fef37d0000 - 0x000007fef3850000 	C:\Windows\system32\ntshrui.dll
0x000007fefc280000 - 0x000007fefc2a3000 	C:\Windows\system32\srvcli.dll
0x000007fef4f20000 - 0x000007fef4f2f000 	C:\Windows\system32\cscapi.dll
0x000007fefa000000 - 0x000007fefa00b000 	C:\Windows\system32\slc.dll
0x000007fef6be0000 - 0x000007fef6c0d000 	C:\Program Files\Common Files\Microsoft Shared\Ink\rtscom.dll
0x000007fee19c0000 - 0x000007fee19ff000 	C:\Program Files\WIDCOMM\Bluetooth Software\btmmhook.dll
0x000000006c1d0000 - 0x000000006c1e1000 	C:\Program Files\Java\jdk1.8.0_51\jre\bin\prism_common.dll
0x000007fef3690000 - 0x000007fef37b5000 	C:\Windows\system32\dbghelp.dll

VM Arguments:
jvm_args: -Djava.library.path=C:\Users\User\git\SLT\out\production\SLT\lib\x64 -Didea.launcher.port=7535 -Didea.launcher.bin.path=C:\Program Files (x86)\JetBrains\IntelliJ IDEA Community Edition 2016.1.2\bin -Dfile.encoding=UTF-8 
java_command: com.intellij.rt.execution.application.AppMain gui.GUI
java_class_path (initial): C:\Program Files\Java\jdk1.8.0_51\jre\lib\charsets.jar;C:\Program Files\Java\jdk1.8.0_51\jre\lib\deploy.jar;C:\Program Files\Java\jdk1.8.0_51\jre\lib\ext\access-bridge-64.jar;C:\Program Files\Java\jdk1.8.0_51\jre\lib\ext\cldrdata.jar;C:\Program Files\Java\jdk1.8.0_51\jre\lib\ext\dnsns.jar;C:\Program Files\Java\jdk1.8.0_51\jre\lib\ext\jaccess.jar;C:\Program Files\Java\jdk1.8.0_51\jre\lib\ext\jfxrt.jar;C:\Program Files\Java\jdk1.8.0_51\jre\lib\ext\localedata.jar;C:\Program Files\Java\jdk1.8.0_51\jre\lib\ext\nashorn.jar;C:\Program Files\Java\jdk1.8.0_51\jre\lib\ext\sunec.jar;C:\Program Files\Java\jdk1.8.0_51\jre\lib\ext\sunjce_provider.jar;C:\Program Files\Java\jdk1.8.0_51\jre\lib\ext\sunmscapi.jar;C:\Program Files\Java\jdk1.8.0_51\jre\lib\ext\sunpkcs11.jar;C:\Program Files\Java\jdk1.8.0_51\jre\lib\ext\zipfs.jar;C:\Program Files\Java\jdk1.8.0_51\jre\lib\javaws.jar;C:\Program Files\Java\jdk1.8.0_51\jre\lib\jce.jar;C:\Program Files\Java\jdk1.8.0_51\jre\lib\jfr.jar;C:\Program Files\Java\jdk1.8.0_51\jre\lib\jfxswt.jar;C:\Program Files\Java\jdk1.8.0_51\jre\lib\jsse.jar;C:\Program Files\Java\jdk1.8.0_51\jre\lib\management-agent.jar;C:\Program Files\Java\jdk1.8.0_51\jre\lib\plugin.jar;C:\Program Files\Java\jdk1.8.0_51\jre\lib\resources.jar;C:\Program Files\Java\jdk1.8.0_51\jre\lib\rt.jar;C:\Users\User\git\SLT\out\production\SLT;C:\Users\User\git\SLT\out\production\SLT\lib\LeapJava.jar;C:\Users\User\git\SLT\out\production\SLT\lib\bson4jackson-2.5.0.jar;C:\Users\User\git\SLT\out\production\SLT\lib\jackson-databind-2.6.3.jar;C:\Users\User\git\SLT\out\production\SLT\lib\jackson-annotations-2.6.3.jar;C:\Users\User\git\SLT\out\production\SLT\lib\jackson-core-2.6.3.jar;C:\Users\User\git\SLT\out\production\SLT\lib\mongo-java-driver-3.1.0.jar;C:\Users\User\git\SLT\out\production\SLT\lib\jongo-1.2.jar;C:\Program Files (x86)\JetBrains\IntelliJ IDEA Community Edition 2016.1.2\lib\idea_rt.jar
Launcher Type: SUN_STANDARD

Environment Variables:
CLASSPATH=C:\Users\User\workspace;C:\j3d\lib\ext\j3dcore.jar;C:\j3d\lib\ext\j3dutils.jar;C:\j3d\lib\ext\vecmath.jar
USERNAME=User
OS=Windows_NT
PROCESSOR_IDENTIFIER=Intel64 Family 6 Model 58 Stepping 9, GenuineIntel



---------------  S Y S T E M  ---------------

OS: Windows 7 , 64 bit Build 7601 (6.1.7601.17514)

CPU:total 4 (2 cores per cpu, 2 threads per core) family 6 model 58 stepping 9, cmov, cx8, fxsr, mmx, sse, sse2, sse3, ssse3, sse4.1, sse4.2, popcnt, avx, aes, clmul, erms, ht, tsc, tscinvbit, tscinv

Memory: 4k page, physical 8248712k(1978304k free), swap 16933504k(4935284k free)

vm_info: Java HotSpot(TM) 64-Bit Server VM (25.51-b03) for windows-amd64 JRE (1.8.0_51-b16), built on Jun  8 2015 18:03:07 by "java_re" with MS VC++ 10.0 (VS2010)

time: Wed May 25 15:43:36 2016
elapsed time: 3 seconds (0d 0h 0m 3s)

