#
# A fatal error has been detected by the Java Runtime Environment:
#
#  EXCEPTION_ACCESS_VIOLATION (0xc0000005) at pc=0x000007fed9997142, pid=664, tid=1516
#
# JRE version: Java(TM) SE Runtime Environment (8.0_51-b16) (build 1.8.0_51-b16)
# Java VM: Java HotSpot(TM) 64-Bit Server VM (25.51-b03 mixed mode windows-amd64 compressed oops)
# Problematic frame:
# C  [Leap.dll+0x7142]
#
# Failed to write core dump. Minidumps are not enabled by default on client versions of Windows
#
# If you would like to submit a bug report, please visit:
#   http://bugreport.java.com/bugreport/crash.jsp
# The crash happened outside the Java Virtual Machine in native code.
# See problematic frame for where to report the bug.
#

---------------  T H R E A D  ---------------

Current thread (0x000000000abeb800):  JavaThread "Thread-5" daemon [_thread_in_native, id=1516, stack(0x000000001f800000,0x000000001f900000)]

siginfo: ExceptionCode=0xc0000005, reading address 0x0000000000000010

Registers:
RAX=0x0000000000000000, RBX=0x000000001f8fe028, RCX=0x0000000000000008, RDX=0x000000001f8fe028
RSP=0x000000001f8fdfa0, RBP=0x0000000000000000, RSI=0x000000000039dc40, RDI=0x000000000039dc20
R8 =0x000000000039dc30, R9 =0x000000000039dc40, R10=0x0000000000000000, R11=0x000000001f8fe070
R12=0x0000000000000000, R13=0x000000000d41c378, R14=0x000000000039dc20, R15=0x0000000000000000
RIP=0x000007fed9997142, EFLAGS=0x0000000000010246

Top of Stack: (sp=0x000000001f8fdfa0)
0x000000001f8fdfa0:   0000000000000018 0000000000000000
0x000000001f8fdfb0:   000000000abeb800 000000001f8fe278
0x000000001f8fdfc0:   000000000d41c378 0000000000000000
0x000000001f8fdfd0:   0000000000000010 0000000000000000
0x000000001f8fdfe0:   0000000000000000 000007fed99bb4b0
0x000000001f8fdff0:   0000000000000002 0000000000000010
0x000000001f8fe000:   0000000000000000 000007fef38dae54
0x000000001f8fe010:   fffffffffffffffe 000007fef3936967
0x000000001f8fe020:   000000000039dc20 0000000000000000
0x000000001f8fe030:   0000000000000000 000000001f8fe098
0x000000001f8fe040:   000000000abeb800 000000001f8fe278
0x000000001f8fe050:   000000000039dc20 0000000000000000
0x000000001f8fe060:   0000000000394698 000007fed99bc30a
0x000000001f8fe070:   0000000000000000 0000000000000001
0x000000001f8fe080:   000000000039dc40 000007fef39fcfb4
0x000000001f8fe090:   fffffffffffffffe 0000000000000000 

Instructions: (pc=0x000007fed9997142)
0x000007fed9997122:   00 cc cc cc cc cc cc cc cc cc cc cc cc cc 40 53
0x000007fed9997132:   48 83 ec 40 33 c0 48 8b da 48 89 02 48 89 42 08
0x000007fed9997142:   4c 8b 41 08 48 8b 11 89 44 24 20 4d 85 c0 74 34
0x000007fed9997152:   41 8b 40 08 85 c0 74 2c 66 0f 1f 44 00 00 8d 48 


Register to memory mapping:

RAX=0x0000000000000000 is an unknown value
RBX=0x000000001f8fe028 is pointing into the stack for thread: 0x000000000abeb800
RCX=0x0000000000000008 is an unknown value
RDX=0x000000001f8fe028 is pointing into the stack for thread: 0x000000000abeb800
RSP=0x000000001f8fdfa0 is pointing into the stack for thread: 0x000000000abeb800
RBP=0x0000000000000000 is an unknown value
RSI=0x000000000039dc40 is an unknown value
RDI=0x000000000039dc20 is an unknown value
R8 =0x000000000039dc30 is an unknown value
R9 =0x000000000039dc40 is an unknown value
R10=0x0000000000000000 is an unknown value
R11=0x000000001f8fe070 is pointing into the stack for thread: 0x000000000abeb800
R12=0x0000000000000000 is an unknown value
R13={method} {0x000000000d41c380} 'Controller_frame__SWIG_1' '(JLcom/leapmotion/leap/Controller;)J' in 'com/leapmotion/leap/LeapJNI'
R14=0x000000000039dc20 is an unknown value
R15=0x0000000000000000 is an unknown value


Stack: [0x000000001f800000,0x000000001f900000],  sp=0x000000001f8fdfa0,  free space=1015k
Native frames: (J=compiled Java code, j=interpreted, Vv=VM code, C=native code)

Java frames: (J=compiled Java code, j=interpreted, Vv=VM code)
j  com.leapmotion.leap.LeapJNI.Controller_frame__SWIG_1(JLcom/leapmotion/leap/Controller;)J+0
j  com.leapmotion.leap.Controller.frame()Lcom/leapmotion/leap/Frame;+9
j  gui.GUI$2$1.call()Ljava/lang/Void;+20
j  gui.GUI$2$1.call()Ljava/lang/Object;+1
j  javafx.concurrent.Task$TaskCallable.call()Ljava/lang/Object;+26
j  java.util.concurrent.FutureTask.run()V+42
j  javafx.concurrent.Service.lambda$null$488(Ljavafx/concurrent/Task;)Ljava/lang/Void;+1
j  javafx.concurrent.Service$$Lambda$70.run()Ljava/lang/Object;+4
v  ~StubRoutines::call_stub
j  java.security.AccessController.doPrivileged(Ljava/security/PrivilegedAction;Ljava/security/AccessControlContext;)Ljava/lang/Object;+0
j  javafx.concurrent.Service.lambda$executeTask$489(Ljavafx/concurrent/Task;Ljava/security/AccessControlContext;)V+7
j  javafx.concurrent.Service$$Lambda$68.run()V+8
j  java.util.concurrent.ThreadPoolExecutor.runWorker(Ljava/util/concurrent/ThreadPoolExecutor$Worker;)V+95
j  java.util.concurrent.ThreadPoolExecutor$Worker.run()V+5
j  java.lang.Thread.run()V+11
v  ~StubRoutines::call_stub

---------------  P R O C E S S  ---------------

Java Threads: ( => current thread )
  0x000000000ac39800 JavaThread "Thread-8" daemon [_thread_blocked, id=6588, stack(0x000000001fe60000,0x000000001ff60000)]
  0x000000000ac39000 JavaThread "Thread-7" daemon [_thread_blocked, id=33568, stack(0x000000001fc90000,0x000000001fd90000)]
  0x000000000ac38000 JavaThread "Thread-6" daemon [_thread_blocked, id=3016, stack(0x000000001fa80000,0x000000001fb80000)]
=>0x000000000abeb800 JavaThread "Thread-5" daemon [_thread_in_native, id=1516, stack(0x000000001f800000,0x000000001f900000)]
  0x000000000bbb2000 JavaThread "Thread-4" daemon [_thread_in_native, id=13740, stack(0x000000000d110000,0x000000000d210000)]
  0x000000000ab95000 JavaThread "JavaFX Application Thread" [_thread_in_vm, id=984, stack(0x000000000d5f0000,0x000000000d6f0000)]
  0x000000000ab89800 JavaThread "Thread-3" daemon [_thread_blocked, id=29764, stack(0x000000000d6f0000,0x000000000d7f0000)]
  0x000000000ab7b000 JavaThread "QuantumRenderer-0" daemon [_thread_blocked, id=33440, stack(0x000000000cd30000,0x000000000ce30000)]
  0x000000000b9e9800 JavaThread "JavaFX-Launcher" [_thread_blocked, id=3580, stack(0x000000000b0a0000,0x000000000b1a0000)]
  0x000000000a712800 JavaThread "pool-1-thread-1" daemon [_thread_blocked, id=29732, stack(0x000000000b500000,0x000000000b600000)]
  0x000000000a6b1000 JavaThread "cluster-ClusterId{value='57469b32cb8e86029831597a', description='null'}-127.0.0.1:27017" daemon [_thread_blocked, id=7104, stack(0x000000000b220000,0x000000000b320000)]
  0x0000000009724000 JavaThread "Monitor Ctrl-Break" daemon [_thread_in_native, id=29708, stack(0x000000000a210000,0x000000000a310000)]
  0x0000000009602000 JavaThread "Service Thread" daemon [_thread_blocked, id=15172, stack(0x0000000009af0000,0x0000000009bf0000)]
  0x00000000095f8000 JavaThread "C1 CompilerThread2" daemon [_thread_in_native, id=7308, stack(0x0000000009fd0000,0x000000000a0d0000)]
  0x000000000828f000 JavaThread "C2 CompilerThread1" daemon [_thread_blocked, id=32036, stack(0x0000000009dc0000,0x0000000009ec0000)]
  0x000000000828d000 JavaThread "C2 CompilerThread0" daemon [_thread_blocked, id=5552, stack(0x0000000009c10000,0x0000000009d10000)]
  0x000000000828a000 JavaThread "Attach Listener" daemon [_thread_blocked, id=12960, stack(0x0000000009370000,0x0000000009470000)]
  0x000000000959c800 JavaThread "Signal Dispatcher" daemon [_thread_blocked, id=2028, stack(0x00000000099a0000,0x0000000009aa0000)]
  0x0000000008223000 JavaThread "Finalizer" daemon [_thread_blocked, id=16076, stack(0x0000000009480000,0x0000000009580000)]
  0x0000000008221800 JavaThread "Reference Handler" daemon [_thread_blocked, id=33492, stack(0x00000000090a0000,0x00000000091a0000)]
  0x000000000220f000 JavaThread "main" [_thread_blocked, id=7800, stack(0x00000000022f0000,0x00000000023f0000)]

Other Threads:
  0x000000000821c000 VMThread [stack: 0x00000000091b0000,0x00000000092b0000] [id=15560]
  0x000000000960d800 WatcherThread [stack: 0x000000000a100000,0x000000000a200000] [id=688]

VM state:not at safepoint (normal execution)

VM Mutex/Monitor currently owned by a thread: None

Heap:
 PSYoungGen      total 37888K, used 35262K [0x00000000d6100000, 0x00000000dab00000, 0x0000000100000000)
  eden space 32768K, 92% used [0x00000000d6100000,0x00000000d7e72760,0x00000000d8100000)
  from space 5120K, 99% used [0x00000000d8600000,0x00000000d8afd3b0,0x00000000d8b00000)
  to   space 5120K, 0% used [0x00000000d8100000,0x00000000d8100000,0x00000000d8600000)
 ParOldGen       total 86016K, used 6667K [0x0000000082200000, 0x0000000087600000, 0x00000000d6100000)
  object space 86016K, 7% used [0x0000000082200000,0x0000000082882c30,0x0000000087600000)
 Metaspace       used 18751K, capacity 19270K, committed 19456K, reserved 1067008K
  class space    used 2335K, capacity 2479K, committed 2560K, reserved 1048576K

Card table byte_map: [0x00000000027b0000,0x0000000002ba0000] byte_map_base: 0x000000000239f000

Marking Bits: (ParMarkBitMap*) 0x0000000057bd4040
 Begin Bits: [0x00000000035b0000, 0x0000000005528000)
 End Bits:   [0x0000000005528000, 0x00000000074a0000)

Polling page: 0x0000000000260000

CodeCache: size=245760Kb used=5299Kb max_used=5299Kb free=240460Kb
 bounds [0x000000000f010000, 0x000000000f550000, 0x000000001e010000]
 total_blobs=2154 nmethods=1636 adapters=430
 compilation: enabled

Compilation events (10 events):
Event: 3.974 Thread 0x00000000095f8000 1538       1       javafx.scene.Parent::access$800 (5 bytes)
Event: 3.974 Thread 0x00000000095f8000 nmethod 1538 0x000000000f531d90 code [0x000000000f531ee0, 0x000000000f531fd0]
Event: 3.974 Thread 0x000000000828f000 1612       4       java.lang.Object::equals (11 bytes)
Event: 3.975 Thread 0x000000000828f000 nmethod 1612 0x000000000f511b10 code [0x000000000f511c40, 0x000000000f511cb8]
Event: 3.979 Thread 0x00000000095f8000 1613       3       javafx.beans.property.ObjectPropertyBase::get (29 bytes)
Event: 3.979 Thread 0x00000000095f8000 nmethod 1613 0x000000000f534850 code [0x000000000f5349c0, 0x000000000f534c28]
Event: 3.981 Thread 0x00000000095f8000 1614       3       java.util.AbstractList$Itr::<init> (6 bytes)
Event: 3.982 Thread 0x00000000095f8000 nmethod 1614 0x000000000f534350 code [0x000000000f5344c0, 0x000000000f534710]
Event: 3.982 Thread 0x00000000095f8000 1615       3       java.util.AbstractList$Itr::<init> (31 bytes)
Event: 3.982 Thread 0x00000000095f8000 nmethod 1615 0x000000000f533f10 code [0x000000000f534080, 0x000000000f534270]

GC Heap History (4 events):
Event: 2.505 GC heap before
{Heap before GC invocations=1 (full 0):
 PSYoungGen      total 37888K, used 32768K [0x00000000d6100000, 0x00000000d8b00000, 0x0000000100000000)
  eden space 32768K, 100% used [0x00000000d6100000,0x00000000d8100000,0x00000000d8100000)
  from space 5120K, 0% used [0x00000000d8600000,0x00000000d8600000,0x00000000d8b00000)
  to   space 5120K, 0% used [0x00000000d8100000,0x00000000d8100000,0x00000000d8600000)
 ParOldGen       total 86016K, used 0K [0x0000000082200000, 0x0000000087600000, 0x00000000d6100000)
  object space 86016K, 0% used [0x0000000082200000,0x0000000082200000,0x0000000087600000)
 Metaspace       used 13115K, capacity 13298K, committed 13440K, reserved 1060864K
  class space    used 1541K, capacity 1601K, committed 1664K, reserved 1048576K
Event: 2.518 GC heap after
Heap after GC invocations=1 (full 0):
 PSYoungGen      total 37888K, used 5100K [0x00000000d6100000, 0x00000000d8b00000, 0x0000000100000000)
  eden space 32768K, 0% used [0x00000000d6100000,0x00000000d6100000,0x00000000d8100000)
  from space 5120K, 99% used [0x00000000d8100000,0x00000000d85fb380,0x00000000d8600000)
  to   space 5120K, 0% used [0x00000000d8600000,0x00000000d8600000,0x00000000d8b00000)
 ParOldGen       total 86016K, used 1779K [0x0000000082200000, 0x0000000087600000, 0x00000000d6100000)
  object space 86016K, 2% used [0x0000000082200000,0x00000000823bcf60,0x0000000087600000)
 Metaspace       used 13115K, capacity 13298K, committed 13440K, reserved 1060864K
  class space    used 1541K, capacity 1601K, committed 1664K, reserved 1048576K
}
Event: 3.476 GC heap before
{Heap before GC invocations=2 (full 0):
 PSYoungGen      total 37888K, used 37868K [0x00000000d6100000, 0x00000000d8b00000, 0x0000000100000000)
  eden space 32768K, 100% used [0x00000000d6100000,0x00000000d8100000,0x00000000d8100000)
  from space 5120K, 99% used [0x00000000d8100000,0x00000000d85fb380,0x00000000d8600000)
  to   space 5120K, 0% used [0x00000000d8600000,0x00000000d8600000,0x00000000d8b00000)
 ParOldGen       total 86016K, used 1779K [0x0000000082200000, 0x0000000087600000, 0x00000000d6100000)
  object space 86016K, 2% used [0x0000000082200000,0x00000000823bcf60,0x0000000087600000)
 Metaspace       used 16908K, capacity 17248K, committed 17536K, reserved 1064960K
  class space    used 2039K, capacity 2128K, committed 2176K, reserved 1048576K
Event: 3.493 GC heap after
Heap after GC invocations=2 (full 0):
 PSYoungGen      total 37888K, used 5108K [0x00000000d6100000, 0x00000000dab00000, 0x0000000100000000)
  eden space 32768K, 0% used [0x00000000d6100000,0x00000000d6100000,0x00000000d8100000)
  from space 5120K, 99% used [0x00000000d8600000,0x00000000d8afd3b0,0x00000000d8b00000)
  to   space 5120K, 0% used [0x00000000d8100000,0x00000000d8100000,0x00000000d8600000)
 ParOldGen       total 86016K, used 6667K [0x0000000082200000, 0x0000000087600000, 0x00000000d6100000)
  object space 86016K, 7% used [0x0000000082200000,0x0000000082882c30,0x0000000087600000)
 Metaspace       used 16908K, capacity 17248K, committed 17536K, reserved 1064960K
  class space    used 2039K, capacity 2128K, committed 2176K, reserved 1048576K
}

Deoptimization events (10 events):
Event: 3.009 Thread 0x000000000ab95000 Uncommon trap: reason=unstable_if action=reinterpret pc=0x000000000f2e638c method=java.util.HashMap.getNode(ILjava/lang/Object;)Ljava/util/HashMap$Node; @ 129
Event: 3.010 Thread 0x000000000ab95000 Uncommon trap: reason=unstable_if action=reinterpret pc=0x000000000f27e5bc method=java.util.HashMap.getNode(ILjava/lang/Object;)Ljava/util/HashMap$Node; @ 129
Event: 3.056 Thread 0x000000000ab95000 Uncommon trap: reason=range_check action=make_not_entrant pc=0x000000000f3a55a0 method=sun.reflect.generics.parser.SignatureParser.current()C @ 34
Event: 3.133 Thread 0x000000000ab95000 Uncommon trap: reason=bimorphic action=maybe_recompile pc=0x000000000f3c1e38 method=java.util.HashMap.putVal(ILjava/lang/Object;Ljava/lang/Object;ZZ)Ljava/lang/Object; @ 203
Event: 3.235 Thread 0x000000000ab95000 Uncommon trap: reason=unstable_if action=reinterpret pc=0x000000000f4252ac method=de.undercouch.bson4jackson.io.StaticBufferedInputStream.read()I @ 8
Event: 3.270 Thread 0x000000000ab95000 Uncommon trap: reason=unstable_if action=reinterpret pc=0x000000000f421dcc method=de.undercouch.bson4jackson.io.StaticBufferedInputStream.read()I @ 8
Event: 3.342 Thread 0x000000000ab95000 Uncommon trap: reason=unstable_if action=reinterpret pc=0x000000000f46d4bc method=de.undercouch.bson4jackson.io.StaticBufferedInputStream.read([BII)I @ 64
Event: 3.450 Thread 0x000000000ab95000 Uncommon trap: reason=unstable_if action=reinterpret pc=0x000000000f46878c method=sun.nio.cs.UTF_8$Decoder.decodeArrayLoop(Ljava/nio/ByteBuffer;Ljava/nio/CharBuffer;)Ljava/nio/charset/CoderResult; @ 84
Event: 3.803 Thread 0x000000000ab95000 Uncommon trap: reason=unstable_if action=reinterpret pc=0x000000000f4c82d0 method=java.util.ArrayList.isEmpty()Z @ 4
Event: 3.979 Thread 0x000000000ab95000 Uncommon trap: reason=unstable_if action=reinterpret pc=0x000000000f507820 method=javafx.beans.property.ObjectPropertyBase.get()Ljava/lang/Object; @ 9

Internal exceptions (10 events):
Event: 1.969 Thread 0x000000000220f000 Exception <a 'java/lang/ArrayIndexOutOfBoundsException'> (0x00000000d6da9bf0) thrown at [C:\re\workspace\8-2-build-windows-amd64-cygwin\jdk8u51\3951\hotspot\src\share\vm\runtime\sharedRuntime.cpp, line 605]
Event: 2.002 Thread 0x000000000220f000 Implicit null exception at 0x000000000f1f7b56 to 0x000000000f1f7e95
Event: 2.473 Thread 0x000000000220f000 Exception <a 'java/lang/NoSuchFieldError': method resolution failed> (0x00000000d805c3a8) thrown at [C:\re\workspace\8-2-build-windows-amd64-cygwin\jdk8u51\3951\hotspot\src\share\vm\prims\methodHandles.cpp, line 1125]
Event: 2.476 Thread 0x000000000220f000 Exception <a 'java/lang/NoSuchFieldError': method resolution failed> (0x00000000d806a9e8) thrown at [C:\re\workspace\8-2-build-windows-amd64-cygwin\jdk8u51\3951\hotspot\src\share\vm\prims\methodHandles.cpp, line 1125]
Event: 2.520 Thread 0x000000000b9e9800 Exception <a 'java/lang/NullPointerException'> (0x00000000d6109050) thrown at [C:\re\workspace\8-2-build-windows-amd64-cygwin\jdk8u51\3951\hotspot\src\share\vm\interpreter\linkResolver.cpp, line 1178]
Event: 3.056 Thread 0x000000000ab95000 Exception <a 'java/lang/ArrayIndexOutOfBoundsException': 75> (0x00000000d71d9610) thrown at [C:\re\workspace\8-2-build-windows-amd64-cygwin\jdk8u51\3951\hotspot\src\share\vm\interpreter\interpreterRuntime.cpp, line 366]
Event: 3.056 Thread 0x000000000ab95000 Exception <a 'java/lang/ArrayIndexOutOfBoundsException': 65> (0x00000000d71da858) thrown at [C:\re\workspace\8-2-build-windows-amd64-cygwin\jdk8u51\3951\hotspot\src\share\vm\interpreter\interpreterRuntime.cpp, line 366]
Event: 3.057 Thread 0x000000000ab95000 Exception <a 'java/lang/ArrayIndexOutOfBoundsException': 58> (0x00000000d71dbb98) thrown at [C:\re\workspace\8-2-build-windows-amd64-cygwin\jdk8u51\3951\hotspot\src\share\vm\interpreter\interpreterRuntime.cpp, line 366]
Event: 3.856 Thread 0x000000000ab95000 Exception <a 'java/lang/NullPointerException'> (0x00000000d7a67b58) thrown at [C:\re\workspace\8-2-build-windows-amd64-cygwin\jdk8u51\3951\hotspot\src\share\vm\interpreter\linkResolver.cpp, line 1178]
Event: 3.856 Thread 0x000000000ab95000 Exception <a 'java/lang/NullPointerException'> (0x00000000d7a67b58) thrown at [C:\re\workspace\8-2-build-windows-amd64-cygwin\jdk8u51\3951\hotspot\src\share\vm\prims\jvm.cpp, line 1386]

Events (10 events):
Event: 3.981 loading class javafx/concurrent/Task done
Event: 3.981 loading class javafx/concurrent/Task
Event: 3.981 loading class javafx/concurrent/Task done
Event: 3.982 loading class javafx/concurrent/Task$TaskCallable
Event: 3.982 loading class javafx/concurrent/Task$TaskCallable done
Event: 3.982 Thread 0x000000000ac38000 Thread added: 0x000000000ac38000
Event: 3.982 loading class gui/GUI$4$1
Event: 3.982 loading class gui/GUI$4$1 done
Event: 3.982 loading class javafx/concurrent/Task$TaskCallable
Event: 3.982 loading class javafx/concurrent/Task$TaskCallable done


Dynamic libraries:
0x000000013fce0000 - 0x000000013fd17000 	C:\Program Files\Java\jdk1.8.0_51\bin\java.exe
0x00000000773c0000 - 0x0000000077569000 	C:\Windows\SYSTEM32\ntdll.dll
0x000007fef6ae0000 - 0x000007fef6b13000 	C:\Program Files (x86)\AVG\Av\avghooka.dll
0x0000000076dc0000 - 0x0000000076edf000 	C:\Windows\system32\kernel32.dll
0x000007fefc740000 - 0x000007fefc7ab000 	C:\Windows\system32\KERNELBASE.dll
0x000007fefe1f0000 - 0x000007fefe2cb000 	C:\Windows\system32\ADVAPI32.dll
0x000007fefd930000 - 0x000007fefd9cf000 	C:\Windows\system32\msvcrt.dll
0x000007fefe2d0000 - 0x000007fefe2ef000 	C:\Windows\SYSTEM32\sechost.dll
0x000007fefd9d0000 - 0x000007fefdafd000 	C:\Windows\system32\RPCRT4.dll
0x0000000076cc0000 - 0x0000000076dba000 	C:\Windows\system32\USER32.dll
0x000007fefe080000 - 0x000007fefe0e7000 	C:\Windows\system32\GDI32.dll
0x000007fefe0f0000 - 0x000007fefe0fe000 	C:\Windows\system32\LPK.dll
0x000007fefe100000 - 0x000007fefe1c9000 	C:\Windows\system32\USP10.dll
0x000007fefb430000 - 0x000007fefb624000 	C:\Windows\WinSxS\amd64_microsoft.windows.common-controls_6595b64144ccf1df_6.0.7601.17514_none_fa396087175ac9ac\COMCTL32.dll
0x000007fefc8b0000 - 0x000007fefc921000 	C:\Windows\system32\SHLWAPI.dll
0x000007fefd900000 - 0x000007fefd92e000 	C:\Windows\system32\IMM32.DLL
0x000007fefdb50000 - 0x000007fefdc59000 	C:\Windows\system32\MSCTF.dll
0x000007fefc4b0000 - 0x000007fefc4df000 	C:\Windows\system32\nvinitx.dll
0x000000000f000000 - 0x000000000f006000 	C:\Program Files\NVIDIA Corporation\CoProcManager\_etoured.dll
0x000007fef8f80000 - 0x000007fef8fdf000 	C:\Program Files\NVIDIA Corporation\CoProcManager\nvd3d9wrapx.dll
0x000007fefc990000 - 0x000007fefcb67000 	C:\Windows\system32\SETUPAPI.dll
0x000007fefc700000 - 0x000007fefc736000 	C:\Windows\system32\CFGMGR32.dll
0x000007fefdf90000 - 0x000007fefe067000 	C:\Windows\system32\OLEAUT32.dll
0x000007fefdce0000 - 0x000007fefdee3000 	C:\Windows\system32\ole32.dll
0x000007fefc7b0000 - 0x000007fefc7ca000 	C:\Windows\system32\DEVOBJ.dll
0x000007fef85f0000 - 0x000007fef8636000 	C:\Program Files\NVIDIA Corporation\CoProcManager\nvdxgiwrapx.dll
0x000000006c7d0000 - 0x000000006c8a2000 	C:\Program Files\Java\jdk1.8.0_51\jre\bin\msvcr100.dll
0x00000000573d0000 - 0x0000000057c53000 	C:\Program Files\Java\jdk1.8.0_51\jre\bin\server\jvm.dll
0x000007fef80a0000 - 0x000007fef80a9000 	C:\Windows\system32\WSOCK32.dll
0x000007fefdb00000 - 0x000007fefdb4d000 	C:\Windows\system32\WS2_32.dll
0x000007fefe070000 - 0x000007fefe078000 	C:\Windows\system32\NSI.dll
0x000007fefa1e0000 - 0x000007fefa21b000 	C:\Windows\system32\WINMM.dll
0x000007fefb2b0000 - 0x000007fefb2bc000 	C:\Windows\system32\VERSION.dll
0x0000000077580000 - 0x0000000077587000 	C:\Windows\system32\PSAPI.DLL
0x0000000073580000 - 0x000000007358f000 	C:\Program Files\Java\jdk1.8.0_51\jre\bin\verify.dll
0x0000000070800000 - 0x0000000070829000 	C:\Program Files\Java\jdk1.8.0_51\jre\bin\java.dll
0x00000000707e0000 - 0x00000000707f6000 	C:\Program Files\Java\jdk1.8.0_51\jre\bin\zip.dll
0x000007fefcb70000 - 0x000007fefd8f8000 	C:\Windows\system32\SHELL32.dll
0x000007fefc4e0000 - 0x000007fefc4ef000 	C:\Windows\system32\profapi.dll
0x000007feff3e0000 - 0x000007feff3f0000 	C:\Program Files (x86)\JetBrains\IntelliJ IDEA Community Edition 2016.1.2\bin\breakgen64.dll
0x00000000722d0000 - 0x00000000722ea000 	C:\Program Files\Java\jdk1.8.0_51\jre\bin\net.dll
0x000007fefbcc0000 - 0x000007fefbd15000 	C:\Windows\system32\mswsock.dll
0x000007fefbcb0000 - 0x000007fefbcb7000 	C:\Windows\System32\wship6.dll
0x000007fefbd20000 - 0x000007fefbd37000 	C:\Windows\system32\CRYPTSP.dll
0x000007fefb9e0000 - 0x000007fefba27000 	C:\Windows\system32\rsaenh.dll
0x000007fefb7a0000 - 0x000007fefb7be000 	C:\Windows\system32\USERENV.dll
0x000007fefc380000 - 0x000007fefc38f000 	C:\Windows\system32\CRYPTBASE.dll
0x000007fef9b10000 - 0x000007fef9b37000 	C:\Windows\system32\IPHLPAPI.DLL
0x000007fef9a90000 - 0x000007fef9a9b000 	C:\Windows\system32\WINNSI.DLL
0x000007fef9850000 - 0x000007fef9868000 	C:\Windows\system32\dhcpcsvc.DLL
0x000007fef99d0000 - 0x000007fef99e1000 	C:\Windows\system32\dhcpcsvc6.DLL
0x00000000707c0000 - 0x00000000707d1000 	C:\Program Files\Java\jdk1.8.0_51\jre\bin\nio.dll
0x0000000072d00000 - 0x0000000072d0d000 	C:\Program Files\Java\jdk1.8.0_51\jre\bin\management.dll
0x000007fefa0c0000 - 0x000007fefa0d5000 	C:\Windows\system32\NLAapi.dll
0x000007fef11e0000 - 0x000007fef11f5000 	C:\Windows\system32\napinsp.dll
0x000007fef11a0000 - 0x000007fef11b9000 	C:\Windows\system32\pnrpnsp.dll
0x000007fefba60000 - 0x000007fefbabb000 	C:\Windows\system32\DNSAPI.dll
0x000007fef2ab0000 - 0x000007fef2abb000 	C:\Windows\System32\winrnr.dll
0x000007fef1190000 - 0x000007fef11a0000 	C:\Windows\system32\wshbth.dll
0x0000000070920000 - 0x0000000070946000 	C:\Program Files\Bonjour\mdnsNSP.dll
0x000007fefb730000 - 0x000007fefb737000 	C:\Windows\System32\wshtcpip.dll
0x000007fef64d0000 - 0x000007fef64d8000 	C:\Windows\system32\rasadhlp.dll
0x000007fef9a30000 - 0x000007fef9a83000 	C:\Windows\System32\fwpuclnt.dll
0x000000006c9c0000 - 0x000000006c9ec000 	C:\Program Files\Java\jdk1.8.0_51\jre\bin\prism_d3d.dll
0x000007fef0e00000 - 0x000007fef0fff000 	C:\Windows\system32\d3d9.dll
0x000007fef0de0000 - 0x000007fef0de7000 	C:\Windows\system32\d3d8thk.dll
0x000007fefa750000 - 0x000007fefa768000 	C:\Windows\system32\dwmapi.dll
0x000007fefade0000 - 0x000007fefae36000 	C:\Windows\system32\uxtheme.dll
0x000007fef83e0000 - 0x000007fef854b000 	C:\Windows\system32\nvumdshimx.dll
0x000007fed6ad0000 - 0x000007fed76ef000 	C:\Windows\system32\igdumd64.dll
0x000000006c320000 - 0x000000006c361000 	C:\Program Files\Java\jdk1.8.0_51\jre\bin\glass.dll
0x000007fefe2f0000 - 0x000007fefe387000 	C:\Windows\system32\COMDLG32.dll
0x000007feff160000 - 0x000007feff19e000 	C:\Users\User\git\SLT\out\production\SLT\lib\x64\LeapJava.dll
0x000007fef39c0000 - 0x000007fef3a66000 	C:\Windows\system32\MSVCP120.dll
0x000007fef38d0000 - 0x000007fef39bf000 	C:\Windows\system32\MSVCR120.dll
0x000007fed9990000 - 0x000007fed9bee000 	C:\Users\User\git\SLT\out\production\SLT\lib\x64\Leap.dll
0x000007fefa1b0000 - 0x000007fefa1dd000 	C:\Windows\system32\ntmarta.dll
0x000007fefc930000 - 0x000007fefc982000 	C:\Windows\system32\WLDAP32.dll
0x000007fef3690000 - 0x000007fef37b5000 	C:\Windows\system32\dbghelp.dll

VM Arguments:
jvm_args: -Djava.library.path=C:\Users\User\git\SLT\out\production\SLT\lib\x64 -Didea.launcher.port=7537 -Didea.launcher.bin.path=C:\Program Files (x86)\JetBrains\IntelliJ IDEA Community Edition 2016.1.2\bin -Dfile.encoding=UTF-8 
java_command: com.intellij.rt.execution.application.AppMain gui.GUI
java_class_path (initial): C:\Program Files\Java\jdk1.8.0_51\jre\lib\charsets.jar;C:\Program Files\Java\jdk1.8.0_51\jre\lib\deploy.jar;C:\Program Files\Java\jdk1.8.0_51\jre\lib\ext\access-bridge-64.jar;C:\Program Files\Java\jdk1.8.0_51\jre\lib\ext\cldrdata.jar;C:\Program Files\Java\jdk1.8.0_51\jre\lib\ext\dnsns.jar;C:\Program Files\Java\jdk1.8.0_51\jre\lib\ext\jaccess.jar;C:\Program Files\Java\jdk1.8.0_51\jre\lib\ext\jfxrt.jar;C:\Program Files\Java\jdk1.8.0_51\jre\lib\ext\localedata.jar;C:\Program Files\Java\jdk1.8.0_51\jre\lib\ext\nashorn.jar;C:\Program Files\Java\jdk1.8.0_51\jre\lib\ext\sunec.jar;C:\Program Files\Java\jdk1.8.0_51\jre\lib\ext\sunjce_provider.jar;C:\Program Files\Java\jdk1.8.0_51\jre\lib\ext\sunmscapi.jar;C:\Program Files\Java\jdk1.8.0_51\jre\lib\ext\sunpkcs11.jar;C:\Program Files\Java\jdk1.8.0_51\jre\lib\ext\zipfs.jar;C:\Program Files\Java\jdk1.8.0_51\jre\lib\javaws.jar;C:\Program Files\Java\jdk1.8.0_51\jre\lib\jce.jar;C:\Program Files\Java\jdk1.8.0_51\jre\lib\jfr.jar;C:\Program Files\Java\jdk1.8.0_51\jre\lib\jfxswt.jar;C:\Program Files\Java\jdk1.8.0_51\jre\lib\jsse.jar;C:\Program Files\Java\jdk1.8.0_51\jre\lib\management-agent.jar;C:\Program Files\Java\jdk1.8.0_51\jre\lib\plugin.jar;C:\Program Files\Java\jdk1.8.0_51\jre\lib\resources.jar;C:\Program Files\Java\jdk1.8.0_51\jre\lib\rt.jar;C:\Users\User\git\SLT\out\production\SLT;C:\Users\User\git\SLT\out\production\SLT\lib\LeapJava.jar;C:\Users\User\git\SLT\out\production\SLT\lib\bson4jackson-2.5.0.jar;C:\Users\User\git\SLT\out\production\SLT\lib\jackson-databind-2.6.3.jar;C:\Users\User\git\SLT\out\production\SLT\lib\jackson-annotations-2.6.3.jar;C:\Users\User\git\SLT\out\production\SLT\lib\jackson-core-2.6.3.jar;C:\Users\User\git\SLT\out\production\SLT\lib\mongo-java-driver-3.1.0.jar;C:\Users\User\git\SLT\out\production\SLT\lib\jongo-1.2.jar;C:\Program Files (x86)\JetBrains\IntelliJ IDEA Community Edition 2016.1.2\lib\idea_rt.jar
Launcher Type: SUN_STANDARD

Environment Variables:
CLASSPATH=C:\Users\User\workspace;C:\j3d\lib\ext\j3dcore.jar;C:\j3d\lib\ext\j3dutils.jar;C:\j3d\lib\ext\vecmath.jar
USERNAME=User
OS=Windows_NT
PROCESSOR_IDENTIFIER=Intel64 Family 6 Model 58 Stepping 9, GenuineIntel



---------------  S Y S T E M  ---------------

OS: Windows 7 , 64 bit Build 7601 (6.1.7601.17514)

CPU:total 4 (2 cores per cpu, 2 threads per core) family 6 model 58 stepping 9, cmov, cx8, fxsr, mmx, sse, sse2, sse3, ssse3, sse4.1, sse4.2, popcnt, avx, aes, clmul, erms, ht, tsc, tscinvbit, tscinv

Memory: 4k page, physical 8248712k(1325320k free), swap 16933504k(5684976k free)

vm_info: Java HotSpot(TM) 64-Bit Server VM (25.51-b03) for windows-amd64 JRE (1.8.0_51-b16), built on Jun  8 2015 18:03:07 by "java_re" with MS VC++ 10.0 (VS2010)

time: Thu May 26 14:44:05 2016
elapsed time: 4 seconds (0d 0h 0m 4s)

