#
# A fatal error has been detected by the Java Runtime Environment:
#
#  EXCEPTION_ACCESS_VIOLATION (0xc0000005) at pc=0x000007fed7907142, pid=14944, tid=9992
#
# JRE version: Java(TM) SE Runtime Environment (8.0_51-b16) (build 1.8.0_51-b16)
# Java VM: Java HotSpot(TM) 64-Bit Server VM (25.51-b03 mixed mode windows-amd64 compressed oops)
# Problematic frame:
# C  [Leap.dll+0x7142]
#
# Failed to write core dump. Minidumps are not enabled by default on client versions of Windows
#
# If you would like to submit a bug report, please visit:
#   http://bugreport.java.com/bugreport/crash.jsp
# The crash happened outside the Java Virtual Machine in native code.
# See problematic frame for where to report the bug.
#

---------------  T H R E A D  ---------------

Current thread (0x000000001e287800):  JavaThread "Thread-14" daemon [_thread_in_native, id=9992, stack(0x000000001fb70000,0x000000001fc70000)]

siginfo: ExceptionCode=0xc0000005, reading address 0x0000000000000010

Registers:
RAX=0x0000000000000000, RBX=0x000000001fc6dbc8, RCX=0x0000000000000008, RDX=0x000000001fc6dbc8
RSP=0x000000001fc6db40, RBP=0x0000000000000000, RSI=0x00000000260a2210, RDI=0x00000000260a2230
R8 =0x00000000260a2200, R9 =0x00000000260a2210, R10=0x00000000005c9b70, R11=0x000000001fc6dab2
R12=0x0000000000000000, R13=0x000000000c451ad8, R14=0x00000000260a2230, R15=0x0000000000000000
RIP=0x000007fed7907142, EFLAGS=0x0000000000010246

Top of Stack: (sp=0x000000001fc6db40)
0x000000001fc6db40:   0000000000000018 000007fed7aae590
0x000000001fc6db50:   000000001e287800 000000001fc6de00
0x000000001fc6db60:   000000000c451ad8 0000000000000000
0x000000001fc6db70:   0000000000000010 000007fed7aae590
0x000000001fc6db80:   0000000000000000 000007fed792b4b0
0x000000001fc6db90:   0000000000000002 0000000000000010
0x000000001fc6dba0:   0000000000180017 000007feed8f30d6
0x000000001fc6dbb0:   fffffffffffffffe 000007fef3936967
0x000000001fc6dbc0:   00000000260a2230 0000000000000000
0x000000001fc6dbd0:   0000000000000000 000000001fc6dc38
0x000000001fc6dbe0:   000000001e287800 000000001fc6de00
0x000000001fc6dbf0:   00000000260a2230 000007fed7aae590
0x000000001fc6dc00:   000000001fc6ddc8 000007fed792c30a
0x000000001fc6dc10:   0000000000000000 0000000000000001
0x000000001fc6dc20:   00000000260a2210 000007fef3936a57
0x000000001fc6dc30:   fffffffffffffffe 0000000000000000 

Instructions: (pc=0x000007fed7907142)
0x000007fed7907122:   00 cc cc cc cc cc cc cc cc cc cc cc cc cc 40 53
0x000007fed7907132:   48 83 ec 40 33 c0 48 8b da 48 89 02 48 89 42 08
0x000007fed7907142:   4c 8b 41 08 48 8b 11 89 44 24 20 4d 85 c0 74 34
0x000007fed7907152:   41 8b 40 08 85 c0 74 2c 66 0f 1f 44 00 00 8d 48 


Register to memory mapping:

RAX=0x0000000000000000 is an unknown value
RBX=0x000000001fc6dbc8 is pointing into the stack for thread: 0x000000001e287800
RCX=0x0000000000000008 is an unknown value
RDX=0x000000001fc6dbc8 is pointing into the stack for thread: 0x000000001e287800
RSP=0x000000001fc6db40 is pointing into the stack for thread: 0x000000001e287800
RBP=0x0000000000000000 is an unknown value
RSI=0x00000000260a2210 is an unknown value
RDI=0x00000000260a2230 is an unknown value
R8 =0x00000000260a2200 is an unknown value
R9 =0x00000000260a2210 is an unknown value
R10=0x00000000005c9b70 is an unknown value
R11=0x000000001fc6dab2 is pointing into the stack for thread: 0x000000001e287800
R12=0x0000000000000000 is an unknown value
R13={method} {0x000000000c451ae0} 'FingerList_get' '(JLcom/leapmotion/leap/FingerList;I)J' in 'com/leapmotion/leap/LeapJNI'
R14=0x00000000260a2230 is an unknown value
R15=0x0000000000000000 is an unknown value


Stack: [0x000000001fb70000,0x000000001fc70000],  sp=0x000000001fc6db40,  free space=1014k
Native frames: (J=compiled Java code, j=interpreted, Vv=VM code, C=native code)

Java frames: (J=compiled Java code, j=interpreted, Vv=VM code)
j  com.leapmotion.leap.LeapJNI.FingerList_get(JLcom/leapmotion/leap/FingerList;I)J+0
j  com.leapmotion.leap.FingerList.get(I)Lcom/leapmotion/leap/Finger;+10
J 3732 C1 gui.visualizer.VisualiseFX.setCoor(Lcom/leapmotion/leap/Frame;)V (317 bytes) @ 0x000000000fb80e7c [0x000000000fb80980+0x4fc]
J 4231 C1 gui.visualizer.VisualiseFX.traceLM(Lcom/leapmotion/leap/Frame;)V (10 bytes) @ 0x000000000fd18ad4 [0x000000000fd18a40+0x94]
j  gui.GUI$2$1.call()Ljava/lang/Void;+23
j  gui.GUI$2$1.call()Ljava/lang/Object;+1
j  javafx.concurrent.Task$TaskCallable.call()Ljava/lang/Object;+26
j  java.util.concurrent.FutureTask.run()V+42
j  javafx.concurrent.Service.lambda$null$488(Ljavafx/concurrent/Task;)Ljava/lang/Void;+1
j  javafx.concurrent.Service$$Lambda$70.run()Ljava/lang/Object;+4
v  ~StubRoutines::call_stub
j  java.security.AccessController.doPrivileged(Ljava/security/PrivilegedAction;Ljava/security/AccessControlContext;)Ljava/lang/Object;+0
j  javafx.concurrent.Service.lambda$executeTask$489(Ljavafx/concurrent/Task;Ljava/security/AccessControlContext;)V+7
j  javafx.concurrent.Service$$Lambda$68.run()V+8
j  java.util.concurrent.ThreadPoolExecutor.runWorker(Ljava/util/concurrent/ThreadPoolExecutor$Worker;)V+95
j  java.util.concurrent.ThreadPoolExecutor$Worker.run()V+5
j  java.lang.Thread.run()V+11
v  ~StubRoutines::call_stub

---------------  P R O C E S S  ---------------

Java Threads: ( => current thread )
  0x000000001e27d800 JavaThread "Timer-0" [_thread_blocked, id=15080, stack(0x0000000027390000,0x0000000027490000)]
  0x000000001e27c000 JavaThread "Prism Font Disposer" daemon [_thread_blocked, id=4488, stack(0x0000000022d10000,0x0000000022e10000)]
  0x000000001e358000 JavaThread "Thread-15" daemon [_thread_blocked, id=9748, stack(0x000000000ec70000,0x000000000ed70000)]
=>0x000000001e287800 JavaThread "Thread-14" daemon [_thread_in_native, id=9992, stack(0x000000001fb70000,0x000000001fc70000)]
  0x000000000af8b800 JavaThread "Thread-4" daemon [_thread_in_native, id=2880, stack(0x000000000e420000,0x000000000e520000)]
  0x000000000ac8c800 JavaThread "JavaFX Application Thread" [_thread_in_native, id=12584, stack(0x000000000c7a0000,0x000000000c8a0000)]
  0x000000000ac8c000 JavaThread "Thread-3" daemon [_thread_blocked, id=13524, stack(0x000000000c650000,0x000000000c750000)]
  0x000000000adad000 JavaThread "QuantumRenderer-0" daemon [_thread_in_Java, id=13232, stack(0x000000000bec0000,0x000000000bfc0000)]
  0x000000000ac48800 JavaThread "JavaFX-Launcher" [_thread_blocked, id=10856, stack(0x000000000b5f0000,0x000000000b6f0000)]
  0x000000000ab10800 JavaThread "pool-1-thread-1" daemon [_thread_blocked, id=11092, stack(0x000000000b8c0000,0x000000000b9c0000)]
  0x000000000ab18800 JavaThread "cluster-ClusterId{value='573c51423478ca3a600e1f14', description='null'}-127.0.0.1:27017" daemon [_thread_blocked, id=7968, stack(0x000000000b730000,0x000000000b830000)]
  0x00000000098b7800 JavaThread "Monitor Ctrl-Break" daemon [_thread_in_native, id=11332, stack(0x000000000a5b0000,0x000000000a6b0000)]
  0x00000000097be000 JavaThread "Service Thread" daemon [_thread_blocked, id=14248, stack(0x000000000a290000,0x000000000a390000)]
  0x000000000972a800 JavaThread "C1 CompilerThread2" daemon [_thread_blocked, id=13924, stack(0x0000000009df0000,0x0000000009ef0000)]
  0x0000000009729000 JavaThread "C2 CompilerThread1" daemon [_thread_blocked, id=14344, stack(0x0000000009fb0000,0x000000000a0b0000)]
  0x000000000971d800 JavaThread "C2 CompilerThread0" daemon [_thread_blocked, id=8992, stack(0x0000000009b50000,0x0000000009c50000)]
  0x000000000971d000 JavaThread "Attach Listener" daemon [_thread_blocked, id=3440, stack(0x0000000009cd0000,0x0000000009dd0000)]
  0x0000000009726800 JavaThread "Signal Dispatcher" daemon [_thread_blocked, id=14464, stack(0x0000000009490000,0x0000000009590000)]
  0x0000000008292000 JavaThread "Finalizer" daemon [_thread_blocked, id=15452, stack(0x0000000009600000,0x0000000009700000)]
  0x0000000008290800 JavaThread "Reference Handler" daemon [_thread_blocked, id=15712, stack(0x0000000009370000,0x0000000009470000)]
  0x000000000226f000 JavaThread "main" [_thread_blocked, id=9896, stack(0x0000000002550000,0x0000000002650000)]

Other Threads:
  0x000000000828d000 VMThread [stack: 0x0000000009240000,0x0000000009340000] [id=16228]
  0x00000000097c1800 WatcherThread [stack: 0x000000000a450000,0x000000000a550000] [id=13356]

VM state:not at safepoint (normal execution)

VM Mutex/Monitor currently owned by a thread: None

Heap:
 PSYoungGen      total 81920K, used 62796K [0x00000000d6100000, 0x00000000dcb00000, 0x0000000100000000)
  eden space 73728K, 77% used [0x00000000d6100000,0x00000000d98f7828,0x00000000da900000)
  from space 8192K, 66% used [0x00000000db100000,0x00000000db65b818,0x00000000db900000)
  to   space 8192K, 0% used [0x00000000da900000,0x00000000da900000,0x00000000db100000)
 ParOldGen       total 58880K, used 13161K [0x0000000082200000, 0x0000000085b80000, 0x00000000d6100000)
  object space 58880K, 22% used [0x0000000082200000,0x0000000082eda4c8,0x0000000085b80000)
 Metaspace       used 30280K, capacity 31756K, committed 32000K, reserved 1077248K
  class space    used 4230K, capacity 4489K, committed 4608K, reserved 1048576K

Card table byte_map: [0x0000000002a10000,0x0000000002e00000] byte_map_base: 0x00000000025ff000

Marking Bits: (ParMarkBitMap*) 0x0000000057064040
 Begin Bits: [0x0000000003620000, 0x0000000005598000)
 End Bits:   [0x0000000005598000, 0x0000000007510000)

Polling page: 0x0000000000160000

CodeCache: size=245760Kb used=12099Kb max_used=13871Kb free=233660Kb
 bounds [0x000000000f010000, 0x000000000fdb0000, 0x000000001e010000]
 total_blobs=4747 nmethods=3956 adapters=701
 compilation: enabled

Compilation events (10 events):
Event: 25.637 Thread 0x000000000972a800 4485       3       com.sun.prism.paint.Stop::getOffset (5 bytes)
Event: 25.638 Thread 0x000000000972a800 nmethod 4485 0x000000000f354cd0 code [0x000000000f354e20, 0x000000000f354f70]
Event: 25.639 Thread 0x000000000971d800 4486       4       com.sun.javafx.sg.prism.NGNode::clearDirtyTree (84 bytes)
Event: 25.639 Thread 0x000000000972a800 4487       3       com.sun.javafx.sg.prism.NGText::renderContent2D (355 bytes)
Event: 25.641 Thread 0x000000000972a800 nmethod 4487 0x000000000f5b3ad0 code [0x000000000f5b3da0, 0x000000000f5b55d8]
Event: 25.641 Thread 0x000000000972a800 4488       3       com.sun.javafx.sg.prism.NGText::getStrike (292 bytes)
Event: 25.643 Thread 0x000000000972a800 nmethod 4488 0x000000000f6b92d0 code [0x000000000f6b9600, 0x000000000f6baf18]
Event: 25.643 Thread 0x000000000972a800 4489       1       com.sun.prism.paint.Paint::isProportional (5 bytes)
Event: 25.643 Thread 0x000000000972a800 nmethod 4489 0x000000000f390c50 code [0x000000000f390da0, 0x000000000f390eb0]
Event: 25.646 Thread 0x000000000971d800 nmethod 4486 0x000000000f387e50 code [0x000000000f388000, 0x000000000f388448]

GC Heap History (10 events):
Event: 3.715 GC heap before
{Heap before GC invocations=3 (full 0):
 PSYoungGen      total 37888K, used 15231K [0x00000000d6100000, 0x00000000dab00000, 0x0000000100000000)
  eden space 32768K, 30% used [0x00000000d6100000,0x00000000d6ae08e0,0x00000000d8100000)
  from space 5120K, 99% used [0x00000000d8600000,0x00000000d8aff6c0,0x00000000d8b00000)
  to   space 5120K, 0% used [0x00000000d8100000,0x00000000d8100000,0x00000000d8600000)
 ParOldGen       total 86016K, used 4515K [0x0000000082200000, 0x0000000087600000, 0x00000000d6100000)
  object space 86016K, 5% used [0x0000000082200000,0x0000000082668cc0,0x0000000087600000)
 Metaspace       used 20612K, capacity 21098K, committed 21248K, reserved 1067008K
  class space    used 2592K, capacity 2708K, committed 2816K, reserved 1048576K
Event: 3.723 GC heap after
Heap after GC invocations=3 (full 0):
 PSYoungGen      total 37888K, used 5101K [0x00000000d6100000, 0x00000000dab00000, 0x0000000100000000)
  eden space 32768K, 0% used [0x00000000d6100000,0x00000000d6100000,0x00000000d8100000)
  from space 5120K, 99% used [0x00000000d8100000,0x00000000d85fb6a0,0x00000000d8600000)
  to   space 5120K, 0% used [0x00000000da600000,0x00000000da600000,0x00000000dab00000)
 ParOldGen       total 86016K, used 6575K [0x0000000082200000, 0x0000000087600000, 0x00000000d6100000)
  object space 86016K, 7% used [0x0000000082200000,0x000000008286bfb8,0x0000000087600000)
 Metaspace       used 20612K, capacity 21098K, committed 21248K, reserved 1067008K
  class space    used 2592K, capacity 2708K, committed 2816K, reserved 1048576K
}
Event: 3.723 GC heap before
{Heap before GC invocations=4 (full 1):
 PSYoungGen      total 37888K, used 5101K [0x00000000d6100000, 0x00000000dab00000, 0x0000000100000000)
  eden space 32768K, 0% used [0x00000000d6100000,0x00000000d6100000,0x00000000d8100000)
  from space 5120K, 99% used [0x00000000d8100000,0x00000000d85fb6a0,0x00000000d8600000)
  to   space 5120K, 0% used [0x00000000da600000,0x00000000da600000,0x00000000dab00000)
 ParOldGen       total 86016K, used 6575K [0x0000000082200000, 0x0000000087600000, 0x00000000d6100000)
  object space 86016K, 7% used [0x0000000082200000,0x000000008286bfb8,0x0000000087600000)
 Metaspace       used 20612K, capacity 21098K, committed 21248K, reserved 1067008K
  class space    used 2592K, capacity 2708K, committed 2816K, reserved 1048576K
Event: 3.768 GC heap after
Heap after GC invocations=4 (full 1):
 PSYoungGen      total 37888K, used 0K [0x00000000d6100000, 0x00000000dab00000, 0x0000000100000000)
  eden space 32768K, 0% used [0x00000000d6100000,0x00000000d6100000,0x00000000d8100000)
  from space 5120K, 0% used [0x00000000d8100000,0x00000000d8100000,0x00000000d8600000)
  to   space 5120K, 0% used [0x00000000da600000,0x00000000da600000,0x00000000dab00000)
 ParOldGen       total 58880K, used 8708K [0x0000000082200000, 0x0000000085b80000, 0x00000000d6100000)
  object space 58880K, 14% used [0x0000000082200000,0x0000000082a81210,0x0000000085b80000)
 Metaspace       used 20612K, capacity 21098K, committed 21248K, reserved 1067008K
  class space    used 2592K, capacity 2708K, committed 2816K, reserved 1048576K
}
Event: 5.126 GC heap before
{Heap before GC invocations=5 (full 1):
 PSYoungGen      total 37888K, used 32768K [0x00000000d6100000, 0x00000000dab00000, 0x0000000100000000)
  eden space 32768K, 100% used [0x00000000d6100000,0x00000000d8100000,0x00000000d8100000)
  from space 5120K, 0% used [0x00000000d8100000,0x00000000d8100000,0x00000000d8600000)
  to   space 5120K, 0% used [0x00000000da600000,0x00000000da600000,0x00000000dab00000)
 ParOldGen       total 58880K, used 8708K [0x0000000082200000, 0x0000000085b80000, 0x00000000d6100000)
  object space 58880K, 14% used [0x0000000082200000,0x0000000082a81210,0x0000000085b80000)
 Metaspace       used 27428K, capacity 28708K, committed 28928K, reserved 1075200K
  class space    used 3852K, capacity 4079K, committed 4096K, reserved 1048576K
Event: 5.133 GC heap after
Heap after GC invocations=5 (full 1):
 PSYoungGen      total 55296K, used 5118K [0x00000000d6100000, 0x00000000dab00000, 0x0000000100000000)
  eden space 50176K, 0% used [0x00000000d6100000,0x00000000d6100000,0x00000000d9200000)
  from space 5120K, 99% used [0x00000000da600000,0x00000000daaff990,0x00000000dab00000)
  to   space 5120K, 0% used [0x00000000da100000,0x00000000da100000,0x00000000da600000)
 ParOldGen       total 58880K, used 10836K [0x0000000082200000, 0x0000000085b80000, 0x00000000d6100000)
  object space 58880K, 18% used [0x0000000082200000,0x0000000082c95220,0x0000000085b80000)
 Metaspace       used 27428K, capacity 28708K, committed 28928K, reserved 1075200K
  class space    used 3852K, capacity 4079K, committed 4096K, reserved 1048576K
}
Event: 12.560 GC heap before
{Heap before GC invocations=6 (full 1):
 PSYoungGen      total 55296K, used 55294K [0x00000000d6100000, 0x00000000dab00000, 0x0000000100000000)
  eden space 50176K, 100% used [0x00000000d6100000,0x00000000d9200000,0x00000000d9200000)
  from space 5120K, 99% used [0x00000000da600000,0x00000000daaff990,0x00000000dab00000)
  to   space 5120K, 0% used [0x00000000da100000,0x00000000da100000,0x00000000da600000)
 ParOldGen       total 58880K, used 10836K [0x0000000082200000, 0x0000000085b80000, 0x00000000d6100000)
  object space 58880K, 18% used [0x0000000082200000,0x0000000082c95220,0x0000000085b80000)
 Metaspace       used 29461K, capacity 30908K, committed 31104K, reserved 1075200K
  class space    used 4141K, capacity 4409K, committed 4480K, reserved 1048576K
Event: 12.574 GC heap after
Heap after GC invocations=6 (full 1):
 PSYoungGen      total 70656K, used 5110K [0x00000000d6100000, 0x00000000db900000, 0x0000000100000000)
  eden space 65536K, 0% used [0x00000000d6100000,0x00000000d6100000,0x00000000da100000)
  from space 5120K, 99% used [0x00000000da100000,0x00000000da5fdaf0,0x00000000da600000)
  to   space 8192K, 0% used [0x00000000db100000,0x00000000db100000,0x00000000db900000)
 ParOldGen       total 58880K, used 13153K [0x0000000082200000, 0x0000000085b80000, 0x00000000d6100000)
  object space 58880K, 22% used [0x0000000082200000,0x0000000082ed84c8,0x0000000085b80000)
 Metaspace       used 29461K, capacity 30908K, committed 31104K, reserved 1075200K
  class space    used 4141K, capacity 4409K, committed 4480K, reserved 1048576K
}
Event: 19.406 GC heap before
{Heap before GC invocations=7 (full 1):
 PSYoungGen      total 70656K, used 70646K [0x00000000d6100000, 0x00000000db900000, 0x0000000100000000)
  eden space 65536K, 100% used [0x00000000d6100000,0x00000000da100000,0x00000000da100000)
  from space 5120K, 99% used [0x00000000da100000,0x00000000da5fdaf0,0x00000000da600000)
  to   space 8192K, 0% used [0x00000000db100000,0x00000000db100000,0x00000000db900000)
 ParOldGen       total 58880K, used 13153K [0x0000000082200000, 0x0000000085b80000, 0x00000000d6100000)
  object space 58880K, 22% used [0x0000000082200000,0x0000000082ed84c8,0x0000000085b80000)
 Metaspace       used 29883K, capacity 31366K, committed 31616K, reserved 1077248K
  class space    used 4163K, capacity 4452K, committed 4480K, reserved 1048576K
Event: 19.415 GC heap after
Heap after GC invocations=7 (full 1):
 PSYoungGen      total 81920K, used 5486K [0x00000000d6100000, 0x00000000dcb00000, 0x0000000100000000)
  eden space 73728K, 0% used [0x00000000d6100000,0x00000000d6100000,0x00000000da900000)
  from space 8192K, 66% used [0x00000000db100000,0x00000000db65b818,0x00000000db900000)
  to   space 8192K, 0% used [0x00000000da900000,0x00000000da900000,0x00000000db100000)
 ParOldGen       total 58880K, used 13161K [0x0000000082200000, 0x0000000085b80000, 0x00000000d6100000)
  object space 58880K, 22% used [0x0000000082200000,0x0000000082eda4c8,0x0000000085b80000)
 Metaspace       used 29883K, capacity 31366K, committed 31616K, reserved 1077248K
  class space    used 4163K, capacity 4452K, committed 4480K, reserved 1048576K
}

Deoptimization events (10 events):
Event: 24.544 Thread 0x000000000ac8c800 Uncommon trap: reason=unstable_if action=reinterpret pc=0x000000000f3b8cbc method=java.lang.CharacterDataLatin1.isWhitespace(I)Z @ 14
Event: 24.556 Thread 0x000000000adad000 Uncommon trap: reason=bimorphic action=maybe_recompile pc=0x000000000f4f0ab8 method=java.util.concurrent.ConcurrentHashMap.putVal(Ljava/lang/Object;Ljava/lang/Object;Z)Ljava/lang/Object; @ 192
Event: 25.625 Thread 0x000000001e358000 Uncommon trap: reason=unstable_if action=reinterpret pc=0x000000000f4f0a44 method=java.util.concurrent.ConcurrentHashMap.putVal(Ljava/lang/Object;Ljava/lang/Object;Z)Ljava/lang/Object; @ 98
Event: 25.630 Thread 0x000000001e358000 Uncommon trap: reason=unstable_if action=reinterpret pc=0x000000000fbcb2fc method=javafx.geometry.Point3D.normalize()Ljavafx/geometry/Point3D; @ 8
Event: 25.630 Thread 0x000000001e358000 Uncommon trap: reason=class_check action=maybe_recompile pc=0x000000000fcd5c90 method=javafx.scene.Node.impl_notifyLayoutBoundsChanged()V @ 28
Event: 25.630 Thread 0x000000001e358000 Uncommon trap: reason=class_check action=maybe_recompile pc=0x000000000fcd5c90 method=javafx.scene.Node.impl_notifyLayoutBoundsChanged()V @ 28
Event: 25.630 Thread 0x000000001e358000 Uncommon trap: reason=class_check action=maybe_recompile pc=0x000000000fcd5c90 method=javafx.scene.Node.impl_notifyLayoutBoundsChanged()V @ 28
Event: 25.630 Thread 0x000000001e358000 Uncommon trap: reason=class_check action=maybe_recompile pc=0x000000000fcd5c90 method=javafx.scene.Node.impl_notifyLayoutBoundsChanged()V @ 28
Event: 25.632 Thread 0x000000000ac8c800 Uncommon trap: reason=unstable_if action=reinterpret pc=0x000000000fd8d38c method=javafx.scene.shape.Shape3D.impl_updatePeer()V @ 19
Event: 25.632 Thread 0x000000000ac8c800 Uncommon trap: reason=unstable_if action=reinterpret pc=0x000000000fd884f4 method=javafx.scene.shape.Shape3D.impl_updatePeer()V @ 19

Internal exceptions (10 events):
Event: 3.028 Thread 0x000000000ac8c800 Exception <a 'java/lang/ArrayIndexOutOfBoundsException': 75> (0x00000000d708dbc8) thrown at [C:\re\workspace\8-2-build-windows-amd64-cygwin\jdk8u51\3951\hotspot\src\share\vm\interpreter\interpreterRuntime.cpp, line 366]
Event: 3.028 Thread 0x000000000ac8c800 Exception <a 'java/lang/ArrayIndexOutOfBoundsException': 65> (0x00000000d708ee10) thrown at [C:\re\workspace\8-2-build-windows-amd64-cygwin\jdk8u51\3951\hotspot\src\share\vm\interpreter\interpreterRuntime.cpp, line 366]
Event: 3.028 Thread 0x000000000ac8c800 Exception <a 'java/lang/ArrayIndexOutOfBoundsException': 58> (0x00000000d7090150) thrown at [C:\re\workspace\8-2-build-windows-amd64-cygwin\jdk8u51\3951\hotspot\src\share\vm\interpreter\interpreterRuntime.cpp, line 366]
Event: 3.424 Thread 0x000000000ac8c800 Exception <a 'java/lang/NullPointerException'> (0x00000000d61419c0) thrown at [C:\re\workspace\8-2-build-windows-amd64-cygwin\jdk8u51\3951\hotspot\src\share\vm\interpreter\linkResolver.cpp, line 1178]
Event: 3.424 Thread 0x000000000ac8c800 Exception <a 'java/lang/NullPointerException'> (0x00000000d61419c0) thrown at [C:\re\workspace\8-2-build-windows-amd64-cygwin\jdk8u51\3951\hotspot\src\share\vm\prims\jvm.cpp, line 1386]
Event: 3.963 Thread 0x000000000ac8c800 Implicit null exception at 0x000000000f582635 to 0x000000000f582845
Event: 4.054 Thread 0x000000000ac8c800 Implicit null exception at 0x000000000f5ba42a to 0x000000000f5ba4b9
Event: 4.055 Thread 0x000000000ac8c800 Exception <a 'java/io/FileNotFoundException'> (0x00000000d6923fc8) thrown at [C:\re\workspace\8-2-build-windows-amd64-cygwin\jdk8u51\3951\hotspot\src\share\vm\prims\jni.cpp, line 709]
Event: 7.430 Thread 0x000000000ac8c800 Implicit null exception at 0x000000000fa09a1c to 0x000000000fa0a889
Event: 16.588 Thread 0x000000000ac8c800 Implicit null exception at 0x000000000f79945a to 0x000000000f799c69

Events (10 events):
Event: 25.651 Thread 0x000000001e27e800 Thread added: 0x000000001e27e800
Event: 25.651 Thread 0x000000001e27e800 Thread exited: 0x000000001e27e800
Event: 25.655 Thread 0x000000001e27e800 Thread added: 0x000000001e27e800
Event: 25.655 Thread 0x000000001e27e800 Thread exited: 0x000000001e27e800
Event: 25.660 Thread 0x000000001e27e800 Thread added: 0x000000001e27e800
Event: 25.660 Thread 0x000000001e27e800 Thread exited: 0x000000001e27e800
Event: 25.669 Thread 0x000000001e27e800 Thread added: 0x000000001e27e800
Event: 25.669 Thread 0x000000001e27e800 Thread exited: 0x000000001e27e800
Event: 25.679 Thread 0x000000001e27e800 Thread added: 0x000000001e27e800
Event: 25.679 Thread 0x000000001e27e800 Thread exited: 0x000000001e27e800


Dynamic libraries:
0x000000013fd10000 - 0x000000013fd47000 	C:\Program Files\Java\jdk1.8.0_51\bin\java.exe
0x00000000773c0000 - 0x0000000077569000 	C:\Windows\SYSTEM32\ntdll.dll
0x000007fef2a70000 - 0x000007fef2aa3000 	C:\Program Files (x86)\AVG\Av\avghooka.dll
0x0000000076dc0000 - 0x0000000076edf000 	C:\Windows\system32\kernel32.dll
0x000007fefc740000 - 0x000007fefc7ab000 	C:\Windows\system32\KERNELBASE.dll
0x000007fefe1f0000 - 0x000007fefe2cb000 	C:\Windows\system32\ADVAPI32.dll
0x000007fefd930000 - 0x000007fefd9cf000 	C:\Windows\system32\msvcrt.dll
0x000007fefe2d0000 - 0x000007fefe2ef000 	C:\Windows\SYSTEM32\sechost.dll
0x000007fefd9d0000 - 0x000007fefdafd000 	C:\Windows\system32\RPCRT4.dll
0x0000000076cc0000 - 0x0000000076dba000 	C:\Windows\system32\USER32.dll
0x000007fefe080000 - 0x000007fefe0e7000 	C:\Windows\system32\GDI32.dll
0x000007fefe0f0000 - 0x000007fefe0fe000 	C:\Windows\system32\LPK.dll
0x000007fefe100000 - 0x000007fefe1c9000 	C:\Windows\system32\USP10.dll
0x000007fefb430000 - 0x000007fefb624000 	C:\Windows\WinSxS\amd64_microsoft.windows.common-controls_6595b64144ccf1df_6.0.7601.17514_none_fa396087175ac9ac\COMCTL32.dll
0x000007fefc8b0000 - 0x000007fefc921000 	C:\Windows\system32\SHLWAPI.dll
0x000007fefd900000 - 0x000007fefd92e000 	C:\Windows\system32\IMM32.DLL
0x000007fefdb50000 - 0x000007fefdc59000 	C:\Windows\system32\MSCTF.dll
0x000007fefc4b0000 - 0x000007fefc4df000 	C:\Windows\system32\nvinitx.dll
0x000000000f000000 - 0x000000000f006000 	C:\Program Files\NVIDIA Corporation\CoProcManager\_etoured.dll
0x000007fef8f80000 - 0x000007fef8fdf000 	C:\Program Files\NVIDIA Corporation\CoProcManager\nvd3d9wrapx.dll
0x000007fefc990000 - 0x000007fefcb67000 	C:\Windows\system32\SETUPAPI.dll
0x000007fefc700000 - 0x000007fefc736000 	C:\Windows\system32\CFGMGR32.dll
0x000007fefdf90000 - 0x000007fefe067000 	C:\Windows\system32\OLEAUT32.dll
0x000007fefdce0000 - 0x000007fefdee3000 	C:\Windows\system32\ole32.dll
0x000007fefc7b0000 - 0x000007fefc7ca000 	C:\Windows\system32\DEVOBJ.dll
0x000007fef85f0000 - 0x000007fef8636000 	C:\Program Files\NVIDIA Corporation\CoProcManager\nvdxgiwrapx.dll
0x000000006c160000 - 0x000000006c232000 	C:\Program Files\Java\jdk1.8.0_51\jre\bin\msvcr100.dll
0x0000000056860000 - 0x00000000570e3000 	C:\Program Files\Java\jdk1.8.0_51\jre\bin\server\jvm.dll
0x000007fef80a0000 - 0x000007fef80a9000 	C:\Windows\system32\WSOCK32.dll
0x000007fefdb00000 - 0x000007fefdb4d000 	C:\Windows\system32\WS2_32.dll
0x000007fefe070000 - 0x000007fefe078000 	C:\Windows\system32\NSI.dll
0x000007fefa1e0000 - 0x000007fefa21b000 	C:\Windows\system32\WINMM.dll
0x000007fefb2b0000 - 0x000007fefb2bc000 	C:\Windows\system32\VERSION.dll
0x0000000077580000 - 0x0000000077587000 	C:\Windows\system32\PSAPI.DLL
0x0000000073580000 - 0x000000007358f000 	C:\Program Files\Java\jdk1.8.0_51\jre\bin\verify.dll
0x0000000070800000 - 0x0000000070829000 	C:\Program Files\Java\jdk1.8.0_51\jre\bin\java.dll
0x00000000707e0000 - 0x00000000707f6000 	C:\Program Files\Java\jdk1.8.0_51\jre\bin\zip.dll
0x000007fefcb70000 - 0x000007fefd8f8000 	C:\Windows\system32\SHELL32.dll
0x000007fefc4e0000 - 0x000007fefc4ef000 	C:\Windows\system32\profapi.dll
0x000007fef6b90000 - 0x000007fef6ba0000 	C:\Program Files (x86)\JetBrains\IntelliJ IDEA Community Edition 2016.1.2\bin\breakgen64.dll
0x00000000722d0000 - 0x00000000722ea000 	C:\Program Files\Java\jdk1.8.0_51\jre\bin\net.dll
0x000007fefbcc0000 - 0x000007fefbd15000 	C:\Windows\system32\mswsock.dll
0x000007fefbcb0000 - 0x000007fefbcb7000 	C:\Windows\System32\wship6.dll
0x000007fefbd20000 - 0x000007fefbd37000 	C:\Windows\system32\CRYPTSP.dll
0x000007fefb9e0000 - 0x000007fefba27000 	C:\Windows\system32\rsaenh.dll
0x000007fefb7a0000 - 0x000007fefb7be000 	C:\Windows\system32\USERENV.dll
0x000007fefc380000 - 0x000007fefc38f000 	C:\Windows\system32\CRYPTBASE.dll
0x000007fef9b10000 - 0x000007fef9b37000 	C:\Windows\system32\IPHLPAPI.DLL
0x000007fef9a90000 - 0x000007fef9a9b000 	C:\Windows\system32\WINNSI.DLL
0x000007fef9850000 - 0x000007fef9868000 	C:\Windows\system32\dhcpcsvc.DLL
0x000007fef99d0000 - 0x000007fef99e1000 	C:\Windows\system32\dhcpcsvc6.DLL
0x00000000707c0000 - 0x00000000707d1000 	C:\Program Files\Java\jdk1.8.0_51\jre\bin\nio.dll
0x00000000735d0000 - 0x00000000735dd000 	C:\Program Files\Java\jdk1.8.0_51\jre\bin\management.dll
0x000007fefa0c0000 - 0x000007fefa0d5000 	C:\Windows\system32\NLAapi.dll
0x000007fef11e0000 - 0x000007fef11f5000 	C:\Windows\system32\napinsp.dll
0x000007fef11a0000 - 0x000007fef11b9000 	C:\Windows\system32\pnrpnsp.dll
0x000007fefba60000 - 0x000007fefbabb000 	C:\Windows\system32\DNSAPI.dll
0x000007fef2ab0000 - 0x000007fef2abb000 	C:\Windows\System32\winrnr.dll
0x000007fef1190000 - 0x000007fef11a0000 	C:\Windows\system32\wshbth.dll
0x0000000070920000 - 0x0000000070946000 	C:\Program Files\Bonjour\mdnsNSP.dll
0x000007fefb730000 - 0x000007fefb737000 	C:\Windows\System32\wshtcpip.dll
0x000007fef64d0000 - 0x000007fef64d8000 	C:\Windows\system32\rasadhlp.dll
0x000007fef9a30000 - 0x000007fef9a83000 	C:\Windows\System32\fwpuclnt.dll
0x000000006c850000 - 0x000000006c87c000 	C:\Program Files\Java\jdk1.8.0_51\jre\bin\prism_d3d.dll
0x000007fef0e00000 - 0x000007fef0fff000 	C:\Windows\system32\d3d9.dll
0x000007fef0de0000 - 0x000007fef0de7000 	C:\Windows\system32\d3d8thk.dll
0x000007fefa750000 - 0x000007fefa768000 	C:\Windows\system32\dwmapi.dll
0x000007fefade0000 - 0x000007fefae36000 	C:\Windows\system32\uxtheme.dll
0x000007fef83e0000 - 0x000007fef854b000 	C:\Windows\system32\nvumdshimx.dll
0x000007fed87e0000 - 0x000007fed93ff000 	C:\Windows\system32\igdumd64.dll
0x000000006c800000 - 0x000000006c841000 	C:\Program Files\Java\jdk1.8.0_51\jre\bin\glass.dll
0x000007fefe2f0000 - 0x000007fefe387000 	C:\Windows\system32\COMDLG32.dll
0x000007feed8d0000 - 0x000007feed90e000 	C:\Users\User\git\SLT\out\production\SLT\lib\x64\LeapJava.dll
0x000007fef39c0000 - 0x000007fef3a66000 	C:\Windows\system32\MSVCP120.dll
0x000007fef38d0000 - 0x000007fef39bf000 	C:\Windows\system32\MSVCR120.dll
0x000007fed7900000 - 0x000007fed7b5e000 	C:\Users\User\git\SLT\out\production\SLT\lib\x64\Leap.dll
0x000007fefa1b0000 - 0x000007fefa1dd000 	C:\Windows\system32\ntmarta.dll
0x000007fefc930000 - 0x000007fefc982000 	C:\Windows\system32\WLDAP32.dll
0x00000000706a0000 - 0x00000000706b5000 	C:\Program Files\Java\jdk1.8.0_51\jre\bin\javafx_font.dll
0x000007fedf2b0000 - 0x000007fedf42e000 	C:\Windows\system32\dwrite.dll
0x000007fefdef0000 - 0x000007fefdf89000 	C:\Windows\system32\CLBCatQ.DLL
0x000007fefa570000 - 0x000007fefa69a000 	C:\Windows\system32\WindowsCodecs.dll
0x000007fefc430000 - 0x000007fefc487000 	C:\Windows\system32\apphelp.dll
0x000007fef3890000 - 0x000007fef38c5000 	C:\Windows\system32\EhStorShell.dll
0x000007fefae40000 - 0x000007fefaf6c000 	C:\Windows\system32\PROPSYS.dll
0x000007fef37d0000 - 0x000007fef3850000 	C:\Windows\system32\ntshrui.dll
0x000007fefc280000 - 0x000007fefc2a3000 	C:\Windows\system32\srvcli.dll
0x000007fef4f20000 - 0x000007fef4f2f000 	C:\Windows\system32\cscapi.dll
0x000007fefa000000 - 0x000007fefa00b000 	C:\Windows\system32\slc.dll
0x000007fefa050000 - 0x000007fefa07d000 	C:\Program Files\Common Files\Microsoft Shared\Ink\rtscom.dll
0x000007fee19c0000 - 0x000007fee19ff000 	C:\Program Files\WIDCOMM\Bluetooth Software\btmmhook.dll
0x000000006c7e0000 - 0x000000006c7f1000 	C:\Program Files\Java\jdk1.8.0_51\jre\bin\prism_common.dll
0x000007fee1bb0000 - 0x000007fee1bd4000 	C:\Program Files\WIDCOMM\Bluetooth Software\btkeyind.dll
0x000007fedf430000 - 0x000007fedf512000 	C:\Windows\system32\d2d1.dll
0x000007fef5690000 - 0x000007fef56c4000 	C:\Windows\system32\d3d10_1.dll
0x000007fef5630000 - 0x000007fef5685000 	C:\Windows\system32\d3d10_1core.dll
0x000007fef5580000 - 0x000007fef5627000 	C:\Windows\system32\dxgi.dll
0x000007fedaf80000 - 0x000007fedb150000 	C:\Windows\system32\D3D10Warp.dll
0x000007fefc870000 - 0x000007fefc8aa000 	C:\Windows\system32\WINTRUST.dll
0x0000000027490000 - 0x00000000275f7000 	C:\Windows\system32\CRYPT32.dll
0x000007fefc580000 - 0x000007fefc58f000 	C:\Windows\system32\MSASN1.dll
0x000007fef3690000 - 0x000007fef37b5000 	C:\Windows\system32\dbghelp.dll

VM Arguments:
jvm_args: -Djava.library.path=C:\Users\User\git\SLT\out\production\SLT\lib\x64 -Didea.launcher.port=7534 -Didea.launcher.bin.path=C:\Program Files (x86)\JetBrains\IntelliJ IDEA Community Edition 2016.1.2\bin -Dfile.encoding=UTF-8 
java_command: com.intellij.rt.execution.application.AppMain gui.GUI
java_class_path (initial): C:\Program Files\Java\jdk1.8.0_51\jre\lib\charsets.jar;C:\Program Files\Java\jdk1.8.0_51\jre\lib\deploy.jar;C:\Program Files\Java\jdk1.8.0_51\jre\lib\ext\access-bridge-64.jar;C:\Program Files\Java\jdk1.8.0_51\jre\lib\ext\cldrdata.jar;C:\Program Files\Java\jdk1.8.0_51\jre\lib\ext\dnsns.jar;C:\Program Files\Java\jdk1.8.0_51\jre\lib\ext\jaccess.jar;C:\Program Files\Java\jdk1.8.0_51\jre\lib\ext\jfxrt.jar;C:\Program Files\Java\jdk1.8.0_51\jre\lib\ext\localedata.jar;C:\Program Files\Java\jdk1.8.0_51\jre\lib\ext\nashorn.jar;C:\Program Files\Java\jdk1.8.0_51\jre\lib\ext\sunec.jar;C:\Program Files\Java\jdk1.8.0_51\jre\lib\ext\sunjce_provider.jar;C:\Program Files\Java\jdk1.8.0_51\jre\lib\ext\sunmscapi.jar;C:\Program Files\Java\jdk1.8.0_51\jre\lib\ext\sunpkcs11.jar;C:\Program Files\Java\jdk1.8.0_51\jre\lib\ext\zipfs.jar;C:\Program Files\Java\jdk1.8.0_51\jre\lib\javaws.jar;C:\Program Files\Java\jdk1.8.0_51\jre\lib\jce.jar;C:\Program Files\Java\jdk1.8.0_51\jre\lib\jfr.jar;C:\Program Files\Java\jdk1.8.0_51\jre\lib\jfxswt.jar;C:\Program Files\Java\jdk1.8.0_51\jre\lib\jsse.jar;C:\Program Files\Java\jdk1.8.0_51\jre\lib\management-agent.jar;C:\Program Files\Java\jdk1.8.0_51\jre\lib\plugin.jar;C:\Program Files\Java\jdk1.8.0_51\jre\lib\resources.jar;C:\Program Files\Java\jdk1.8.0_51\jre\lib\rt.jar;C:\Users\User\git\SLT\out\production\SLT;C:\Users\User\git\SLT\out\production\SLT\lib\LeapJava.jar;C:\Users\User\git\SLT\out\production\SLT\lib\bson4jackson-2.5.0.jar;C:\Users\User\git\SLT\out\production\SLT\lib\jackson-databind-2.6.3.jar;C:\Users\User\git\SLT\out\production\SLT\lib\jackson-annotations-2.6.3.jar;C:\Users\User\git\SLT\out\production\SLT\lib\jackson-core-2.6.3.jar;C:\Users\User\git\SLT\out\production\SLT\lib\mongo-java-driver-3.1.0.jar;C:\Users\User\git\SLT\out\production\SLT\lib\jongo-1.2.jar;C:\Program Files (x86)\JetBrains\IntelliJ IDEA Community Edition 2016.1.2\lib\idea_rt.jar
Launcher Type: SUN_STANDARD

Environment Variables:
CLASSPATH=C:\Users\User\workspace;C:\j3d\lib\ext\j3dcore.jar;C:\j3d\lib\ext\j3dutils.jar;C:\j3d\lib\ext\vecmath.jar
USERNAME=User
OS=Windows_NT
PROCESSOR_IDENTIFIER=Intel64 Family 6 Model 58 Stepping 9, GenuineIntel



---------------  S Y S T E M  ---------------

OS: Windows 7 , 64 bit Build 7601 (6.1.7601.17514)

CPU:total 4 (2 cores per cpu, 2 threads per core) family 6 model 58 stepping 9, cmov, cx8, fxsr, mmx, sse, sse2, sse3, ssse3, sse4.1, sse4.2, popcnt, avx, aes, clmul, erms, ht, tsc, tscinvbit, tscinv

Memory: 4k page, physical 8248712k(1195760k free), swap 16495580k(3860856k free)

vm_info: Java HotSpot(TM) 64-Bit Server VM (25.51-b03) for windows-amd64 JRE (1.8.0_51-b16), built on Jun  8 2015 18:03:07 by "java_re" with MS VC++ 10.0 (VS2010)

time: Wed May 18 19:26:17 2016
elapsed time: 25 seconds (0d 0h 0m 25s)

