#
# A fatal error has been detected by the Java Runtime Environment:
#
#  EXCEPTION_ACCESS_VIOLATION (0xc0000005) at pc=0x000007fed93a7142, pid=1360, tid=33760
#
# JRE version: Java(TM) SE Runtime Environment (8.0_51-b16) (build 1.8.0_51-b16)
# Java VM: Java HotSpot(TM) 64-Bit Server VM (25.51-b03 mixed mode windows-amd64 compressed oops)
# Problematic frame:
# C  [Leap.dll+0x7142]
#
# Failed to write core dump. Minidumps are not enabled by default on client versions of Windows
#
# If you would like to submit a bug report, please visit:
#   http://bugreport.java.com/bugreport/crash.jsp
# The crash happened outside the Java Virtual Machine in native code.
# See problematic frame for where to report the bug.
#

---------------  T H R E A D  ---------------

Current thread (0x000000000a440000):  JavaThread "Thread-8" daemon [_thread_in_native, id=33760, stack(0x0000000024730000,0x0000000024830000)]

siginfo: ExceptionCode=0xc0000005, reading address 0x0000000000000010

Registers:
RAX=0x0000000000000000, RBX=0x000000002482e168, RCX=0x0000000000000008, RDX=0x000000002482e168
RSP=0x000000002482e0e0, RBP=0x0000000000000000, RSI=0x000000000e537f00, RDI=0x000000000e537ca0
R8 =0x000000000e537ef0, R9 =0x000000000e537f00, R10=0x0000000000000000, R11=0x000000002482e1b0
R12=0x0000000000000000, R13=0x000000000b9ecb48, R14=0x000000000e537ca0, R15=0x0000000000000000
RIP=0x000007fed93a7142, EFLAGS=0x0000000000010246

Top of Stack: (sp=0x000000002482e0e0)
0x000000002482e0e0:   0000000000000018 0000000000000000
0x000000002482e0f0:   000000000a440000 000000002482e3b8
0x000000002482e100:   000000000b9ecb48 0000000000000000
0x000000002482e110:   0000000000000010 0000000000000000
0x000000002482e120:   0000000000000000 000007fed93cb4b0
0x000000002482e130:   0000000000000002 0000000000000010
0x000000002482e140:   0000000000000000 000007fef38dae54
0x000000002482e150:   fffffffffffffffe 000007fef3936967
0x000000002482e160:   000000000e537ca0 0000000000000000
0x000000002482e170:   0000000000000000 000000002482e1d8
0x000000002482e180:   000000000a440000 000000002482e3b8
0x000000002482e190:   000000000e537ca0 0000000000000000
0x000000002482e1a0:   00000000002d4bc8 000007fed93cc30a
0x000000002482e1b0:   0000000000000000 0000000000000001
0x000000002482e1c0:   000000000e537f00 000007fef39fcfb4
0x000000002482e1d0:   fffffffffffffffe 0000000000000000 

Instructions: (pc=0x000007fed93a7142)
0x000007fed93a7122:   00 cc cc cc cc cc cc cc cc cc cc cc cc cc 40 53
0x000007fed93a7132:   48 83 ec 40 33 c0 48 8b da 48 89 02 48 89 42 08
0x000007fed93a7142:   4c 8b 41 08 48 8b 11 89 44 24 20 4d 85 c0 74 34
0x000007fed93a7152:   41 8b 40 08 85 c0 74 2c 66 0f 1f 44 00 00 8d 48 


Register to memory mapping:

RAX=0x0000000000000000 is an unknown value
RBX=0x000000002482e168 is pointing into the stack for thread: 0x000000000a440000
RCX=0x0000000000000008 is an unknown value
RDX=0x000000002482e168 is pointing into the stack for thread: 0x000000000a440000
RSP=0x000000002482e0e0 is pointing into the stack for thread: 0x000000000a440000
RBP=0x0000000000000000 is an unknown value
RSI=0x000000000e537f00 is an unknown value
RDI=0x000000000e537ca0 is an unknown value
R8 =0x000000000e537ef0 is an unknown value
R9 =0x000000000e537f00 is an unknown value
R10=0x0000000000000000 is an unknown value
R11=0x000000002482e1b0 is pointing into the stack for thread: 0x000000000a440000
R12=0x0000000000000000 is an unknown value
R13={method} {0x000000000b9ecb50} 'Controller_frame__SWIG_1' '(JLcom/leapmotion/leap/Controller;)J' in 'com/leapmotion/leap/LeapJNI'
R14=0x000000000e537ca0 is an unknown value
R15=0x0000000000000000 is an unknown value


Stack: [0x0000000024730000,0x0000000024830000],  sp=0x000000002482e0e0,  free space=1016k
Native frames: (J=compiled Java code, j=interpreted, Vv=VM code, C=native code)

Java frames: (J=compiled Java code, j=interpreted, Vv=VM code)
j  com.leapmotion.leap.LeapJNI.Controller_frame__SWIG_1(JLcom/leapmotion/leap/Controller;)J+0
j  com.leapmotion.leap.Controller.frame()Lcom/leapmotion/leap/Frame;+9
j  gui.GUI$5$1.call()Ljava/lang/Void;+20
j  gui.GUI$5$1.call()Ljava/lang/Object;+1
j  javafx.concurrent.Task$TaskCallable.call()Ljava/lang/Object;+26
j  java.util.concurrent.FutureTask.run()V+42
j  javafx.concurrent.Service.lambda$null$488(Ljavafx/concurrent/Task;)Ljava/lang/Void;+1
j  javafx.concurrent.Service$$Lambda$143.run()Ljava/lang/Object;+4
v  ~StubRoutines::call_stub
j  java.security.AccessController.doPrivileged(Ljava/security/PrivilegedAction;Ljava/security/AccessControlContext;)Ljava/lang/Object;+0
j  javafx.concurrent.Service.lambda$executeTask$489(Ljavafx/concurrent/Task;Ljava/security/AccessControlContext;)V+7
j  javafx.concurrent.Service$$Lambda$141.run()V+8
j  java.util.concurrent.ThreadPoolExecutor.runWorker(Ljava/util/concurrent/ThreadPoolExecutor$Worker;)V+95
j  java.util.concurrent.ThreadPoolExecutor$Worker.run()V+5
j  java.lang.Thread.run()V+11
v  ~StubRoutines::call_stub

---------------  P R O C E S S  ---------------

Java Threads: ( => current thread )
=>0x000000000a440000 JavaThread "Thread-8" daemon [_thread_in_native, id=33760, stack(0x0000000024730000,0x0000000024830000)]
  0x000000000a43f000 JavaThread "Thread-7" daemon [_thread_blocked, id=644, stack(0x0000000024610000,0x0000000024710000)]
  0x0000000023563800 JavaThread "Thread-6" daemon [_thread_blocked, id=12324, stack(0x0000000024420000,0x0000000024520000)]
  0x0000000023561000 JavaThread "Thread-5" daemon [_thread_blocked, id=31448, stack(0x0000000024280000,0x0000000024380000)]
  0x000000000a9ba800 JavaThread "Prism Font Disposer" daemon [_thread_blocked, id=2468, stack(0x00000000213d0000,0x00000000214d0000)]
  0x000000000a54f800 JavaThread "Thread-4" daemon [_thread_in_native, id=2548, stack(0x000000000e2e0000,0x000000000e3e0000)]
  0x0000000009649800 JavaThread "JavaFX Application Thread" [_thread_in_native, id=2436, stack(0x000000000c310000,0x000000000c410000)]
  0x00000000096a5000 JavaThread "Thread-3" daemon [_thread_blocked, id=10520, stack(0x000000000c030000,0x000000000c130000)]
  0x000000000a435800 JavaThread "QuantumRenderer-0" daemon [_thread_blocked, id=31512, stack(0x000000000bb90000,0x000000000bc90000)]
  0x000000000a854800 JavaThread "JavaFX-Launcher" [_thread_blocked, id=15404, stack(0x000000000b050000,0x000000000b150000)]
  0x000000000a633800 JavaThread "pool-1-thread-1" daemon [_thread_blocked, id=32296, stack(0x000000000b2a0000,0x000000000b3a0000)]
  0x000000000a630000 JavaThread "cluster-ClusterId{value='57455769cb8e860550cdcf05', description='null'}-127.0.0.1:27017" daemon [_thread_blocked, id=32920, stack(0x000000000b160000,0x000000000b260000)]
  0x000000000963d800 JavaThread "Monitor Ctrl-Break" daemon [_thread_in_native, id=32800, stack(0x000000000a2f0000,0x000000000a3f0000)]
  0x000000000954a800 JavaThread "Service Thread" daemon [_thread_blocked, id=29800, stack(0x0000000009e70000,0x0000000009f70000)]
  0x00000000094bb000 JavaThread "C1 CompilerThread2" daemon [_thread_blocked, id=29988, stack(0x0000000009b10000,0x0000000009c10000)]
  0x00000000094ba000 JavaThread "C2 CompilerThread1" daemon [_thread_blocked, id=33748, stack(0x0000000009d70000,0x0000000009e70000)]
  0x00000000094b7000 JavaThread "C2 CompilerThread0" daemon [_thread_blocked, id=2480, stack(0x0000000009c10000,0x0000000009d10000)]
  0x00000000094b6000 JavaThread "Attach Listener" daemon [_thread_blocked, id=33680, stack(0x0000000009890000,0x0000000009990000)]
  0x00000000094aa800 JavaThread "Signal Dispatcher" daemon [_thread_blocked, id=33096, stack(0x00000000099f0000,0x0000000009af0000)]
  0x0000000008188800 JavaThread "Finalizer" daemon [_thread_blocked, id=29484, stack(0x0000000009390000,0x0000000009490000)]
  0x0000000008181800 JavaThread "Reference Handler" daemon [_thread_blocked, id=16060, stack(0x0000000009160000,0x0000000009260000)]
  0x00000000021af000 JavaThread "main" [_thread_blocked, id=22772, stack(0x00000000023d0000,0x00000000024d0000)]

Other Threads:
  0x000000000817c000 VMThread [stack: 0x0000000003310000,0x0000000003410000] [id=30864]
  0x000000000954e000 WatcherThread [stack: 0x0000000009290000,0x0000000009390000] [id=33184]

VM state:not at safepoint (normal execution)

VM Mutex/Monitor currently owned by a thread: None

Heap:
 PSYoungGen      total 37888K, used 18573K [0x00000000d6100000, 0x00000000d8b00000, 0x0000000100000000)
  eden space 32768K, 56% used [0x00000000d6100000,0x00000000d7323658,0x00000000d8100000)
  from space 5120K, 0% used [0x00000000d8600000,0x00000000d8600000,0x00000000d8b00000)
  to   space 5120K, 0% used [0x00000000d8100000,0x00000000d8100000,0x00000000d8600000)
 ParOldGen       total 40448K, used 5405K [0x0000000082200000, 0x0000000084980000, 0x00000000d6100000)
  object space 40448K, 13% used [0x0000000082200000,0x00000000827474c8,0x0000000084980000)
 Metaspace       used 23242K, capacity 23916K, committed 24064K, reserved 1071104K
  class space    used 3113K, capacity 3256K, committed 3328K, reserved 1048576K

Card table byte_map: [0x0000000002890000,0x0000000002c80000] byte_map_base: 0x000000000247f000

Marking Bits: (ParMarkBitMap*) 0x0000000057064040
 Begin Bits: [0x0000000003510000, 0x0000000005488000)
 End Bits:   [0x0000000005488000, 0x0000000007400000)

Polling page: 0x0000000001c90000

CodeCache: size=245760Kb used=5857Kb max_used=5857Kb free=239902Kb
 bounds [0x000000000f010000, 0x000000000f5d0000, 0x000000001e010000]
 total_blobs=2542 nmethods=1816 adapters=638
 compilation: enabled

Compilation events (10 events):
Event: 65.691 Thread 0x00000000094bb000 1855       3       javafx.scene.transform.Transform::<init> (21 bytes)
Event: 65.692 Thread 0x00000000094bb000 nmethod 1855 0x000000000f198cd0 code [0x000000000f198e40, 0x000000000f1990c8]
Event: 65.692 Thread 0x00000000094bb000 1863       3       javafx.scene.transform.Rotate::transformChanged (19 bytes)
Event: 65.692 Thread 0x00000000094bb000 nmethod 1863 0x000000000f198790 code [0x000000000f198900, 0x000000000f198b98]
Event: 65.692 Thread 0x00000000094bb000 1849       3       java.util.Arrays::asList (9 bytes)
Event: 65.692 Thread 0x00000000094bb000 nmethod 1849 0x000000000f5b9290 code [0x000000000f5b9420, 0x000000000f5b9888]
Event: 65.692 Thread 0x00000000094bb000 1851       3       java.util.Arrays$ArrayList::<init> (16 bytes)
Event: 65.693 Thread 0x00000000094bb000 nmethod 1851 0x000000000f5bd9d0 code [0x000000000f5bdb60, 0x000000000f5bdf48]
Event: 65.693 Thread 0x00000000094bb000 1859       1       java.util.Collections$EmptyIterator::hasNext (2 bytes)
Event: 65.693 Thread 0x00000000094bb000 nmethod 1859 0x000000000f1a0d90 code [0x000000000f1a0ee0, 0x000000000f1a0ff0]

GC Heap History (6 events):
Event: 42.824 GC heap before
{Heap before GC invocations=1 (full 0):
 PSYoungGen      total 37888K, used 32768K [0x00000000d6100000, 0x00000000d8b00000, 0x0000000100000000)
  eden space 32768K, 100% used [0x00000000d6100000,0x00000000d8100000,0x00000000d8100000)
  from space 5120K, 0% used [0x00000000d8600000,0x00000000d8600000,0x00000000d8b00000)
  to   space 5120K, 0% used [0x00000000d8100000,0x00000000d8100000,0x00000000d8600000)
 ParOldGen       total 86016K, used 0K [0x0000000082200000, 0x0000000087600000, 0x00000000d6100000)
  object space 86016K, 0% used [0x0000000082200000,0x0000000082200000,0x0000000087600000)
 Metaspace       used 13132K, capacity 13298K, committed 13440K, reserved 1060864K
  class space    used 1542K, capacity 1601K, committed 1664K, reserved 1048576K
Event: 42.835 GC heap after
Heap after GC invocations=1 (full 0):
 PSYoungGen      total 37888K, used 5089K [0x00000000d6100000, 0x00000000d8b00000, 0x0000000100000000)
  eden space 32768K, 0% used [0x00000000d6100000,0x00000000d6100000,0x00000000d8100000)
  from space 5120K, 99% used [0x00000000d8100000,0x00000000d85f8578,0x00000000d8600000)
  to   space 5120K, 0% used [0x00000000d8600000,0x00000000d8600000,0x00000000d8b00000)
 ParOldGen       total 86016K, used 1766K [0x0000000082200000, 0x0000000087600000, 0x00000000d6100000)
  object space 86016K, 2% used [0x0000000082200000,0x00000000823b9a60,0x0000000087600000)
 Metaspace       used 13132K, capacity 13298K, committed 13440K, reserved 1060864K
  class space    used 1542K, capacity 1601K, committed 1664K, reserved 1048576K
}
Event: 62.220 GC heap before
{Heap before GC invocations=2 (full 0):
 PSYoungGen      total 37888K, used 27349K [0x00000000d6100000, 0x00000000d8b00000, 0x0000000100000000)
  eden space 32768K, 67% used [0x00000000d6100000,0x00000000d76bcf30,0x00000000d8100000)
  from space 5120K, 99% used [0x00000000d8100000,0x00000000d85f8578,0x00000000d8600000)
  to   space 5120K, 0% used [0x00000000d8600000,0x00000000d8600000,0x00000000d8b00000)
 ParOldGen       total 86016K, used 1766K [0x0000000082200000, 0x0000000087600000, 0x00000000d6100000)
  object space 86016K, 2% used [0x0000000082200000,0x00000000823b9a60,0x0000000087600000)
 Metaspace       used 20696K, capacity 21246K, committed 21296K, reserved 1067008K
  class space    used 2753K, capacity 2905K, committed 2944K, reserved 1048576K
Event: 62.232 GC heap after
Heap after GC invocations=2 (full 0):
 PSYoungGen      total 37888K, used 5117K [0x00000000d6100000, 0x00000000d8b00000, 0x0000000100000000)
  eden space 32768K, 0% used [0x00000000d6100000,0x00000000d6100000,0x00000000d8100000)
  from space 5120K, 99% used [0x00000000d8600000,0x00000000d8aff630,0x00000000d8b00000)
  to   space 5120K, 0% used [0x00000000d8100000,0x00000000d8100000,0x00000000d8600000)
 ParOldGen       total 86016K, used 2125K [0x0000000082200000, 0x0000000087600000, 0x00000000d6100000)
  object space 86016K, 2% used [0x0000000082200000,0x0000000082413458,0x0000000087600000)
 Metaspace       used 20696K, capacity 21246K, committed 21296K, reserved 1067008K
  class space    used 2753K, capacity 2905K, committed 2944K, reserved 1048576K
}
Event: 62.232 GC heap before
{Heap before GC invocations=3 (full 1):
 PSYoungGen      total 37888K, used 5117K [0x00000000d6100000, 0x00000000d8b00000, 0x0000000100000000)
  eden space 32768K, 0% used [0x00000000d6100000,0x00000000d6100000,0x00000000d8100000)
  from space 5120K, 99% used [0x00000000d8600000,0x00000000d8aff630,0x00000000d8b00000)
  to   space 5120K, 0% used [0x00000000d8100000,0x00000000d8100000,0x00000000d8600000)
 ParOldGen       total 86016K, used 2125K [0x0000000082200000, 0x0000000087600000, 0x00000000d6100000)
  object space 86016K, 2% used [0x0000000082200000,0x0000000082413458,0x0000000087600000)
 Metaspace       used 20696K, capacity 21246K, committed 21296K, reserved 1067008K
  class space    used 2753K, capacity 2905K, committed 2944K, reserved 1048576K
Event: 62.303 GC heap after
Heap after GC invocations=3 (full 1):
 PSYoungGen      total 37888K, used 0K [0x00000000d6100000, 0x00000000d8b00000, 0x0000000100000000)
  eden space 32768K, 0% used [0x00000000d6100000,0x00000000d6100000,0x00000000d8100000)
  from space 5120K, 0% used [0x00000000d8600000,0x00000000d8600000,0x00000000d8b00000)
  to   space 5120K, 0% used [0x00000000d8100000,0x00000000d8100000,0x00000000d8600000)
 ParOldGen       total 40448K, used 5405K [0x0000000082200000, 0x0000000084980000, 0x00000000d6100000)
  object space 40448K, 13% used [0x0000000082200000,0x00000000827474c8,0x0000000084980000)
 Metaspace       used 20696K, capacity 21246K, committed 21296K, reserved 1067008K
  class space    used 2753K, capacity 2905K, committed 2944K, reserved 1048576K
}

Deoptimization events (10 events):
Event: 61.308 Thread 0x0000000009649800 Uncommon trap: reason=unstable_if action=reinterpret pc=0x000000000f2f6444 method=java.io.WinNTFileSystem.normalize(Ljava/lang/String;)Ljava/lang/String; @ 74
Event: 64.216 Thread 0x0000000009649800 Uncommon trap: reason=bimorphic action=maybe_recompile pc=0x000000000f436778 method=java.util.HashMap.putVal(ILjava/lang/Object;Ljava/lang/Object;ZZ)Ljava/lang/Object; @ 203
Event: 64.216 Thread 0x0000000009649800 Uncommon trap: reason=bimorphic action=maybe_recompile pc=0x000000000f436778 method=java.util.HashMap.putVal(ILjava/lang/Object;Ljava/lang/Object;ZZ)Ljava/lang/Object; @ 203
Event: 64.343 Thread 0x0000000009649800 Uncommon trap: reason=range_check action=make_not_entrant pc=0x000000000f4979e0 method=sun.reflect.generics.parser.SignatureParser.current()C @ 34
Event: 64.941 Thread 0x0000000009649800 Uncommon trap: reason=bimorphic action=maybe_recompile pc=0x000000000f436778 method=java.util.HashMap.putVal(ILjava/lang/Object;Ljava/lang/Object;ZZ)Ljava/lang/Object; @ 203
Event: 65.088 Thread 0x0000000009649800 Uncommon trap: reason=class_check action=maybe_recompile pc=0x000000000f130970 method=java.io.FilterInputStream.read()I @ 4
Event: 65.088 Thread 0x0000000009649800 Uncommon trap: reason=class_check action=maybe_recompile pc=0x000000000f130970 method=java.io.FilterInputStream.read()I @ 4
Event: 65.088 Thread 0x0000000009649800 Uncommon trap: reason=class_check action=maybe_recompile pc=0x000000000f130970 method=java.io.FilterInputStream.read()I @ 4
Event: 65.088 Thread 0x0000000009649800 Uncommon trap: reason=class_check action=maybe_recompile pc=0x000000000f130970 method=java.io.FilterInputStream.read()I @ 4
Event: 65.192 Thread 0x0000000009649800 Uncommon trap: reason=unstable_if action=reinterpret pc=0x000000000f507e4c method=de.undercouch.bson4jackson.io.StaticBufferedInputStream.read()I @ 8

Internal exceptions (10 events):
Event: 36.084 Thread 0x00000000021af000 Exception <a 'java/lang/ArrayIndexOutOfBoundsException'> (0x00000000d6dad060) thrown at [C:\re\workspace\8-2-build-windows-amd64-cygwin\jdk8u51\3951\hotspot\src\share\vm\runtime\sharedRuntime.cpp, line 605]
Event: 36.392 Thread 0x00000000021af000 Implicit null exception at 0x000000000f259bd6 to 0x000000000f259f0d
Event: 42.806 Thread 0x00000000021af000 Exception <a 'java/lang/NoSuchFieldError': method resolution failed> (0x00000000d805f758) thrown at [C:\re\workspace\8-2-build-windows-amd64-cygwin\jdk8u51\3951\hotspot\src\share\vm\prims\methodHandles.cpp, line 1125]
Event: 42.808 Thread 0x00000000021af000 Exception <a 'java/lang/NoSuchFieldError': method resolution failed> (0x00000000d806ddc8) thrown at [C:\re\workspace\8-2-build-windows-amd64-cygwin\jdk8u51\3951\hotspot\src\share\vm\prims\methodHandles.cpp, line 1125]
Event: 43.003 Thread 0x000000000a854800 Exception <a 'java/lang/NullPointerException'> (0x00000000d6109050) thrown at [C:\re\workspace\8-2-build-windows-amd64-cygwin\jdk8u51\3951\hotspot\src\share\vm\interpreter\linkResolver.cpp, line 1178]
Event: 59.499 Thread 0x0000000009649800 Exception <a 'java/lang/NullPointerException'> (0x00000000d6906ab0) thrown at [C:\re\workspace\8-2-build-windows-amd64-cygwin\jdk8u51\3951\hotspot\src\share\vm\interpreter\linkResolver.cpp, line 1178]
Event: 59.499 Thread 0x0000000009649800 Exception <a 'java/lang/NullPointerException'> (0x00000000d6906ab0) thrown at [C:\re\workspace\8-2-build-windows-amd64-cygwin\jdk8u51\3951\hotspot\src\share\vm\prims\jvm.cpp, line 1386]
Event: 64.343 Thread 0x0000000009649800 Exception <a 'java/lang/ArrayIndexOutOfBoundsException': 75> (0x00000000d6999b88) thrown at [C:\re\workspace\8-2-build-windows-amd64-cygwin\jdk8u51\3951\hotspot\src\share\vm\interpreter\interpreterRuntime.cpp, line 366]
Event: 64.343 Thread 0x0000000009649800 Exception <a 'java/lang/ArrayIndexOutOfBoundsException': 65> (0x00000000d699add0) thrown at [C:\re\workspace\8-2-build-windows-amd64-cygwin\jdk8u51\3951\hotspot\src\share\vm\interpreter\interpreterRuntime.cpp, line 366]
Event: 64.343 Thread 0x0000000009649800 Exception <a 'java/lang/ArrayIndexOutOfBoundsException': 58> (0x00000000d699c110) thrown at [C:\re\workspace\8-2-build-windows-amd64-cygwin\jdk8u51\3951\hotspot\src\share\vm\interpreter\interpreterRuntime.cpp, line 366]

Events (10 events):
Event: 65.710 loading class javafx/util/BuilderFactory done
Event: 65.710 loading class javax/xml/stream/XMLStreamException
Event: 65.732 loading class javax/xml/stream/XMLStreamException done
Event: 65.732 loading class javafx/fxml/LoadException
Event: 65.732 loading class javafx/fxml/LoadException done
Event: 65.744 loading class javax/xml/stream/XMLStreamReader
Event: 65.744 loading class javax/xml/stream/XMLStreamConstants
Event: 65.744 loading class javax/xml/stream/XMLStreamConstants done
Event: 65.744 loading class javax/xml/stream/XMLStreamReader done
Event: 65.745 loading class javax/script/Bindings


Dynamic libraries:
0x000000013fb10000 - 0x000000013fb47000 	C:\Program Files\Java\jdk1.8.0_51\bin\java.exe
0x00000000773c0000 - 0x0000000077569000 	C:\Windows\SYSTEM32\ntdll.dll
0x000007fef6ae0000 - 0x000007fef6b13000 	C:\Program Files (x86)\AVG\Av\avghooka.dll
0x0000000076dc0000 - 0x0000000076edf000 	C:\Windows\system32\kernel32.dll
0x000007fefc740000 - 0x000007fefc7ab000 	C:\Windows\system32\KERNELBASE.dll
0x000007fefe1f0000 - 0x000007fefe2cb000 	C:\Windows\system32\ADVAPI32.dll
0x000007fefd930000 - 0x000007fefd9cf000 	C:\Windows\system32\msvcrt.dll
0x000007fefe2d0000 - 0x000007fefe2ef000 	C:\Windows\SYSTEM32\sechost.dll
0x000007fefd9d0000 - 0x000007fefdafd000 	C:\Windows\system32\RPCRT4.dll
0x0000000076cc0000 - 0x0000000076dba000 	C:\Windows\system32\USER32.dll
0x000007fefe080000 - 0x000007fefe0e7000 	C:\Windows\system32\GDI32.dll
0x000007fefe0f0000 - 0x000007fefe0fe000 	C:\Windows\system32\LPK.dll
0x000007fefe100000 - 0x000007fefe1c9000 	C:\Windows\system32\USP10.dll
0x000007fefb430000 - 0x000007fefb624000 	C:\Windows\WinSxS\amd64_microsoft.windows.common-controls_6595b64144ccf1df_6.0.7601.17514_none_fa396087175ac9ac\COMCTL32.dll
0x000007fefc8b0000 - 0x000007fefc921000 	C:\Windows\system32\SHLWAPI.dll
0x000007fefd900000 - 0x000007fefd92e000 	C:\Windows\system32\IMM32.DLL
0x000007fefdb50000 - 0x000007fefdc59000 	C:\Windows\system32\MSCTF.dll
0x000007fefc4b0000 - 0x000007fefc4df000 	C:\Windows\system32\nvinitx.dll
0x000000000f000000 - 0x000000000f006000 	C:\Program Files\NVIDIA Corporation\CoProcManager\_etoured.dll
0x000007fef8f80000 - 0x000007fef8fdf000 	C:\Program Files\NVIDIA Corporation\CoProcManager\nvd3d9wrapx.dll
0x000007fefc990000 - 0x000007fefcb67000 	C:\Windows\system32\SETUPAPI.dll
0x000007fefc700000 - 0x000007fefc736000 	C:\Windows\system32\CFGMGR32.dll
0x000007fefdf90000 - 0x000007fefe067000 	C:\Windows\system32\OLEAUT32.dll
0x000007fefdce0000 - 0x000007fefdee3000 	C:\Windows\system32\ole32.dll
0x000007fefc7b0000 - 0x000007fefc7ca000 	C:\Windows\system32\DEVOBJ.dll
0x000007fef85f0000 - 0x000007fef8636000 	C:\Program Files\NVIDIA Corporation\CoProcManager\nvdxgiwrapx.dll
0x00000000788c0000 - 0x0000000078992000 	C:\Program Files\Java\jdk1.8.0_51\jre\bin\msvcr100.dll
0x0000000056860000 - 0x00000000570e3000 	C:\Program Files\Java\jdk1.8.0_51\jre\bin\server\jvm.dll
0x000007fef80a0000 - 0x000007fef80a9000 	C:\Windows\system32\WSOCK32.dll
0x000007fefdb00000 - 0x000007fefdb4d000 	C:\Windows\system32\WS2_32.dll
0x000007fefe070000 - 0x000007fefe078000 	C:\Windows\system32\NSI.dll
0x000007fefa1e0000 - 0x000007fefa21b000 	C:\Windows\system32\WINMM.dll
0x000007fefb2b0000 - 0x000007fefb2bc000 	C:\Windows\system32\VERSION.dll
0x0000000077580000 - 0x0000000077587000 	C:\Windows\system32\PSAPI.DLL
0x00000000735d0000 - 0x00000000735df000 	C:\Program Files\Java\jdk1.8.0_51\jre\bin\verify.dll
0x00000000707d0000 - 0x00000000707f9000 	C:\Program Files\Java\jdk1.8.0_51\jre\bin\java.dll
0x00000000722d0000 - 0x00000000722e6000 	C:\Program Files\Java\jdk1.8.0_51\jre\bin\zip.dll
0x000007fefcb70000 - 0x000007fefd8f8000 	C:\Windows\system32\SHELL32.dll
0x000007fefc4e0000 - 0x000007fefc4ef000 	C:\Windows\system32\profapi.dll
0x000007feff450000 - 0x000007feff460000 	C:\Program Files (x86)\JetBrains\IntelliJ IDEA Community Edition 2016.1.2\bin\breakgen64.dll
0x0000000070810000 - 0x000000007082a000 	C:\Program Files\Java\jdk1.8.0_51\jre\bin\net.dll
0x000007fefbcc0000 - 0x000007fefbd15000 	C:\Windows\system32\mswsock.dll
0x000007fefbcb0000 - 0x000007fefbcb7000 	C:\Windows\System32\wship6.dll
0x000007fefbd20000 - 0x000007fefbd37000 	C:\Windows\system32\CRYPTSP.dll
0x000007fefb9e0000 - 0x000007fefba27000 	C:\Windows\system32\rsaenh.dll
0x000007fefb7a0000 - 0x000007fefb7be000 	C:\Windows\system32\USERENV.dll
0x000007fefc380000 - 0x000007fefc38f000 	C:\Windows\system32\CRYPTBASE.dll
0x000007fef9b10000 - 0x000007fef9b37000 	C:\Windows\system32\IPHLPAPI.DLL
0x000007fef9a90000 - 0x000007fef9a9b000 	C:\Windows\system32\WINNSI.DLL
0x000007fef9850000 - 0x000007fef9868000 	C:\Windows\system32\dhcpcsvc.DLL
0x000007fef99d0000 - 0x000007fef99e1000 	C:\Windows\system32\dhcpcsvc6.DLL
0x00000000707b0000 - 0x00000000707c1000 	C:\Program Files\Java\jdk1.8.0_51\jre\bin\nio.dll
0x0000000070800000 - 0x000000007080d000 	C:\Program Files\Java\jdk1.8.0_51\jre\bin\management.dll
0x000007fefa0c0000 - 0x000007fefa0d5000 	C:\Windows\system32\NLAapi.dll
0x000007fef11e0000 - 0x000007fef11f5000 	C:\Windows\system32\napinsp.dll
0x000007fef11a0000 - 0x000007fef11b9000 	C:\Windows\system32\pnrpnsp.dll
0x000007fefba60000 - 0x000007fefbabb000 	C:\Windows\system32\DNSAPI.dll
0x000007fef2ab0000 - 0x000007fef2abb000 	C:\Windows\System32\winrnr.dll
0x000007fef1190000 - 0x000007fef11a0000 	C:\Windows\system32\wshbth.dll
0x0000000070920000 - 0x0000000070946000 	C:\Program Files\Bonjour\mdnsNSP.dll
0x000007fefb730000 - 0x000007fefb737000 	C:\Windows\System32\wshtcpip.dll
0x000007fef64d0000 - 0x000007fef64d8000 	C:\Windows\system32\rasadhlp.dll
0x000007fef9a30000 - 0x000007fef9a83000 	C:\Windows\System32\fwpuclnt.dll
0x000000006ca60000 - 0x000000006ca8c000 	C:\Program Files\Java\jdk1.8.0_51\jre\bin\prism_d3d.dll
0x000007fef0e00000 - 0x000007fef0fff000 	C:\Windows\system32\d3d9.dll
0x000007fef0de0000 - 0x000007fef0de7000 	C:\Windows\system32\d3d8thk.dll
0x000007fefa750000 - 0x000007fefa768000 	C:\Windows\system32\dwmapi.dll
0x000007fefade0000 - 0x000007fefae36000 	C:\Windows\system32\uxtheme.dll
0x000007fef83e0000 - 0x000007fef854b000 	C:\Windows\system32\nvumdshimx.dll
0x000007fed6ad0000 - 0x000007fed76ef000 	C:\Windows\system32\igdumd64.dll
0x000000006c860000 - 0x000000006c8a1000 	C:\Program Files\Java\jdk1.8.0_51\jre\bin\glass.dll
0x000007fefe2f0000 - 0x000007fefe387000 	C:\Windows\system32\COMDLG32.dll
0x000007feff350000 - 0x000007feff38e000 	C:\Users\User\git\SLT\out\production\SLT\lib\x64\LeapJava.dll
0x000007fef39c0000 - 0x000007fef3a66000 	C:\Windows\system32\MSVCP120.dll
0x000007fef38d0000 - 0x000007fef39bf000 	C:\Windows\system32\MSVCR120.dll
0x000007fed93a0000 - 0x000007fed95fe000 	C:\Users\User\git\SLT\out\production\SLT\lib\x64\Leap.dll
0x000007fefa1b0000 - 0x000007fefa1dd000 	C:\Windows\system32\ntmarta.dll
0x000007fefc930000 - 0x000007fefc982000 	C:\Windows\system32\WLDAP32.dll
0x00000000706a0000 - 0x00000000706b5000 	C:\Program Files\Java\jdk1.8.0_51\jre\bin\javafx_font.dll
0x000007fedf2b0000 - 0x000007fedf42e000 	C:\Windows\system32\dwrite.dll
0x000007fefdef0000 - 0x000007fefdf89000 	C:\Windows\system32\CLBCatQ.DLL
0x000007fefa570000 - 0x000007fefa69a000 	C:\Windows\system32\WindowsCodecs.dll
0x000007fefc430000 - 0x000007fefc487000 	C:\Windows\system32\apphelp.dll
0x000007fef3890000 - 0x000007fef38c5000 	C:\Windows\system32\EhStorShell.dll
0x000007fefae40000 - 0x000007fefaf6c000 	C:\Windows\system32\PROPSYS.dll
0x000007fef37d0000 - 0x000007fef3850000 	C:\Windows\system32\ntshrui.dll
0x000007fefc280000 - 0x000007fefc2a3000 	C:\Windows\system32\srvcli.dll
0x000007fef4f20000 - 0x000007fef4f2f000 	C:\Windows\system32\cscapi.dll
0x000007fefa000000 - 0x000007fefa00b000 	C:\Windows\system32\slc.dll
0x000007fef6be0000 - 0x000007fef6c0d000 	C:\Program Files\Common Files\Microsoft Shared\Ink\rtscom.dll
0x000007fee19c0000 - 0x000007fee19ff000 	C:\Program Files\WIDCOMM\Bluetooth Software\btmmhook.dll
0x000000006c1d0000 - 0x000000006c1e1000 	C:\Program Files\Java\jdk1.8.0_51\jre\bin\prism_common.dll
0x000007fef3690000 - 0x000007fef37b5000 	C:\Windows\system32\dbghelp.dll

VM Arguments:
jvm_args: -Djava.library.path=C:\Users\User\git\SLT\out\production\SLT\lib\x64 -Didea.launcher.port=7533 -Didea.launcher.bin.path=C:\Program Files (x86)\JetBrains\IntelliJ IDEA Community Edition 2016.1.2\bin -Dfile.encoding=UTF-8 
java_command: com.intellij.rt.execution.application.AppMain gui.GUI
java_class_path (initial): C:\Program Files\Java\jdk1.8.0_51\jre\lib\charsets.jar;C:\Program Files\Java\jdk1.8.0_51\jre\lib\deploy.jar;C:\Program Files\Java\jdk1.8.0_51\jre\lib\ext\access-bridge-64.jar;C:\Program Files\Java\jdk1.8.0_51\jre\lib\ext\cldrdata.jar;C:\Program Files\Java\jdk1.8.0_51\jre\lib\ext\dnsns.jar;C:\Program Files\Java\jdk1.8.0_51\jre\lib\ext\jaccess.jar;C:\Program Files\Java\jdk1.8.0_51\jre\lib\ext\jfxrt.jar;C:\Program Files\Java\jdk1.8.0_51\jre\lib\ext\localedata.jar;C:\Program Files\Java\jdk1.8.0_51\jre\lib\ext\nashorn.jar;C:\Program Files\Java\jdk1.8.0_51\jre\lib\ext\sunec.jar;C:\Program Files\Java\jdk1.8.0_51\jre\lib\ext\sunjce_provider.jar;C:\Program Files\Java\jdk1.8.0_51\jre\lib\ext\sunmscapi.jar;C:\Program Files\Java\jdk1.8.0_51\jre\lib\ext\sunpkcs11.jar;C:\Program Files\Java\jdk1.8.0_51\jre\lib\ext\zipfs.jar;C:\Program Files\Java\jdk1.8.0_51\jre\lib\javaws.jar;C:\Program Files\Java\jdk1.8.0_51\jre\lib\jce.jar;C:\Program Files\Java\jdk1.8.0_51\jre\lib\jfr.jar;C:\Program Files\Java\jdk1.8.0_51\jre\lib\jfxswt.jar;C:\Program Files\Java\jdk1.8.0_51\jre\lib\jsse.jar;C:\Program Files\Java\jdk1.8.0_51\jre\lib\management-agent.jar;C:\Program Files\Java\jdk1.8.0_51\jre\lib\plugin.jar;C:\Program Files\Java\jdk1.8.0_51\jre\lib\resources.jar;C:\Program Files\Java\jdk1.8.0_51\jre\lib\rt.jar;C:\Users\User\git\SLT\out\production\SLT;C:\Users\User\git\SLT\out\production\SLT\lib\LeapJava.jar;C:\Users\User\git\SLT\out\production\SLT\lib\bson4jackson-2.5.0.jar;C:\Users\User\git\SLT\out\production\SLT\lib\jackson-databind-2.6.3.jar;C:\Users\User\git\SLT\out\production\SLT\lib\jackson-annotations-2.6.3.jar;C:\Users\User\git\SLT\out\production\SLT\lib\jackson-core-2.6.3.jar;C:\Users\User\git\SLT\out\production\SLT\lib\mongo-java-driver-3.1.0.jar;C:\Users\User\git\SLT\out\production\SLT\lib\jongo-1.2.jar;C:\Program Files (x86)\JetBrains\IntelliJ IDEA Community Edition 2016.1.2\lib\idea_rt.jar
Launcher Type: SUN_STANDARD

Environment Variables:
CLASSPATH=C:\Users\User\workspace;C:\j3d\lib\ext\j3dcore.jar;C:\j3d\lib\ext\j3dutils.jar;C:\j3d\lib\ext\vecmath.jar
USERNAME=User
OS=Windows_NT
PROCESSOR_IDENTIFIER=Intel64 Family 6 Model 58 Stepping 9, GenuineIntel



---------------  S Y S T E M  ---------------

OS: Windows 7 , 64 bit Build 7601 (6.1.7601.17514)

CPU:total 4 (2 cores per cpu, 2 threads per core) family 6 model 58 stepping 9, cmov, cx8, fxsr, mmx, sse, sse2, sse3, ssse3, sse4.1, sse4.2, popcnt, avx, aes, clmul, erms, ht, tsc, tscinvbit, tscinv

Memory: 4k page, physical 8248712k(2142320k free), swap 16933504k(5328700k free)

vm_info: Java HotSpot(TM) 64-Bit Server VM (25.51-b03) for windows-amd64 JRE (1.8.0_51-b16), built on Jun  8 2015 18:03:07 by "java_re" with MS VC++ 10.0 (VS2010)

time: Wed May 25 15:43:04 2016
elapsed time: 65 seconds (0d 0h 1m 5s)

