#
# A fatal error has been detected by the Java Runtime Environment:
#
#  EXCEPTION_ACCESS_VIOLATION (0xc0000005) at pc=0x00007ffb65f47020, pid=8492, tid=12280
#
# JRE version: Java(TM) SE Runtime Environment (8.0_66-b18) (build 1.8.0_66-b18)
# Java VM: Java HotSpot(TM) 64-Bit Server VM (25.66-b18 mixed mode windows-amd64 compressed oops)
# Problematic frame:
# C  [Leap.dll+0x47020]
#
# Failed to write core dump. Minidumps are not enabled by default on client versions of Windows
#
# If you would like to submit a bug report, please visit:
#   http://bugreport.java.com/bugreport/crash.jsp
# The crash happened outside the Java Virtual Machine in native code.
# See problematic frame for where to report the bug.
#

---------------  T H R E A D  ---------------

Current thread (0x000000000256e800):  JavaThread "main" [_thread_in_native, id=12280, stack(0x0000000002570000,0x0000000002670000)]

siginfo: ExceptionCode=0xc0000005, reading address 0x000000001f6c7958

Registers:
RAX=0x00007ffb65f2b5f0, RBX=0x000000001efd7ae8, RCX=0x000000001f6c7950, RDX=0x000000000266ed98
RSP=0x000000000266ecd8, RBP=0x000000000266ed88, RSI=0x0000000000000620, RDI=0x0000000002777ced
R8 =0x000000001f6c7950, R9 =0x000000000266eda8, R10=0x00007ffb65f2b5f0, R11=0xffffffffffffffff
R12=0x0000000000000000, R13=0x000000001efd7ae8, R14=0x000000000266edb8, R15=0x000000000256e800
RIP=0x00007ffb65f47020, EFLAGS=0x0000000000010202

Top of Stack: (sp=0x000000000266ecd8)
0x000000000266ecd8:   00007ffb65f2b5f9 0000000000000000
0x000000000266ece8:   0000000000000000 0000000000000000
0x000000000266ecf8:   0000000000000000 0000000000000620
0x000000000266ed08:   0000000002785e34 000000001f6c7950
0x000000000266ed18:   000000000266ed98 000000001f6c7950
0x000000000266ed28:   000000000266eda8 0000000000000620
0x000000000266ed38:   000000000256e800 0000000002785b62
0x000000000266ed48:   000000000266ed48 000000001efd7ae8
0x000000000266ed58:   000000000266edb8 000000001efdd2a8
0x000000000266ed68:   0000000000000000 000000001efd7ae8
0x000000000266ed78:   0000000000000000 000000000266eda8
0x000000000266ed88:   000000000266ee00 0000000002777800
0x000000000266ed98:   00000006c200ac30 000000000277f977
0x000000000266eda8:   00000006c20e72e8 000000001f6c7950
0x000000000266edb8:   00000006c20e72e8 000000000266edc0
0x000000000266edc8:   000000001ef638f5 000000000266ee10 

Instructions: (pc=0x00007ffb65f47020)
0x00007ffb65f47000:   c3 cc cc cc cc cc cc cc cc cc cc cc cc cc cc cc
0x00007ffb65f47010:   e9 fd ab 14 00 cc cc cc cc cc cc cc cc cc cc cc
0x00007ffb65f47020:   48 8b 41 08 48 85 c0 74 05 48 8b 40 10 c3 c3 cc
0x00007ffb65f47030:   48 89 5c 24 08 57 48 83 ec 20 33 c0 48 8b fa 48 


Register to memory mapping:

RAX=0x00007ffb65f2b5f0 is an unknown value
RBX={method} {0x000000001efd7af0} 'Frame_id' '(JLcom/leapmotion/leap/Frame;)J' in 'com/leapmotion/leap/LeapJNI'
RCX=0x000000001f6c7950 is an unknown value
RDX=0x000000000266ed98 is pointing into the stack for thread: 0x000000000256e800
RSP=0x000000000266ecd8 is pointing into the stack for thread: 0x000000000256e800
RBP=0x000000000266ed88 is pointing into the stack for thread: 0x000000000256e800
RSI=0x0000000000000620 is an unknown value
RDI=0x0000000002777ced is at code_begin+2093 in an Interpreter codelet
invoke return entry points  [0x00000000027774c0, 0x0000000002777dc0]  2304 bytes
R8 =0x000000001f6c7950 is an unknown value
R9 =0x000000000266eda8 is pointing into the stack for thread: 0x000000000256e800
R10=0x00007ffb65f2b5f0 is an unknown value
R11=0xffffffffffffffff is an unknown value
R12=0x0000000000000000 is an unknown value
R13={method} {0x000000001efd7af0} 'Frame_id' '(JLcom/leapmotion/leap/Frame;)J' in 'com/leapmotion/leap/LeapJNI'
R14=0x000000000266edb8 is pointing into the stack for thread: 0x000000000256e800
R15=0x000000000256e800 is a thread


Stack: [0x0000000002570000,0x0000000002670000],  sp=0x000000000266ecd8,  free space=1019k
Native frames: (J=compiled Java code, j=interpreted, Vv=VM code, C=native code)
C  [Leap.dll+0x47020]

Java frames: (J=compiled Java code, j=interpreted, Vv=VM code)
j  com.leapmotion.leap.LeapJNI.Frame_id(JLcom/leapmotion/leap/Frame;)J+0
j  com.leapmotion.leap.Frame.id()J+5
j  SLT.printAllDetails()V+388
j  SLT.main([Ljava/lang/String;)V+428
v  ~StubRoutines::call_stub
j  sun.reflect.NativeMethodAccessorImpl.invoke0(Ljava/lang/reflect/Method;Ljava/lang/Object;[Ljava/lang/Object;)Ljava/lang/Object;+0
j  sun.reflect.NativeMethodAccessorImpl.invoke(Ljava/lang/Object;[Ljava/lang/Object;)Ljava/lang/Object;+100
j  sun.reflect.DelegatingMethodAccessorImpl.invoke(Ljava/lang/Object;[Ljava/lang/Object;)Ljava/lang/Object;+6
j  java.lang.reflect.Method.invoke(Ljava/lang/Object;[Ljava/lang/Object;)Ljava/lang/Object;+56
j  com.intellij.rt.execution.application.AppMain.main([Ljava/lang/String;)V+180
v  ~StubRoutines::call_stub

---------------  P R O C E S S  ---------------

Java Threads: ( => current thread )
  0x000000001dfcb000 JavaThread "pool-1-thread-1" daemon [_thread_blocked, id=11556, stack(0x000000001ea00000,0x000000001eb00000)]
  0x000000001dfdb800 JavaThread "cluster-ClusterId{value='568b8880d361d2212cfb1433', description='null'}-127.0.0.1:27017" daemon [_thread_blocked, id=6176, stack(0x000000001e900000,0x000000001ea00000)]
  0x000000001d2ad000 JavaThread "Monitor Ctrl-Break" daemon [_thread_in_native, id=5320, stack(0x000000001dd20000,0x000000001de20000)]
  0x000000001d1c2000 JavaThread "Service Thread" daemon [_thread_blocked, id=4828, stack(0x000000001da20000,0x000000001db20000)]
  0x000000001d13d800 JavaThread "C1 CompilerThread2" daemon [_thread_blocked, id=4320, stack(0x000000001d920000,0x000000001da20000)]
  0x000000001d12e800 JavaThread "C2 CompilerThread1" daemon [_thread_blocked, id=2016, stack(0x000000001d820000,0x000000001d920000)]
  0x000000001d12c800 JavaThread "C2 CompilerThread0" daemon [_thread_blocked, id=3636, stack(0x000000001d720000,0x000000001d820000)]
  0x000000001d12b800 JavaThread "Attach Listener" daemon [_thread_blocked, id=7780, stack(0x000000001d620000,0x000000001d720000)]
  0x000000001bd09800 JavaThread "Signal Dispatcher" daemon [_thread_blocked, id=7192, stack(0x000000001d520000,0x000000001d620000)]
  0x0000000002768800 JavaThread "Finalizer" daemon [_thread_blocked, id=11980, stack(0x000000001cf80000,0x000000001d080000)]
  0x0000000002760000 JavaThread "Reference Handler" daemon [_thread_blocked, id=7964, stack(0x000000001ce80000,0x000000001cf80000)]
=>0x000000000256e800 JavaThread "main" [_thread_in_native, id=12280, stack(0x0000000002570000,0x0000000002670000)]

Other Threads:
  0x000000001bcd7800 VMThread [stack: 0x000000001cd80000,0x000000001ce80000] [id=5476]
  0x000000001d221000 WatcherThread [stack: 0x000000001db20000,0x000000001dc20000] [id=6264]

VM state:not at safepoint (normal execution)

VM Mutex/Monitor currently owned by a thread: None

Heap:
 PSYoungGen      total 31744K, used 19213K [0x000000076b580000, 0x000000076d880000, 0x00000007c0000000)
  eden space 31232K, 61% used [0x000000076b580000,0x000000076c823798,0x000000076d400000)
  from space 512K, 25% used [0x000000076d800000,0x000000076d820000,0x000000076d880000)
  to   space 512K, 0% used [0x000000076d780000,0x000000076d780000,0x000000076d800000)
 ParOldGen       total 173568K, used 6756K [0x00000006c2000000, 0x00000006cc980000, 0x000000076b580000)
  object space 173568K, 3% used [0x00000006c2000000,0x00000006c2699200,0x00000006cc980000)
 Metaspace       used 14433K, capacity 14578K, committed 14848K, reserved 1062912K
  class space    used 1704K, capacity 1719K, committed 1792K, reserved 1048576K

Card table byte_map: [0x0000000011b30000,0x0000000012330000] byte_map_base: 0x000000000e520000

Marking Bits: (ParMarkBitMap*) 0x00000000609ea5b0
 Begin Bits: [0x0000000012c80000, 0x0000000016c00000)
 End Bits:   [0x0000000016c00000, 0x000000001ab80000)

Polling page: 0x00000000024b0000

CodeCache: size=245760Kb used=3600Kb max_used=3600Kb free=242159Kb
 bounds [0x0000000002770000, 0x0000000002b00000, 0x0000000011770000]
 total_blobs=1482 nmethods=1068 adapters=326
 compilation: enabled

Compilation events (10 events):
Event: 640.697 Thread 0x000000001d13d800 1182       3       java.util.AbstractCollection::containsAll (38 bytes)
Event: 640.698 Thread 0x000000001d13d800 nmethod 1182 0x0000000002af6f50 code [0x0000000002af7100, 0x0000000002af7658]
Event: 640.698 Thread 0x000000001d13d800 1183       3       java.util.ArrayList$ListItr::<init> (17 bytes)
Event: 640.698 Thread 0x000000001d13d800 nmethod 1183 0x0000000002af7810 code [0x0000000002af7980, 0x0000000002af7c30]
Event: 643.127 Thread 0x000000001d13d800 1184       3       java.util.regex.Matcher::reset (83 bytes)
Event: 643.127 Thread 0x000000001d13d800 nmethod 1184 0x0000000002af7dd0 code [0x0000000002af7f60, 0x0000000002af8408]
Event: 643.127 Thread 0x000000001d13d800 1185       3       java.nio.CharBuffer::<init> (22 bytes)
Event: 643.127 Thread 0x000000001d13d800 nmethod 1185 0x0000000002af85d0 code [0x0000000002af8740, 0x0000000002af8908]
Event: 643.991 Thread 0x000000001d13d800 1186   !   3       java.lang.ref.Reference$ReferenceHandler::run (102 bytes)
Event: 643.992 Thread 0x000000001d13d800 nmethod 1186 0x0000000002af89d0 code [0x0000000002af8c20, 0x0000000002af9b18]

GC Heap History (10 events):
Event: 638.084 GC heap before
{Heap before GC invocations=470 (full 0):
 PSYoungGen      total 31744K, used 31328K [0x000000076b580000, 0x000000076d880000, 0x00000007c0000000)
  eden space 31232K, 100% used [0x000000076b580000,0x000000076d400000,0x000000076d400000)
  from space 512K, 18% used [0x000000076d780000,0x000000076d798000,0x000000076d800000)
  to   space 512K, 0% used [0x000000076d800000,0x000000076d800000,0x000000076d880000)
 ParOldGen       total 173568K, used 6716K [0x00000006c2000000, 0x00000006cc980000, 0x000000076b580000)
  object space 173568K, 3% used [0x00000006c2000000,0x00000006c268f200,0x00000006cc980000)
 Metaspace       used 14431K, capacity 14578K, committed 14848K, reserved 1062912K
  class space    used 1704K, capacity 1719K, committed 1792K, reserved 1048576K
Event: 638.085 GC heap after
Heap after GC invocations=470 (full 0):
 PSYoungGen      total 31744K, used 96K [0x000000076b580000, 0x000000076d880000, 0x00000007c0000000)
  eden space 31232K, 0% used [0x000000076b580000,0x000000076b580000,0x000000076d400000)
  from space 512K, 18% used [0x000000076d800000,0x000000076d818000,0x000000076d880000)
  to   space 512K, 0% used [0x000000076d780000,0x000000076d780000,0x000000076d800000)
 ParOldGen       total 173568K, used 6716K [0x00000006c2000000, 0x00000006cc980000, 0x000000076b580000)
  object space 173568K, 3% used [0x00000006c2000000,0x00000006c268f200,0x00000006cc980000)
 Metaspace       used 14431K, capacity 14578K, committed 14848K, reserved 1062912K
  class space    used 1704K, capacity 1719K, committed 1792K, reserved 1048576K
}
Event: 639.769 GC heap before
{Heap before GC invocations=471 (full 0):
 PSYoungGen      total 31744K, used 31328K [0x000000076b580000, 0x000000076d880000, 0x00000007c0000000)
  eden space 31232K, 100% used [0x000000076b580000,0x000000076d400000,0x000000076d400000)
  from space 512K, 18% used [0x000000076d800000,0x000000076d818000,0x000000076d880000)
  to   space 512K, 0% used [0x000000076d780000,0x000000076d780000,0x000000076d800000)
 ParOldGen       total 173568K, used 6716K [0x00000006c2000000, 0x00000006cc980000, 0x000000076b580000)
  object space 173568K, 3% used [0x00000006c2000000,0x00000006c268f200,0x00000006cc980000)
 Metaspace       used 14431K, capacity 14578K, committed 14848K, reserved 1062912K
  class space    used 1704K, capacity 1719K, committed 1792K, reserved 1048576K
Event: 639.770 GC heap after
Heap after GC invocations=471 (full 0):
 PSYoungGen      total 31744K, used 96K [0x000000076b580000, 0x000000076d880000, 0x00000007c0000000)
  eden space 31232K, 0% used [0x000000076b580000,0x000000076b580000,0x000000076d400000)
  from space 512K, 18% used [0x000000076d780000,0x000000076d798000,0x000000076d800000)
  to   space 512K, 0% used [0x000000076d800000,0x000000076d800000,0x000000076d880000)
 ParOldGen       total 173568K, used 6716K [0x00000006c2000000, 0x00000006cc980000, 0x000000076b580000)
  object space 173568K, 3% used [0x00000006c2000000,0x00000006c268f200,0x00000006cc980000)
 Metaspace       used 14431K, capacity 14578K, committed 14848K, reserved 1062912K
  class space    used 1704K, capacity 1719K, committed 1792K, reserved 1048576K
}
Event: 641.431 GC heap before
{Heap before GC invocations=472 (full 0):
 PSYoungGen      total 31744K, used 31328K [0x000000076b580000, 0x000000076d880000, 0x00000007c0000000)
  eden space 31232K, 100% used [0x000000076b580000,0x000000076d400000,0x000000076d400000)
  from space 512K, 18% used [0x000000076d780000,0x000000076d798000,0x000000076d800000)
  to   space 512K, 0% used [0x000000076d800000,0x000000076d800000,0x000000076d880000)
 ParOldGen       total 173568K, used 6716K [0x00000006c2000000, 0x00000006cc980000, 0x000000076b580000)
  object space 173568K, 3% used [0x00000006c2000000,0x00000006c268f200,0x00000006cc980000)
 Metaspace       used 14432K, capacity 14578K, committed 14848K, reserved 1062912K
  class space    used 1704K, capacity 1719K, committed 1792K, reserved 1048576K
Event: 641.432 GC heap after
Heap after GC invocations=472 (full 0):
 PSYoungGen      total 31744K, used 96K [0x000000076b580000, 0x000000076d880000, 0x00000007c0000000)
  eden space 31232K, 0% used [0x000000076b580000,0x000000076b580000,0x000000076d400000)
  from space 512K, 18% used [0x000000076d800000,0x000000076d818000,0x000000076d880000)
  to   space 512K, 0% used [0x000000076d780000,0x000000076d780000,0x000000076d800000)
 ParOldGen       total 173568K, used 6732K [0x00000006c2000000, 0x00000006cc980000, 0x000000076b580000)
  object space 173568K, 3% used [0x00000006c2000000,0x00000006c2693200,0x00000006cc980000)
 Metaspace       used 14432K, capacity 14578K, committed 14848K, reserved 1062912K
  class space    used 1704K, capacity 1719K, committed 1792K, reserved 1048576K
}
Event: 642.324 GC heap before
{Heap before GC invocations=473 (full 0):
 PSYoungGen      total 31744K, used 31328K [0x000000076b580000, 0x000000076d880000, 0x00000007c0000000)
  eden space 31232K, 100% used [0x000000076b580000,0x000000076d400000,0x000000076d400000)
  from space 512K, 18% used [0x000000076d800000,0x000000076d818000,0x000000076d880000)
  to   space 512K, 0% used [0x000000076d780000,0x000000076d780000,0x000000076d800000)
 ParOldGen       total 173568K, used 6732K [0x00000006c2000000, 0x00000006cc980000, 0x000000076b580000)
  object space 173568K, 3% used [0x00000006c2000000,0x00000006c2693200,0x00000006cc980000)
 Metaspace       used 14432K, capacity 14578K, committed 14848K, reserved 1062912K
  class space    used 1704K, capacity 1719K, committed 1792K, reserved 1048576K
Event: 642.325 GC heap after
Heap after GC invocations=473 (full 0):
 PSYoungGen      total 31744K, used 128K [0x000000076b580000, 0x000000076d880000, 0x00000007c0000000)
  eden space 31232K, 0% used [0x000000076b580000,0x000000076b580000,0x000000076d400000)
  from space 512K, 25% used [0x000000076d780000,0x000000076d7a0000,0x000000076d800000)
  to   space 512K, 0% used [0x000000076d800000,0x000000076d800000,0x000000076d880000)
 ParOldGen       total 173568K, used 6756K [0x00000006c2000000, 0x00000006cc980000, 0x000000076b580000)
  object space 173568K, 3% used [0x00000006c2000000,0x00000006c2699200,0x00000006cc980000)
 Metaspace       used 14432K, capacity 14578K, committed 14848K, reserved 1062912K
  class space    used 1704K, capacity 1719K, committed 1792K, reserved 1048576K
}
Event: 643.990 GC heap before
{Heap before GC invocations=474 (full 0):
 PSYoungGen      total 31744K, used 31360K [0x000000076b580000, 0x000000076d880000, 0x00000007c0000000)
  eden space 31232K, 100% used [0x000000076b580000,0x000000076d400000,0x000000076d400000)
  from space 512K, 25% used [0x000000076d780000,0x000000076d7a0000,0x000000076d800000)
  to   space 512K, 0% used [0x000000076d800000,0x000000076d800000,0x000000076d880000)
 ParOldGen       total 173568K, used 6756K [0x00000006c2000000, 0x00000006cc980000, 0x000000076b580000)
  object space 173568K, 3% used [0x00000006c2000000,0x00000006c2699200,0x00000006cc980000)
 Metaspace       used 14433K, capacity 14578K, committed 14848K, reserved 1062912K
  class space    used 1704K, capacity 1719K, committed 1792K, reserved 1048576K
Event: 643.991 GC heap after
Heap after GC invocations=474 (full 0):
 PSYoungGen      total 31744K, used 128K [0x000000076b580000, 0x000000076d880000, 0x00000007c0000000)
  eden space 31232K, 0% used [0x000000076b580000,0x000000076b580000,0x000000076d400000)
  from space 512K, 25% used [0x000000076d800000,0x000000076d820000,0x000000076d880000)
  to   space 512K, 0% used [0x000000076d780000,0x000000076d780000,0x000000076d800000)
 ParOldGen       total 173568K, used 6756K [0x00000006c2000000, 0x00000006cc980000, 0x000000076b580000)
  object space 173568K, 3% used [0x00000006c2000000,0x00000006c2699200,0x00000006cc980000)
 Metaspace       used 14433K, capacity 14578K, committed 14848K, reserved 1062912K
  class space    used 1704K, capacity 1719K, committed 1792K, reserved 1048576K
}

Deoptimization events (10 events):
Event: 0.457 Thread 0x000000000256e800 Uncommon trap: reason=unstable_if action=reinterpret pc=0x000000000290e7cc method=sun.misc.MetaIndex.mayContain(Ljava/lang/String;)Z @ 13
Event: 0.474 Thread 0x000000000256e800 Uncommon trap: reason=unstable_if action=reinterpret pc=0x00000000028a9400 method=java.lang.CharacterData.of(I)Ljava/lang/CharacterData; @ 4
Event: 0.544 Thread 0x000000000256e800 Uncommon trap: reason=unstable_if action=reinterpret pc=0x000000000294f340 method=java.lang.AbstractStringBuilder.append(Ljava/lang/String;)Ljava/lang/AbstractStringBuilder; @ 1
Event: 0.830 Thread 0x000000000256e800 Uncommon trap: reason=range_check action=make_not_entrant pc=0x0000000002a45ba8 method=sun.reflect.generics.parser.SignatureParser.current()C @ 34
Event: 7.462 Thread 0x000000000256e800 Uncommon trap: reason=unstable_if action=reinterpret pc=0x0000000002a6ca7c method=java.lang.CharacterDataLatin1.isWhitespace(I)Z @ 14
Event: 29.686 Thread 0x000000000256e800 Uncommon trap: reason=bimorphic action=maybe_recompile pc=0x0000000002a5b7a8 method=java.util.HashMap.putVal(ILjava/lang/Object;Ljava/lang/Object;ZZ)Ljava/lang/Object; @ 253
Event: 29.687 Thread 0x000000000256e800 Uncommon trap: reason=bimorphic action=maybe_recompile pc=0x0000000002a5b7a8 method=java.util.HashMap.putVal(ILjava/lang/Object;Ljava/lang/Object;ZZ)Ljava/lang/Object; @ 253
Event: 29.687 Thread 0x000000000256e800 Uncommon trap: reason=bimorphic action=maybe_recompile pc=0x0000000002a5b7a8 method=java.util.HashMap.putVal(ILjava/lang/Object;Ljava/lang/Object;ZZ)Ljava/lang/Object; @ 253
Event: 58.552 Thread 0x0000000002768800 Uncommon trap: reason=unstable_if action=reinterpret pc=0x0000000002ab5b10 method=java.lang.ref.Finalizer.remove()V @ 10
Event: 58.552 Thread 0x0000000002768800 Uncommon trap: reason=unstable_if action=reinterpret pc=0x0000000002abaa78 method=java.lang.ref.Finalizer.remove()V @ 10

Internal exceptions (10 events):
Event: 0.517 Thread 0x000000000256e800 Exception <a 'java/lang/ArrayIndexOutOfBoundsException'> (0x000000076c22d090) thrown at [C:\re\workspace\8-2-build-windows-amd64-cygwin\jdk8u66\5298\hotspot\src\share\vm\runtime\sharedRuntime.cpp, line 605]
Event: 0.522 Thread 0x000000000256e800 Exception <a 'java/lang/ArrayIndexOutOfBoundsException'> (0x000000076c2535e8) thrown at [C:\re\workspace\8-2-build-windows-amd64-cygwin\jdk8u66\5298\hotspot\src\share\vm\runtime\sharedRuntime.cpp, line 605]
Event: 0.522 Thread 0x000000000256e800 Exception <a 'java/lang/ArrayIndexOutOfBoundsException'> (0x000000076c254850) thrown at [C:\re\workspace\8-2-build-windows-amd64-cygwin\jdk8u66\5298\hotspot\src\share\vm\runtime\sharedRuntime.cpp, line 605]
Event: 0.522 Thread 0x000000000256e800 Exception <a 'java/lang/ArrayIndexOutOfBoundsException'> (0x000000076c256298) thrown at [C:\re\workspace\8-2-build-windows-amd64-cygwin\jdk8u66\5298\hotspot\src\share\vm\runtime\sharedRuntime.cpp, line 605]
Event: 0.526 Thread 0x000000000256e800 Exception <a 'java/lang/ArrayIndexOutOfBoundsException'> (0x000000076c27bcb8) thrown at [C:\re\workspace\8-2-build-windows-amd64-cygwin\jdk8u66\5298\hotspot\src\share\vm\runtime\sharedRuntime.cpp, line 605]
Event: 0.529 Thread 0x000000000256e800 Exception <a 'java/lang/ArrayIndexOutOfBoundsException'> (0x000000076c28aa38) thrown at [C:\re\workspace\8-2-build-windows-amd64-cygwin\jdk8u66\5298\hotspot\src\share\vm\runtime\sharedRuntime.cpp, line 605]
Event: 0.544 Thread 0x000000000256e800 Implicit null exception at 0x000000000294efd6 to 0x000000000294f329
Event: 0.830 Thread 0x000000000256e800 Exception <a 'java/lang/ArrayIndexOutOfBoundsException': 73> (0x000000076d923b80) thrown at [C:\re\workspace\8-2-build-windows-amd64-cygwin\jdk8u66\5298\hotspot\src\share\vm\interpreter\interpreterRuntime.cpp, line 366]
Event: 0.830 Thread 0x000000000256e800 Exception <a 'java/lang/ArrayIndexOutOfBoundsException': 65> (0x000000076d924e68) thrown at [C:\re\workspace\8-2-build-windows-amd64-cygwin\jdk8u66\5298\hotspot\src\share\vm\interpreter\interpreterRuntime.cpp, line 366]
Event: 0.830 Thread 0x000000000256e800 Exception <a 'java/lang/ArrayIndexOutOfBoundsException': 53> (0x000000076d925dd8) thrown at [C:\re\workspace\8-2-build-windows-amd64-cygwin\jdk8u66\5298\hotspot\src\share\vm\interpreter\interpreterRuntime.cpp, line 366]

Events (10 events):
Event: 645.824 Thread 0x000000001d13e800 Thread added: 0x000000001d13e800
Event: 645.824 Thread 0x000000001d13e800 Thread exited: 0x000000001d13e800
Event: 645.857 Thread 0x000000001d13c000 Thread added: 0x000000001d13c000
Event: 645.857 Thread 0x000000001d13c000 Thread exited: 0x000000001d13c000
Event: 645.890 Thread 0x000000001d13c000 Thread added: 0x000000001d13c000
Event: 645.890 Thread 0x000000001d13c000 Thread exited: 0x000000001d13c000
Event: 645.989 Thread 0x000000001d13e800 Thread added: 0x000000001d13e800
Event: 645.989 Thread 0x000000001d13e800 Thread exited: 0x000000001d13e800
Event: 646.022 Thread 0x000000001d13e800 Thread added: 0x000000001d13e800
Event: 646.022 Thread 0x000000001d13e800 Thread exited: 0x000000001d13e800


Dynamic libraries:
0x00007ff66f1e0000 - 0x00007ff66f217000 	C:\Program Files\Java\jdk1.8.0_66\bin\java.exe
0x00007ffb87f20000 - 0x00007ffb880cc000 	C:\Windows\SYSTEM32\ntdll.dll
0x00007ffb86ae0000 - 0x00007ffb86c1e000 	C:\Windows\system32\KERNEL32.DLL
0x00007ffb84180000 - 0x00007ffb84295000 	C:\Windows\system32\KERNELBASE.dll
0x00007ffb824c0000 - 0x00007ffb8254e000 	C:\Windows\system32\apphelp.dll
0x00007ffb72540000 - 0x00007ffb72593000 	C:\Windows\AppPatch\AppPatch64\AcGenral.DLL
0x00007ffb85a90000 - 0x00007ffb85b3a000 	C:\Windows\system32\msvcrt.dll
0x00007ffb83ba0000 - 0x00007ffb83bce000 	C:\Windows\SYSTEM32\SspiCli.dll
0x00007ffb867d0000 - 0x00007ffb86824000 	C:\Windows\system32\SHLWAPI.dll
0x00007ffb85b40000 - 0x00007ffb85cb7000 	C:\Windows\system32\USER32.dll
0x00007ffb84360000 - 0x00007ffb844f4000 	C:\Windows\system32\ole32.dll
0x00007ffb84560000 - 0x00007ffb85a8b000 	C:\Windows\system32\SHELL32.dll
0x00007ffb83370000 - 0x00007ffb83391000 	C:\Windows\SYSTEM32\USERENV.dll
0x00007ffb864c0000 - 0x00007ffb8656a000 	C:\Windows\system32\ADVAPI32.dll
0x00007ffb74f60000 - 0x00007ffb74f7e000 	C:\Windows\SYSTEM32\MPR.dll
0x00007ffb85f00000 - 0x00007ffb86041000 	C:\Windows\system32\RPCRT4.dll
0x00007ffb86750000 - 0x00007ffb867a9000 	C:\Windows\SYSTEM32\sechost.dll
0x00007ffb85cd0000 - 0x00007ffb85ee1000 	C:\Windows\SYSTEM32\combase.dll
0x00007ffb86370000 - 0x00007ffb864bf000 	C:\Windows\system32\GDI32.dll
0x00007ffb83d70000 - 0x00007ffb83d85000 	C:\Windows\SYSTEM32\profapi.dll
0x00007ffb82d60000 - 0x00007ffb82e12000 	C:\Windows\SYSTEM32\SHCORE.dll
0x00007ffb86330000 - 0x00007ffb86366000 	C:\Windows\system32\IMM32.DLL
0x00007ffb86570000 - 0x00007ffb866c2000 	C:\Windows\system32\MSCTF.dll
0x00007ffb81900000 - 0x00007ffb81b7b000 	C:\Windows\WinSxS\amd64_microsoft.windows.common-controls_6595b64144ccf1df_6.0.9600.18006_none_623f33d3ecbe86e8\COMCTL32.dll
0x00007ffb73ab0000 - 0x00007ffb73ae2000 	C:\Program Files (x86)\AVG\Av\avghooka.dll
0x0000000060a70000 - 0x0000000060b42000 	C:\Program Files\Java\jdk1.8.0_66\jre\bin\msvcr100.dll
0x00000000601e0000 - 0x0000000060a69000 	C:\Program Files\Java\jdk1.8.0_66\jre\bin\server\jvm.dll
0x00007ffb7f590000 - 0x00007ffb7f599000 	C:\Windows\SYSTEM32\WSOCK32.dll
0x00007ffb813e0000 - 0x00007ffb81402000 	C:\Windows\SYSTEM32\WINMM.dll
0x00007ffb82ec0000 - 0x00007ffb82eca000 	C:\Windows\SYSTEM32\VERSION.dll
0x00007ffb85ef0000 - 0x00007ffb85ef7000 	C:\Windows\system32\PSAPI.DLL
0x00007ffb84500000 - 0x00007ffb8455a000 	C:\Windows\system32\WS2_32.dll
0x00007ffb81370000 - 0x00007ffb8139a000 	C:\Windows\SYSTEM32\WINMMBASE.dll
0x00007ffb86050000 - 0x00007ffb86059000 	C:\Windows\system32\NSI.dll
0x00007ffb83e40000 - 0x00007ffb83e8f000 	C:\Windows\SYSTEM32\cfgmgr32.dll
0x00007ffb82710000 - 0x00007ffb82738000 	C:\Windows\SYSTEM32\DEVOBJ.dll
0x0000000060d60000 - 0x0000000060d6f000 	C:\Program Files\Java\jdk1.8.0_66\jre\bin\verify.dll
0x00000000601b0000 - 0x00000000601d9000 	C:\Program Files\Java\jdk1.8.0_66\jre\bin\java.dll
0x0000000060d40000 - 0x0000000060d56000 	C:\Program Files\Java\jdk1.8.0_66\jre\bin\zip.dll
0x00007ffb739c0000 - 0x00007ffb739d0000 	C:\Program Files (x86)\JetBrains\IntelliJ IDEA Community Edition 15.0.2\bin\breakgen64.dll
0x0000000060190000 - 0x00000000601aa000 	C:\Program Files\Java\jdk1.8.0_66\jre\bin\net.dll
0x00007ffb835e0000 - 0x00007ffb83639000 	C:\Windows\system32\mswsock.dll
0x00007ffb83640000 - 0x00007ffb83660000 	C:\Windows\SYSTEM32\CRYPTSP.dll
0x00007ffb83260000 - 0x00007ffb83296000 	C:\Windows\system32\rsaenh.dll
0x00007ffb83890000 - 0x00007ffb838b6000 	C:\Windows\SYSTEM32\bcrypt.dll
0x00007ffb83bd0000 - 0x00007ffb83c33000 	C:\Windows\system32\bcryptprimitives.dll
0x00007ffb83c40000 - 0x00007ffb83c4b000 	C:\Windows\SYSTEM32\CRYPTBASE.dll
0x00007ffb7ea20000 - 0x00007ffb7ea4a000 	C:\Windows\SYSTEM32\IPHLPAPI.DLL
0x00007ffb7ea00000 - 0x00007ffb7ea0a000 	C:\Windows\SYSTEM32\WINNSI.DLL
0x00007ffb7e830000 - 0x00007ffb7e846000 	C:\Windows\SYSTEM32\dhcpcsvc6.DLL
0x00007ffb7e800000 - 0x00007ffb7e81a000 	C:\Windows\SYSTEM32\dhcpcsvc.DLL
0x0000000060170000 - 0x0000000060181000 	C:\Program Files\Java\jdk1.8.0_66\jre\bin\nio.dll
0x0000000060160000 - 0x000000006016d000 	C:\Program Files\Java\jdk1.8.0_66\jre\bin\management.dll
0x00007ffb76a40000 - 0x00007ffb76a55000 	C:\Windows\system32\napinsp.dll
0x00007ffb76a20000 - 0x00007ffb76a3a000 	C:\Windows\system32\pnrpnsp.dll
0x00007ffb7fa30000 - 0x00007ffb7fa4b000 	C:\Windows\system32\NLAapi.dll
0x00007ffb833e0000 - 0x00007ffb83484000 	C:\Windows\SYSTEM32\DNSAPI.dll
0x00007ffb76a10000 - 0x00007ffb76a1d000 	C:\Windows\System32\winrnr.dll
0x00007ffb7beb0000 - 0x00007ffb7beba000 	C:\Windows\System32\rasadhlp.dll
0x00007ffb7e850000 - 0x00007ffb7e8bb000 	C:\Windows\System32\fwpuclnt.dll
0x00007ffb72460000 - 0x00007ffb7249e000 	C:\Users\alex\Git\SLT\lib\x64\LeapJava.dll
0x00007ffb76e50000 - 0x00007ffb76ef6000 	C:\Windows\SYSTEM32\MSVCP120.dll
0x00007ffb76d60000 - 0x00007ffb76e4f000 	C:\Windows\SYSTEM32\MSVCR120.dll
0x00007ffb65f00000 - 0x00007ffb6615e000 	C:\Users\alex\Git\SLT\lib\x64\Leap.dll
0x00007ffb7ff20000 - 0x00007ffb7ff52000 	C:\Windows\SYSTEM32\ntmarta.dll
0x00007ffb76a60000 - 0x00007ffb76be9000 	C:\Windows\SYSTEM32\dbghelp.dll

VM Arguments:
jvm_args: -Djava.library.path=C:\Users\alex\Git\SLT\lib\x64 -Didea.launcher.port=7532 -Didea.launcher.bin.path=C:\Program Files (x86)\JetBrains\IntelliJ IDEA Community Edition 15.0.2\bin -Dfile.encoding=UTF-8 
java_command: com.intellij.rt.execution.application.AppMain SLT
java_class_path (initial): C:\Program Files\Java\jdk1.8.0_66\jre\lib\charsets.jar;C:\Program Files\Java\jdk1.8.0_66\jre\lib\deploy.jar;C:\Program Files\Java\jdk1.8.0_66\jre\lib\ext\access-bridge-64.jar;C:\Program Files\Java\jdk1.8.0_66\jre\lib\ext\cldrdata.jar;C:\Program Files\Java\jdk1.8.0_66\jre\lib\ext\dnsns.jar;C:\Program Files\Java\jdk1.8.0_66\jre\lib\ext\jaccess.jar;C:\Program Files\Java\jdk1.8.0_66\jre\lib\ext\jfxrt.jar;C:\Program Files\Java\jdk1.8.0_66\jre\lib\ext\localedata.jar;C:\Program Files\Java\jdk1.8.0_66\jre\lib\ext\nashorn.jar;C:\Program Files\Java\jdk1.8.0_66\jre\lib\ext\sunec.jar;C:\Program Files\Java\jdk1.8.0_66\jre\lib\ext\sunjce_provider.jar;C:\Program Files\Java\jdk1.8.0_66\jre\lib\ext\sunmscapi.jar;C:\Program Files\Java\jdk1.8.0_66\jre\lib\ext\sunpkcs11.jar;C:\Program Files\Java\jdk1.8.0_66\jre\lib\ext\zipfs.jar;C:\Program Files\Java\jdk1.8.0_66\jre\lib\javaws.jar;C:\Program Files\Java\jdk1.8.0_66\jre\lib\jce.jar;C:\Program Files\Java\jdk1.8.0_66\jre\lib\jfr.jar;C:\Program Files\Java\jdk1.8.0_66\jre\lib\jfxswt.jar;C:\Program Files\Java\jdk1.8.0_66\jre\lib\jsse.jar;C:\Program Files\Java\jdk1.8.0_66\jre\lib\management-agent.jar;C:\Program Files\Java\jdk1.8.0_66\jre\lib\plugin.jar;C:\Program Files\Java\jdk1.8.0_66\jre\lib\resources.jar;C:\Program Files\Java\jdk1.8.0_66\jre\lib\rt.jar;C:\Users\alex\Git\SLT\out\production\SLT;C:\Users\alex\Git\SLT\lib\jongo-1.2.jar;C:\Users\alex\Git\SLT\lib\jackson-annotations-2.6.3.jar;C:\Users\alex\Git\SLT\lib\bson4jackson-2.5.0.jar;C:\Users\alex\Git\SLT\lib\mongo-java-driver-3.1.0.jar;C:\Users\alex\Git\SLT\lib\jackson-databind-2.6.3.jar;C:\Users\alex\Git\SLT\lib\LeapJava.jar;C:\Users\alex\Git\SLT\lib\jackson-core-2.6.3.jar;C:\Program Files (x86)\JetBrains\IntelliJ IDEA Community Edition 15.0.2\lib\idea_rt.jar
Launcher Type: SUN_STANDARD

Environment Variables:
USERNAME=alex
OS=Windows_NT
PROCESSOR_IDENTIFIER=Intel64 Family 6 Model 60 Stepping 3, GenuineIntel



---------------  S Y S T E M  ---------------

OS: Windows 8.1 , 64 bit Build 9600 (6.3.9600.17415)

CPU:total 4 (4 cores per cpu, 1 threads per core) family 6 model 60 stepping 3, cmov, cx8, fxsr, mmx, sse, sse2, sse3, ssse3, sse4.1, sse4.2, popcnt, avx, avx2, aes, clmul, erms, lzcnt, tsc, tscinvbit, bmi1, bmi2

Memory: 4k page, physical 16644936k(11474944k free), swap 19135304k(10633008k free)

vm_info: Java HotSpot(TM) 64-Bit Server VM (25.66-b18) for windows-amd64 JRE (1.8.0_66-b18), built on Nov  9 2015 10:51:13 by "java_re" with MS VC++ 10.0 (VS2010)

time: Tue Jan 05 17:21:09 2016
elapsed time: 646 seconds (0d 0h 10m 46s)

