#
# A fatal error has been detected by the Java Runtime Environment:
#
#  EXCEPTION_ACCESS_VIOLATION (0xc0000005) at pc=0x00007ffb65f47020, pid=8108, tid=3692
#
# JRE version: Java(TM) SE Runtime Environment (8.0_66-b18) (build 1.8.0_66-b18)
# Java VM: Java HotSpot(TM) 64-Bit Server VM (25.66-b18 mixed mode windows-amd64 compressed oops)
# Problematic frame:
# C  [Leap.dll+0x47020]
#
# Failed to write core dump. Minidumps are not enabled by default on client versions of Windows
#
# If you would like to submit a bug report, please visit:
#   http://bugreport.java.com/bugreport/crash.jsp
# The crash happened outside the Java Virtual Machine in native code.
# See problematic frame for where to report the bug.
#

---------------  T H R E A D  ---------------

Current thread (0x000000000269e800):  JavaThread "main" [_thread_in_native, id=3692, stack(0x00000000026a0000,0x00000000027a0000)]

siginfo: ExceptionCode=0xc0000005, reading address 0x000000001f6c7958

Registers:
RAX=0x00007ffb65f2c290, RBX=0x000000001f138070, RCX=0x000000001f6c7950, RDX=0x000000000279e9a8
RSP=0x000000000279e8e8, RBP=0x000000000279e998, RSI=0x0000000000000528, RDI=0x00000000028a7ced
R8 =0x000000001f6c7950, R9 =0x000000000279e9b8, R10=0x00007ffb65f2c290, R11=0xffffffffffffffff
R12=0x0000000000000000, R13=0x000000001f138070, R14=0x000000000279e9c8, R15=0x000000000269e800
RIP=0x00007ffb65f47020, EFLAGS=0x0000000000010206

Top of Stack: (sp=0x000000000279e8e8)
0x000000000279e8e8:   00007ffb65f2c299 0000000000000000
0x000000000279e8f8:   0000000000000000 0000000000000000
0x000000000279e908:   0000000000000000 0000000000000528
0x000000000279e918:   00000000028b5e34 000000001f6c7950
0x000000000279e928:   000000000279e9a8 000000001f6c7950
0x000000000279e938:   000000000279e9b8 0000000000000528
0x000000000279e948:   000000000269e800 00000000028b5b62
0x000000000279e958:   000000000279e958 000000001f138070
0x000000000279e968:   000000000279e9c8 000000001f13c958
0x000000000279e978:   0000000000000000 000000001f138070
0x000000000279e988:   0000000000000000 000000000279e9b8
0x000000000279e998:   000000000279ea10 00000000028a74c0
0x000000000279e9a8:   000000076f500c30 00000000028af960
0x000000000279e9b8:   000000076f5fbb48 000000001f6c7950
0x000000000279e9c8:   000000076f5fbb48 000000000279e9d0
0x000000000279e9d8:   000000001f0c49bd 000000000279ea20 

Instructions: (pc=0x00007ffb65f47020)
0x00007ffb65f47000:   c3 cc cc cc cc cc cc cc cc cc cc cc cc cc cc cc
0x00007ffb65f47010:   e9 fd ab 14 00 cc cc cc cc cc cc cc cc cc cc cc
0x00007ffb65f47020:   48 8b 41 08 48 85 c0 74 05 48 8b 40 10 c3 c3 cc
0x00007ffb65f47030:   48 89 5c 24 08 57 48 83 ec 20 33 c0 48 8b fa 48 


Register to memory mapping:

RAX=0x00007ffb65f2c290 is an unknown value
RBX={method} {0x000000001f138078} 'Frame_isValid' '(JLcom/leapmotion/leap/Frame;)Z' in 'com/leapmotion/leap/LeapJNI'
RCX=0x000000001f6c7950 is an unknown value
RDX=0x000000000279e9a8 is pointing into the stack for thread: 0x000000000269e800
RSP=0x000000000279e8e8 is pointing into the stack for thread: 0x000000000269e800
RBP=0x000000000279e998 is pointing into the stack for thread: 0x000000000269e800
RSI=0x0000000000000528 is an unknown value
RDI=0x00000000028a7ced is at code_begin+2093 in an Interpreter codelet
invoke return entry points  [0x00000000028a74c0, 0x00000000028a7dc0]  2304 bytes
R8 =0x000000001f6c7950 is an unknown value
R9 =0x000000000279e9b8 is pointing into the stack for thread: 0x000000000269e800
R10=0x00007ffb65f2c290 is an unknown value
R11=0xffffffffffffffff is an unknown value
R12=0x0000000000000000 is an unknown value
R13={method} {0x000000001f138078} 'Frame_isValid' '(JLcom/leapmotion/leap/Frame;)Z' in 'com/leapmotion/leap/LeapJNI'
R14=0x000000000279e9c8 is pointing into the stack for thread: 0x000000000269e800
R15=0x000000000269e800 is a thread


Stack: [0x00000000026a0000,0x00000000027a0000],  sp=0x000000000279e8e8,  free space=1018k
Native frames: (J=compiled Java code, j=interpreted, Vv=VM code, C=native code)
C  [Leap.dll+0x47020]

Java frames: (J=compiled Java code, j=interpreted, Vv=VM code)
j  com.leapmotion.leap.LeapJNI.Frame_isValid(JLcom/leapmotion/leap/Frame;)Z+0
j  com.leapmotion.leap.Frame.isValid()Z+5
j  SLT.printAllDetails()V+388
j  SLT.main([Ljava/lang/String;)V+428
v  ~StubRoutines::call_stub
j  sun.reflect.NativeMethodAccessorImpl.invoke0(Ljava/lang/reflect/Method;Ljava/lang/Object;[Ljava/lang/Object;)Ljava/lang/Object;+0
j  sun.reflect.NativeMethodAccessorImpl.invoke(Ljava/lang/Object;[Ljava/lang/Object;)Ljava/lang/Object;+100
j  sun.reflect.DelegatingMethodAccessorImpl.invoke(Ljava/lang/Object;[Ljava/lang/Object;)Ljava/lang/Object;+6
j  java.lang.reflect.Method.invoke(Ljava/lang/Object;[Ljava/lang/Object;)Ljava/lang/Object;+56
j  com.intellij.rt.execution.application.AppMain.main([Ljava/lang/String;)V+180
v  ~StubRoutines::call_stub

---------------  P R O C E S S  ---------------

Java Threads: ( => current thread )
  0x000000001e0d0800 JavaThread "pool-1-thread-1" daemon [_thread_blocked, id=216, stack(0x000000001eb60000,0x000000001ec60000)]
  0x000000001e0bb000 JavaThread "cluster-ClusterId{value='568b8d25d361d21facc64ebf', description='null'}-127.0.0.1:27017" daemon [_thread_blocked, id=10932, stack(0x000000001ea60000,0x000000001eb60000)]
  0x000000001d42a800 JavaThread "Monitor Ctrl-Break" daemon [_thread_in_native, id=4416, stack(0x000000001dda0000,0x000000001dea0000)]
  0x000000001d332800 JavaThread "Service Thread" daemon [_thread_blocked, id=11656, stack(0x000000001dba0000,0x000000001dca0000)]
  0x000000001d2bd800 JavaThread "C1 CompilerThread2" daemon [_thread_blocked, id=8828, stack(0x000000001daa0000,0x000000001dba0000)]
  0x000000001be89000 JavaThread "C2 CompilerThread1" daemon [_thread_blocked, id=1932, stack(0x000000001d9a0000,0x000000001daa0000)]
  0x000000001be87000 JavaThread "C2 CompilerThread0" daemon [_thread_blocked, id=11612, stack(0x000000001d8a0000,0x000000001d9a0000)]
  0x000000001d2ab800 JavaThread "Attach Listener" daemon [_thread_blocked, id=11412, stack(0x000000001d7a0000,0x000000001d8a0000)]
  0x000000001d2aa800 JavaThread "Signal Dispatcher" daemon [_thread_blocked, id=1424, stack(0x000000001d6a0000,0x000000001d7a0000)]
  0x0000000002898800 JavaThread "Finalizer" daemon [_thread_blocked, id=12184, stack(0x000000001d100000,0x000000001d200000)]
  0x0000000002890000 JavaThread "Reference Handler" daemon [_thread_blocked, id=3264, stack(0x000000001d000000,0x000000001d100000)]
=>0x000000000269e800 JavaThread "main" [_thread_in_native, id=3692, stack(0x00000000026a0000,0x00000000027a0000)]

Other Threads:
  0x000000001be57800 VMThread [stack: 0x000000001cf00000,0x000000001d000000] [id=10696]
  0x000000001d3a2000 WatcherThread [stack: 0x000000001dca0000,0x000000001dda0000] [id=2248]

VM state:not at safepoint (normal execution)

VM Mutex/Monitor currently owned by a thread: None

Heap:
 PSYoungGen      total 75776K, used 31271K [0x000000076b580000, 0x0000000770a00000, 0x00000007c0000000)
  eden space 65024K, 35% used [0x000000076b580000,0x000000076cbbc400,0x000000076f500000)
  from space 10752K, 79% used [0x000000076f500000,0x000000076fd4d950,0x000000076ff80000)
  to   space 10752K, 0% used [0x000000076ff80000,0x000000076ff80000,0x0000000770a00000)
 ParOldGen       total 173568K, used 16K [0x00000006c2000000, 0x00000006cc980000, 0x000000076b580000)
  object space 173568K, 0% used [0x00000006c2000000,0x00000006c2004000,0x00000006cc980000)
 Metaspace       used 13821K, capacity 14028K, committed 14336K, reserved 1062912K
  class space    used 1647K, capacity 1686K, committed 1792K, reserved 1048576K

Card table byte_map: [0x0000000011c60000,0x0000000012460000] byte_map_base: 0x000000000e650000

Marking Bits: (ParMarkBitMap*) 0x00000000609ea5b0
 Begin Bits: [0x0000000012db0000, 0x0000000016d30000)
 End Bits:   [0x0000000016d30000, 0x000000001acb0000)

Polling page: 0x0000000000c50000

CodeCache: size=245760Kb used=3222Kb max_used=3222Kb free=242537Kb
 bounds [0x00000000028a0000, 0x0000000002bd0000, 0x00000000118a0000]
 total_blobs=1230 nmethods=824 adapters=319
 compilation: enabled

Compilation events (10 events):
Event: 1.393 Thread 0x000000001d2bd800 nmethod 820 0x0000000002bc5090 code [0x0000000002bc5200, 0x0000000002bc5388]
Event: 1.393 Thread 0x000000001d2bd800  819       3       java.util.zip.ZipFile$ZipFileInflaterInputStream::finalize (5 bytes)
Event: 1.393 Thread 0x000000001d2bd800 nmethod 819 0x0000000002bc5410 code [0x0000000002bc5580, 0x0000000002bc5708]
Event: 2.520 Thread 0x000000001d2bd800  821       3       java.lang.Integer::stringSize (21 bytes)
Event: 2.520 Thread 0x000000001d2bd800 nmethod 821 0x0000000002bc5790 code [0x0000000002bc5900, 0x0000000002bc5b10]
Event: 2.520 Thread 0x000000001d2bd800  822       3       java.lang.Integer::getChars (131 bytes)
Event: 2.521 Thread 0x000000001d2bd800 nmethod 822 0x0000000002bc5c10 code [0x0000000002bc5da0, 0x0000000002bc6210]
Event: 2.704 Thread 0x000000001d2bd800  823       3       java.lang.AbstractStringBuilder::append (62 bytes)
Event: 2.705 Thread 0x000000001d2bd800 nmethod 823 0x0000000002bc6650 code [0x0000000002bc6820, 0x0000000002bc6f08]
Event: 3.098 Thread 0x000000001d2bd800  824       3       java.nio.ByteBuffer::array (35 bytes)

GC Heap History (2 events):
Event: 1.385 GC heap before
{Heap before GC invocations=1 (full 0):
 PSYoungGen      total 75776K, used 65024K [0x000000076b580000, 0x0000000770a00000, 0x00000007c0000000)
  eden space 65024K, 100% used [0x000000076b580000,0x000000076f500000,0x000000076f500000)
  from space 10752K, 0% used [0x000000076ff80000,0x000000076ff80000,0x0000000770a00000)
  to   space 10752K, 0% used [0x000000076f500000,0x000000076f500000,0x000000076ff80000)
 ParOldGen       total 173568K, used 0K [0x00000006c2000000, 0x00000006cc980000, 0x000000076b580000)
  object space 173568K, 0% used [0x00000006c2000000,0x00000006c2000000,0x00000006cc980000)
 Metaspace       used 13812K, capacity 14028K, committed 14336K, reserved 1062912K
  class space    used 1647K, capacity 1686K, committed 1792K, reserved 1048576K
Event: 1.390 GC heap after
Heap after GC invocations=1 (full 0):
 PSYoungGen      total 75776K, used 8502K [0x000000076b580000, 0x0000000770a00000, 0x00000007c0000000)
  eden space 65024K, 0% used [0x000000076b580000,0x000000076b580000,0x000000076f500000)
  from space 10752K, 79% used [0x000000076f500000,0x000000076fd4d950,0x000000076ff80000)
  to   space 10752K, 0% used [0x000000076ff80000,0x000000076ff80000,0x0000000770a00000)
 ParOldGen       total 173568K, used 16K [0x00000006c2000000, 0x00000006cc980000, 0x000000076b580000)
  object space 173568K, 0% used [0x00000006c2000000,0x00000006c2004000,0x00000006cc980000)
 Metaspace       used 13812K, capacity 14028K, committed 14336K, reserved 1062912K
  class space    used 1647K, capacity 1686K, committed 1792K, reserved 1048576K
}

Deoptimization events (7 events):
Event: 0.419 Thread 0x000000000269e800 Uncommon trap: reason=unstable_if action=reinterpret pc=0x0000000002a33ce4 method=sun.misc.URLClassPath.getLoader(I)Lsun/misc/URLClassPath$Loader; @ 36
Event: 0.419 Thread 0x000000000269e800 Uncommon trap: reason=unstable_if action=reinterpret pc=0x0000000002a41e4c method=sun.misc.MetaIndex.mayContain(Ljava/lang/String;)Z @ 13
Event: 0.420 Thread 0x000000000269e800 Uncommon trap: reason=unstable_if action=reinterpret pc=0x0000000002a3924c method=sun.misc.MetaIndex.mayContain(Ljava/lang/String;)Z @ 13
Event: 0.432 Thread 0x000000000269e800 Uncommon trap: reason=unstable_if action=reinterpret pc=0x00000000029d9400 method=java.lang.CharacterData.of(I)Ljava/lang/CharacterData; @ 4
Event: 0.505 Thread 0x000000000269e800 Uncommon trap: reason=unstable_if action=reinterpret pc=0x0000000002a7cfc0 method=java.lang.AbstractStringBuilder.append(Ljava/lang/String;)Ljava/lang/AbstractStringBuilder; @ 1
Event: 0.796 Thread 0x000000000269e800 Uncommon trap: reason=range_check action=make_not_entrant pc=0x0000000002b7ae68 method=sun.reflect.generics.parser.SignatureParser.current()C @ 34
Event: 3.098 Thread 0x000000000269e800 Uncommon trap: reason=unstable_if action=reinterpret pc=0x0000000002b9463c method=java.lang.CharacterDataLatin1.isWhitespace(I)Z @ 14

Internal exceptions (10 events):
Event: 0.473 Thread 0x000000000269e800 Exception <a 'java/lang/ArrayIndexOutOfBoundsException'> (0x000000076c22b560) thrown at [C:\re\workspace\8-2-build-windows-amd64-cygwin\jdk8u66\5298\hotspot\src\share\vm\runtime\sharedRuntime.cpp, line 605]
Event: 0.477 Thread 0x000000000269e800 Exception <a 'java/lang/ArrayIndexOutOfBoundsException'> (0x000000076c251ac0) thrown at [C:\re\workspace\8-2-build-windows-amd64-cygwin\jdk8u66\5298\hotspot\src\share\vm\runtime\sharedRuntime.cpp, line 605]
Event: 0.477 Thread 0x000000000269e800 Exception <a 'java/lang/ArrayIndexOutOfBoundsException'> (0x000000076c252d28) thrown at [C:\re\workspace\8-2-build-windows-amd64-cygwin\jdk8u66\5298\hotspot\src\share\vm\runtime\sharedRuntime.cpp, line 605]
Event: 0.477 Thread 0x000000000269e800 Exception <a 'java/lang/ArrayIndexOutOfBoundsException'> (0x000000076c254770) thrown at [C:\re\workspace\8-2-build-windows-amd64-cygwin\jdk8u66\5298\hotspot\src\share\vm\runtime\sharedRuntime.cpp, line 605]
Event: 0.482 Thread 0x000000000269e800 Exception <a 'java/lang/ArrayIndexOutOfBoundsException'> (0x000000076c27a190) thrown at [C:\re\workspace\8-2-build-windows-amd64-cygwin\jdk8u66\5298\hotspot\src\share\vm\runtime\sharedRuntime.cpp, line 605]
Event: 0.486 Thread 0x000000000269e800 Exception <a 'java/lang/ArrayIndexOutOfBoundsException'> (0x000000076c288f10) thrown at [C:\re\workspace\8-2-build-windows-amd64-cygwin\jdk8u66\5298\hotspot\src\share\vm\runtime\sharedRuntime.cpp, line 605]
Event: 0.505 Thread 0x000000000269e800 Implicit null exception at 0x0000000002a7cc56 to 0x0000000002a7cfa9
Event: 0.796 Thread 0x000000000269e800 Exception <a 'java/lang/ArrayIndexOutOfBoundsException': 73> (0x000000076d91a490) thrown at [C:\re\workspace\8-2-build-windows-amd64-cygwin\jdk8u66\5298\hotspot\src\share\vm\interpreter\interpreterRuntime.cpp, line 366]
Event: 0.796 Thread 0x000000000269e800 Exception <a 'java/lang/ArrayIndexOutOfBoundsException': 65> (0x000000076d91b778) thrown at [C:\re\workspace\8-2-build-windows-amd64-cygwin\jdk8u66\5298\hotspot\src\share\vm\interpreter\interpreterRuntime.cpp, line 366]
Event: 0.796 Thread 0x000000000269e800 Exception <a 'java/lang/ArrayIndexOutOfBoundsException': 53> (0x000000076d91c6e8) thrown at [C:\re\workspace\8-2-build-windows-amd64-cygwin\jdk8u66\5298\hotspot\src\share\vm\interpreter\interpreterRuntime.cpp, line 366]

Events (10 events):
Event: 2.932 Thread 0x000000001e48b000 Thread exited: 0x000000001e48b000
Event: 2.964 Thread 0x000000001e48b000 Thread added: 0x000000001e48b000
Event: 2.964 Thread 0x000000001e48b000 Thread exited: 0x000000001e48b000
Event: 2.996 Thread 0x000000001e48b000 Thread added: 0x000000001e48b000
Event: 2.996 Thread 0x000000001e48b000 Thread exited: 0x000000001e48b000
Event: 3.098 Thread 0x000000001e48b000 Thread added: 0x000000001e48b000
Event: 3.098 Thread 0x000000001e48b000 Thread exited: 0x000000001e48b000
Event: 3.098 Thread 0x000000000269e800 Uncommon trap: trap_request=0xffffff65 fr.pc=0x0000000002b9463c
Event: 3.098 Thread 0x000000000269e800 DEOPT PACKING pc=0x0000000002b9463c sp=0x000000000279e5f0
Event: 3.098 Thread 0x000000000269e800 DEOPT UNPACKING pc=0x00000000028e582a sp=0x000000000279e578 mode 2


Dynamic libraries:
0x00007ff66f1e0000 - 0x00007ff66f217000 	C:\Program Files\Java\jdk1.8.0_66\bin\java.exe
0x00007ffb87f20000 - 0x00007ffb880cc000 	C:\Windows\SYSTEM32\ntdll.dll
0x00007ffb86ae0000 - 0x00007ffb86c1e000 	C:\Windows\system32\KERNEL32.DLL
0x00007ffb84180000 - 0x00007ffb84295000 	C:\Windows\system32\KERNELBASE.dll
0x00007ffb824c0000 - 0x00007ffb8254e000 	C:\Windows\system32\apphelp.dll
0x00007ffb72540000 - 0x00007ffb72593000 	C:\Windows\AppPatch\AppPatch64\AcGenral.DLL
0x00007ffb85a90000 - 0x00007ffb85b3a000 	C:\Windows\system32\msvcrt.dll
0x00007ffb83ba0000 - 0x00007ffb83bce000 	C:\Windows\SYSTEM32\SspiCli.dll
0x00007ffb867d0000 - 0x00007ffb86824000 	C:\Windows\system32\SHLWAPI.dll
0x00007ffb85b40000 - 0x00007ffb85cb7000 	C:\Windows\system32\USER32.dll
0x00007ffb84360000 - 0x00007ffb844f4000 	C:\Windows\system32\ole32.dll
0x00007ffb84560000 - 0x00007ffb85a8b000 	C:\Windows\system32\SHELL32.dll
0x00007ffb83370000 - 0x00007ffb83391000 	C:\Windows\SYSTEM32\USERENV.dll
0x00007ffb864c0000 - 0x00007ffb8656a000 	C:\Windows\system32\ADVAPI32.dll
0x00007ffb74f60000 - 0x00007ffb74f7e000 	C:\Windows\SYSTEM32\MPR.dll
0x00007ffb85f00000 - 0x00007ffb86041000 	C:\Windows\system32\RPCRT4.dll
0x00007ffb86750000 - 0x00007ffb867a9000 	C:\Windows\SYSTEM32\sechost.dll
0x00007ffb85cd0000 - 0x00007ffb85ee1000 	C:\Windows\SYSTEM32\combase.dll
0x00007ffb86370000 - 0x00007ffb864bf000 	C:\Windows\system32\GDI32.dll
0x00007ffb83d70000 - 0x00007ffb83d85000 	C:\Windows\SYSTEM32\profapi.dll
0x00007ffb82d60000 - 0x00007ffb82e12000 	C:\Windows\SYSTEM32\SHCORE.dll
0x00007ffb86330000 - 0x00007ffb86366000 	C:\Windows\system32\IMM32.DLL
0x00007ffb86570000 - 0x00007ffb866c2000 	C:\Windows\system32\MSCTF.dll
0x00007ffb81900000 - 0x00007ffb81b7b000 	C:\Windows\WinSxS\amd64_microsoft.windows.common-controls_6595b64144ccf1df_6.0.9600.18006_none_623f33d3ecbe86e8\COMCTL32.dll
0x00007ffb73ab0000 - 0x00007ffb73ae2000 	C:\Program Files (x86)\AVG\Av\avghooka.dll
0x0000000060a70000 - 0x0000000060b42000 	C:\Program Files\Java\jdk1.8.0_66\jre\bin\msvcr100.dll
0x00000000601e0000 - 0x0000000060a69000 	C:\Program Files\Java\jdk1.8.0_66\jre\bin\server\jvm.dll
0x00007ffb7f590000 - 0x00007ffb7f599000 	C:\Windows\SYSTEM32\WSOCK32.dll
0x00007ffb813e0000 - 0x00007ffb81402000 	C:\Windows\SYSTEM32\WINMM.dll
0x00007ffb82ec0000 - 0x00007ffb82eca000 	C:\Windows\SYSTEM32\VERSION.dll
0x00007ffb85ef0000 - 0x00007ffb85ef7000 	C:\Windows\system32\PSAPI.DLL
0x00007ffb84500000 - 0x00007ffb8455a000 	C:\Windows\system32\WS2_32.dll
0x00007ffb81370000 - 0x00007ffb8139a000 	C:\Windows\SYSTEM32\WINMMBASE.dll
0x00007ffb86050000 - 0x00007ffb86059000 	C:\Windows\system32\NSI.dll
0x00007ffb83e40000 - 0x00007ffb83e8f000 	C:\Windows\SYSTEM32\cfgmgr32.dll
0x00007ffb82710000 - 0x00007ffb82738000 	C:\Windows\SYSTEM32\DEVOBJ.dll
0x0000000060d60000 - 0x0000000060d6f000 	C:\Program Files\Java\jdk1.8.0_66\jre\bin\verify.dll
0x00000000601b0000 - 0x00000000601d9000 	C:\Program Files\Java\jdk1.8.0_66\jre\bin\java.dll
0x0000000060d40000 - 0x0000000060d56000 	C:\Program Files\Java\jdk1.8.0_66\jre\bin\zip.dll
0x00007ffb739c0000 - 0x00007ffb739d0000 	C:\Program Files (x86)\JetBrains\IntelliJ IDEA Community Edition 15.0.2\bin\breakgen64.dll
0x0000000060190000 - 0x00000000601aa000 	C:\Program Files\Java\jdk1.8.0_66\jre\bin\net.dll
0x00007ffb835e0000 - 0x00007ffb83639000 	C:\Windows\system32\mswsock.dll
0x00007ffb83640000 - 0x00007ffb83660000 	C:\Windows\SYSTEM32\CRYPTSP.dll
0x00007ffb83260000 - 0x00007ffb83296000 	C:\Windows\system32\rsaenh.dll
0x00007ffb83890000 - 0x00007ffb838b6000 	C:\Windows\SYSTEM32\bcrypt.dll
0x00007ffb83bd0000 - 0x00007ffb83c33000 	C:\Windows\system32\bcryptprimitives.dll
0x00007ffb83c40000 - 0x00007ffb83c4b000 	C:\Windows\SYSTEM32\CRYPTBASE.dll
0x00007ffb7ea20000 - 0x00007ffb7ea4a000 	C:\Windows\SYSTEM32\IPHLPAPI.DLL
0x00007ffb7ea00000 - 0x00007ffb7ea0a000 	C:\Windows\SYSTEM32\WINNSI.DLL
0x00007ffb7e830000 - 0x00007ffb7e846000 	C:\Windows\SYSTEM32\dhcpcsvc6.DLL
0x00007ffb7e800000 - 0x00007ffb7e81a000 	C:\Windows\SYSTEM32\dhcpcsvc.DLL
0x0000000060170000 - 0x0000000060181000 	C:\Program Files\Java\jdk1.8.0_66\jre\bin\nio.dll
0x0000000060160000 - 0x000000006016d000 	C:\Program Files\Java\jdk1.8.0_66\jre\bin\management.dll
0x00007ffb76a40000 - 0x00007ffb76a55000 	C:\Windows\system32\napinsp.dll
0x00007ffb76a20000 - 0x00007ffb76a3a000 	C:\Windows\system32\pnrpnsp.dll
0x00007ffb7fa30000 - 0x00007ffb7fa4b000 	C:\Windows\system32\NLAapi.dll
0x00007ffb833e0000 - 0x00007ffb83484000 	C:\Windows\SYSTEM32\DNSAPI.dll
0x00007ffb76a10000 - 0x00007ffb76a1d000 	C:\Windows\System32\winrnr.dll
0x00007ffb7beb0000 - 0x00007ffb7beba000 	C:\Windows\System32\rasadhlp.dll
0x00007ffb7e850000 - 0x00007ffb7e8bb000 	C:\Windows\System32\fwpuclnt.dll
0x00007ffb72460000 - 0x00007ffb7249e000 	C:\Users\alex\Git\SLT\lib\x64\LeapJava.dll
0x00007ffb76e50000 - 0x00007ffb76ef6000 	C:\Windows\SYSTEM32\MSVCP120.dll
0x00007ffb76d60000 - 0x00007ffb76e4f000 	C:\Windows\SYSTEM32\MSVCR120.dll
0x00007ffb65f00000 - 0x00007ffb6615e000 	C:\Users\alex\Git\SLT\lib\x64\Leap.dll
0x00007ffb7ff20000 - 0x00007ffb7ff52000 	C:\Windows\SYSTEM32\ntmarta.dll
0x00007ffb76a60000 - 0x00007ffb76be9000 	C:\Windows\SYSTEM32\dbghelp.dll

VM Arguments:
jvm_args: -Djava.library.path=C:\Users\alex\Git\SLT\lib\x64 -Didea.launcher.port=7535 -Didea.launcher.bin.path=C:\Program Files (x86)\JetBrains\IntelliJ IDEA Community Edition 15.0.2\bin -Dfile.encoding=UTF-8 
java_command: com.intellij.rt.execution.application.AppMain SLT
java_class_path (initial): C:\Program Files\Java\jdk1.8.0_66\jre\lib\charsets.jar;C:\Program Files\Java\jdk1.8.0_66\jre\lib\deploy.jar;C:\Program Files\Java\jdk1.8.0_66\jre\lib\ext\access-bridge-64.jar;C:\Program Files\Java\jdk1.8.0_66\jre\lib\ext\cldrdata.jar;C:\Program Files\Java\jdk1.8.0_66\jre\lib\ext\dnsns.jar;C:\Program Files\Java\jdk1.8.0_66\jre\lib\ext\jaccess.jar;C:\Program Files\Java\jdk1.8.0_66\jre\lib\ext\jfxrt.jar;C:\Program Files\Java\jdk1.8.0_66\jre\lib\ext\localedata.jar;C:\Program Files\Java\jdk1.8.0_66\jre\lib\ext\nashorn.jar;C:\Program Files\Java\jdk1.8.0_66\jre\lib\ext\sunec.jar;C:\Program Files\Java\jdk1.8.0_66\jre\lib\ext\sunjce_provider.jar;C:\Program Files\Java\jdk1.8.0_66\jre\lib\ext\sunmscapi.jar;C:\Program Files\Java\jdk1.8.0_66\jre\lib\ext\sunpkcs11.jar;C:\Program Files\Java\jdk1.8.0_66\jre\lib\ext\zipfs.jar;C:\Program Files\Java\jdk1.8.0_66\jre\lib\javaws.jar;C:\Program Files\Java\jdk1.8.0_66\jre\lib\jce.jar;C:\Program Files\Java\jdk1.8.0_66\jre\lib\jfr.jar;C:\Program Files\Java\jdk1.8.0_66\jre\lib\jfxswt.jar;C:\Program Files\Java\jdk1.8.0_66\jre\lib\jsse.jar;C:\Program Files\Java\jdk1.8.0_66\jre\lib\management-agent.jar;C:\Program Files\Java\jdk1.8.0_66\jre\lib\plugin.jar;C:\Program Files\Java\jdk1.8.0_66\jre\lib\resources.jar;C:\Program Files\Java\jdk1.8.0_66\jre\lib\rt.jar;C:\Users\alex\Git\SLT\out\production\SLT;C:\Users\alex\Git\SLT\lib\jongo-1.2.jar;C:\Users\alex\Git\SLT\lib\jackson-annotations-2.6.3.jar;C:\Users\alex\Git\SLT\lib\bson4jackson-2.5.0.jar;C:\Users\alex\Git\SLT\lib\mongo-java-driver-3.1.0.jar;C:\Users\alex\Git\SLT\lib\jackson-databind-2.6.3.jar;C:\Users\alex\Git\SLT\lib\LeapJava.jar;C:\Users\alex\Git\SLT\lib\jackson-core-2.6.3.jar;C:\Program Files (x86)\JetBrains\IntelliJ IDEA Community Edition 15.0.2\lib\idea_rt.jar
Launcher Type: SUN_STANDARD

Environment Variables:
USERNAME=alex
OS=Windows_NT
PROCESSOR_IDENTIFIER=Intel64 Family 6 Model 60 Stepping 3, GenuineIntel



---------------  S Y S T E M  ---------------

OS: Windows 8.1 , 64 bit Build 9600 (6.3.9600.17415)

CPU:total 4 (4 cores per cpu, 1 threads per core) family 6 model 60 stepping 3, cmov, cx8, fxsr, mmx, sse, sse2, sse3, ssse3, sse4.1, sse4.2, popcnt, avx, avx2, aes, clmul, erms, lzcnt, tsc, tscinvbit, bmi1, bmi2

Memory: 4k page, physical 16644936k(11314492k free), swap 19135304k(10463864k free)

vm_info: Java HotSpot(TM) 64-Bit Server VM (25.66-b18) for windows-amd64 JRE (1.8.0_66-b18), built on Nov  9 2015 10:51:13 by "java_re" with MS VC++ 10.0 (VS2010)

time: Tue Jan 05 17:30:16 2016
elapsed time: 3 seconds (0d 0h 0m 3s)

