#
# A fatal error has been detected by the Java Runtime Environment:
#
#  EXCEPTION_ACCESS_VIOLATION (0xc0000005) at pc=0x00007ffb64167020, pid=8752, tid=7104
#
# JRE version: Java(TM) SE Runtime Environment (8.0_66-b18) (build 1.8.0_66-b18)
# Java VM: Java HotSpot(TM) 64-Bit Server VM (25.66-b18 mixed mode windows-amd64 compressed oops)
# Problematic frame:
# C  [Leap.dll+0x47020]
#
# Failed to write core dump. Minidumps are not enabled by default on client versions of Windows
#
# If you would like to submit a bug report, please visit:
#   http://bugreport.java.com/bugreport/crash.jsp
# The crash happened outside the Java Virtual Machine in native code.
# See problematic frame for where to report the bug.
#

---------------  T H R E A D  ---------------

Current thread (0x00000000029fe800):  JavaThread "main" [_thread_in_native, id=7104, stack(0x00000000028b0000,0x00000000029b0000)]

siginfo: ExceptionCode=0xc0000005, reading address 0x000000001f6c7958

Registers:
RAX=0x00007ffb6414c4c0, RBX=0x0000000000000000, RCX=0x000000001f6c7950, RDX=0x00000000029ae5a0
RSP=0x00000000029ae4b8, RBP=0x00000000029ae650, RSI=0x00000000029ae5a0, RDI=0x00000000029fe9f8
R8 =0x000000001f6c7950, R9 =0x00000000029ae670, R10=0x00007ffb6414c4c0, R11=0xffffffffffffffff
R12=0x0000000000000000, R13=0x000000001f289178, R14=0x00000000029ae680, R15=0x00000000029fe800
RIP=0x00007ffb64167020, EFLAGS=0x0000000000010206

Top of Stack: (sp=0x00000000029ae4b8)
0x00000000029ae4b8:   00007ffb6414c4d4 0000000000000000
0x00000000029ae4c8:   00000000029ae680 00000000c0000000
0x00000000029ae4d8:   000000001e428c00 fffffffffffffffe
0x00000000029ae4e8:   0000000000000000 00000000edbac2f5
0x00000000029ae4f8:   0000000000000000 0000000000000000
0x00000000029ae508:   0000000000000000 0000000000000000
0x00000000029ae518:   00007ffb6f501edc 000000001f6c7950
0x00000000029ae528:   00000000029ae5a0 000000001f6c7950
0x00000000029ae538:   00000000029ae670 0000000000000000
0x00000000029ae548:   fffffffffffffffe 00000000029fe9f8
0x00000000029ae558:   00007ffb6f4fcf21 000000001f289178
0x00000000029ae568:   00000000029ae5a0 0000000000000000
0x00000000029ae578:   00000000029fe800 000000001f289100
0x00000000029ae588:   00000000029fe800 0000000000000000
0x00000000029ae598:   000000000000000f 00000000029fe100
0x00000000029ae5a8:   00000000029fe800 000000001f289178 

Instructions: (pc=0x00007ffb64167020)
0x00007ffb64167000:   c3 cc cc cc cc cc cc cc cc cc cc cc cc cc cc cc
0x00007ffb64167010:   e9 fd ab 14 00 cc cc cc cc cc cc cc cc cc cc cc
0x00007ffb64167020:   48 8b 41 08 48 85 c0 74 05 48 8b 40 10 c3 c3 cc
0x00007ffb64167030:   48 89 5c 24 08 57 48 83 ec 20 33 c0 48 8b fa 48 


Register to memory mapping:

RAX=0x00007ffb6414c4c0 is an unknown value
RBX=0x0000000000000000 is an unknown value
RCX=0x000000001f6c7950 is an unknown value
RDX=0x00000000029ae5a0 is pointing into the stack for thread: 0x00000000029fe800
RSP=0x00000000029ae4b8 is pointing into the stack for thread: 0x00000000029fe800
RBP=0x00000000029ae650 is pointing into the stack for thread: 0x00000000029fe800
RSI=0x00000000029ae5a0 is pointing into the stack for thread: 0x00000000029fe800
RDI=0x00000000029fe9f8 is an unknown value
R8 =0x000000001f6c7950 is an unknown value
R9 =0x00000000029ae670 is pointing into the stack for thread: 0x00000000029fe800
R10=0x00007ffb6414c4c0 is an unknown value
R11=0xffffffffffffffff is an unknown value
R12=0x0000000000000000 is an unknown value
R13={method} {0x000000001f289180} 'Frame_toString' '(JLcom/leapmotion/leap/Frame;)Ljava/lang/String;' in 'com/leapmotion/leap/LeapJNI'
R14=0x00000000029ae680 is pointing into the stack for thread: 0x00000000029fe800
R15=0x00000000029fe800 is a thread


Stack: [0x00000000028b0000,0x00000000029b0000],  sp=0x00000000029ae4b8,  free space=1017k
Native frames: (J=compiled Java code, j=interpreted, Vv=VM code, C=native code)
C  [Leap.dll+0x47020]

Java frames: (J=compiled Java code, j=interpreted, Vv=VM code)
j  com.leapmotion.leap.LeapJNI.Frame_toString(JLcom/leapmotion/leap/Frame;)Ljava/lang/String;+0
j  com.leapmotion.leap.Frame.toString()Ljava/lang/String;+5
j  java.lang.String.valueOf(Ljava/lang/Object;)Ljava/lang/String;+10
j  java.lang.StringBuilder.append(Ljava/lang/Object;)Ljava/lang/StringBuilder;+2
j  java.util.AbstractCollection.toString()Ljava/lang/String;+51
j  java.lang.String.valueOf(Ljava/lang/Object;)Ljava/lang/String;+10
j  java.io.PrintStream.println(Ljava/lang/Object;)V+1
j  SLT.main([Ljava/lang/String;)V+104
v  ~StubRoutines::call_stub
j  sun.reflect.NativeMethodAccessorImpl.invoke0(Ljava/lang/reflect/Method;Ljava/lang/Object;[Ljava/lang/Object;)Ljava/lang/Object;+0
j  sun.reflect.NativeMethodAccessorImpl.invoke(Ljava/lang/Object;[Ljava/lang/Object;)Ljava/lang/Object;+100
j  sun.reflect.DelegatingMethodAccessorImpl.invoke(Ljava/lang/Object;[Ljava/lang/Object;)Ljava/lang/Object;+6
j  java.lang.reflect.Method.invoke(Ljava/lang/Object;[Ljava/lang/Object;)Ljava/lang/Object;+56
j  com.intellij.rt.execution.application.AppMain.main([Ljava/lang/String;)V+180
v  ~StubRoutines::call_stub

---------------  P R O C E S S  ---------------

Java Threads: ( => current thread )
  0x000000001e1d6000 JavaThread "pool-1-thread-1" daemon [_thread_blocked, id=3048, stack(0x000000001ecb0000,0x000000001edb0000)]
  0x000000001e1e0000 JavaThread "cluster-ClusterId{value='568b904ad361d2223019a3fa', description='null'}-127.0.0.1:27017" daemon [_thread_blocked, id=4824, stack(0x000000001ebb0000,0x000000001ecb0000)]
  0x000000001d602000 JavaThread "Monitor Ctrl-Break" daemon [_thread_in_native, id=10836, stack(0x000000001dfa0000,0x000000001e0a0000)]
  0x000000001d50d000 JavaThread "Service Thread" daemon [_thread_blocked, id=11804, stack(0x000000001dd70000,0x000000001de70000)]
  0x000000001d48e800 JavaThread "C1 CompilerThread2" daemon [_thread_blocked, id=9056, stack(0x000000001dc70000,0x000000001dd70000)]
  0x000000001d47e000 JavaThread "C2 CompilerThread1" daemon [_thread_blocked, id=7604, stack(0x000000001db70000,0x000000001dc70000)]
  0x000000001d47c000 JavaThread "C2 CompilerThread0" daemon [_thread_blocked, id=9196, stack(0x000000001da70000,0x000000001db70000)]
  0x000000001d47a800 JavaThread "Attach Listener" daemon [_thread_blocked, id=3176, stack(0x000000001d970000,0x000000001da70000)]
  0x000000001c098800 JavaThread "Signal Dispatcher" daemon [_thread_blocked, id=2400, stack(0x000000001d870000,0x000000001d970000)]
  0x0000000002af7000 JavaThread "Finalizer" daemon [_thread_blocked, id=2372, stack(0x000000001d310000,0x000000001d410000)]
  0x0000000002aee800 JavaThread "Reference Handler" daemon [_thread_blocked, id=7176, stack(0x000000001d210000,0x000000001d310000)]
=>0x00000000029fe800 JavaThread "main" [_thread_in_native, id=7104, stack(0x00000000028b0000,0x00000000029b0000)]

Other Threads:
  0x000000001c067800 VMThread [stack: 0x000000001d110000,0x000000001d210000] [id=6160]
  0x000000001d578800 WatcherThread [stack: 0x000000001de70000,0x000000001df70000] [id=11792]

VM state:not at safepoint (normal execution)

VM Mutex/Monitor currently owned by a thread: None

Heap:
 PSYoungGen      total 75776K, used 43075K [0x000000076b580000, 0x0000000770a00000, 0x00000007c0000000)
  eden space 65024K, 66% used [0x000000076b580000,0x000000076df90ef8,0x000000076f500000)
  from space 10752K, 0% used [0x000000076ff80000,0x000000076ff80000,0x0000000770a00000)
  to   space 10752K, 0% used [0x000000076f500000,0x000000076f500000,0x000000076ff80000)
 ParOldGen       total 173568K, used 0K [0x00000006c2000000, 0x00000006cc980000, 0x000000076b580000)
  object space 173568K, 0% used [0x00000006c2000000,0x00000006c2000000,0x00000006cc980000)
 Metaspace       used 13801K, capacity 13964K, committed 14336K, reserved 1062912K
  class space    used 1647K, capacity 1686K, committed 1792K, reserved 1048576K

Card table byte_map: [0x0000000011ec0000,0x00000000126c0000] byte_map_base: 0x000000000e8b0000

Marking Bits: (ParMarkBitMap*) 0x00000000609ea5b0
 Begin Bits: [0x0000000013010000, 0x0000000016f90000)
 End Bits:   [0x0000000016f90000, 0x000000001af10000)

Polling page: 0x0000000002810000

CodeCache: size=245760Kb used=3175Kb max_used=3188Kb free=242584Kb
 bounds [0x0000000002b00000, 0x0000000002e20000, 0x0000000011b00000]
 total_blobs=1200 nmethods=794 adapters=319
 compilation: enabled

Compilation events (10 events):
Event: 0.845 Thread 0x000000001d48e800  790       1       java.lang.reflect.Field::getDeclaringClass (5 bytes)
Event: 0.845 Thread 0x000000001d48e800 nmethod 790 0x0000000002e19f90 code [0x0000000002e1a0e0, 0x0000000002e1a1f0]
Event: 0.845 Thread 0x000000001d48e800  786       3       sun.reflect.ClassFileAssembler::emitShort (24 bytes)
Event: 0.845 Thread 0x000000001d48e800 nmethod 786 0x0000000002e1a250 code [0x0000000002e1a3e0, 0x0000000002e1a738]
Event: 0.845 Thread 0x000000001d48e800  791       1       java.lang.Boolean::booleanValue (5 bytes)
Event: 0.845 Thread 0x000000001d48e800 nmethod 791 0x0000000002e1a910 code [0x0000000002e1aa60, 0x0000000002e1ab70]
Event: 0.845 Thread 0x000000001d48e800  792       3       java.nio.Buffer::clear (20 bytes)
Event: 0.845 Thread 0x000000001d48e800 nmethod 792 0x0000000002e1abd0 code [0x0000000002e1ad20, 0x0000000002e1ae90]
Event: 0.849 Thread 0x000000001d48e800  794       1       sun.util.locale.BaseLocale::getRegion (5 bytes)
Event: 0.849 Thread 0x000000001d48e800 nmethod 794 0x0000000002e1af10 code [0x0000000002e1b060, 0x0000000002e1b170]

GC Heap History (0 events):
No events

Deoptimization events (6 events):
Event: 0.400 Thread 0x00000000029fe800 Uncommon trap: reason=unstable_if action=reinterpret pc=0x0000000002c98ea4 method=sun.misc.URLClassPath.getLoader(I)Lsun/misc/URLClassPath$Loader; @ 36
Event: 0.401 Thread 0x00000000029fe800 Uncommon trap: reason=unstable_if action=reinterpret pc=0x0000000002ca1210 method=sun.misc.MetaIndex.mayContain(Ljava/lang/String;)Z @ 13
Event: 0.401 Thread 0x00000000029fe800 Uncommon trap: reason=unstable_if action=reinterpret pc=0x0000000002c9998c method=sun.misc.MetaIndex.mayContain(Ljava/lang/String;)Z @ 13
Event: 0.415 Thread 0x00000000029fe800 Uncommon trap: reason=unstable_if action=reinterpret pc=0x0000000002c383c0 method=java.lang.CharacterData.of(I)Ljava/lang/CharacterData; @ 4
Event: 0.493 Thread 0x00000000029fe800 Uncommon trap: reason=unstable_if action=reinterpret pc=0x0000000002cded00 method=java.lang.AbstractStringBuilder.append(Ljava/lang/String;)Ljava/lang/AbstractStringBuilder; @ 1
Event: 0.787 Thread 0x00000000029fe800 Uncommon trap: reason=range_check action=make_not_entrant pc=0x0000000002dd4f28 method=sun.reflect.generics.parser.SignatureParser.current()C @ 34

Internal exceptions (10 events):
Event: 0.457 Thread 0x00000000029fe800 Exception <a 'java/lang/ArrayIndexOutOfBoundsException'> (0x000000076c22c680) thrown at [C:\re\workspace\8-2-build-windows-amd64-cygwin\jdk8u66\5298\hotspot\src\share\vm\runtime\sharedRuntime.cpp, line 605]
Event: 0.465 Thread 0x00000000029fe800 Exception <a 'java/lang/ArrayIndexOutOfBoundsException'> (0x000000076c252bd8) thrown at [C:\re\workspace\8-2-build-windows-amd64-cygwin\jdk8u66\5298\hotspot\src\share\vm\runtime\sharedRuntime.cpp, line 605]
Event: 0.465 Thread 0x00000000029fe800 Exception <a 'java/lang/ArrayIndexOutOfBoundsException'> (0x000000076c253e40) thrown at [C:\re\workspace\8-2-build-windows-amd64-cygwin\jdk8u66\5298\hotspot\src\share\vm\runtime\sharedRuntime.cpp, line 605]
Event: 0.465 Thread 0x00000000029fe800 Exception <a 'java/lang/ArrayIndexOutOfBoundsException'> (0x000000076c255888) thrown at [C:\re\workspace\8-2-build-windows-amd64-cygwin\jdk8u66\5298\hotspot\src\share\vm\runtime\sharedRuntime.cpp, line 605]
Event: 0.472 Thread 0x00000000029fe800 Exception <a 'java/lang/ArrayIndexOutOfBoundsException'> (0x000000076c27b2a8) thrown at [C:\re\workspace\8-2-build-windows-amd64-cygwin\jdk8u66\5298\hotspot\src\share\vm\runtime\sharedRuntime.cpp, line 605]
Event: 0.475 Thread 0x00000000029fe800 Exception <a 'java/lang/ArrayIndexOutOfBoundsException'> (0x000000076c28a028) thrown at [C:\re\workspace\8-2-build-windows-amd64-cygwin\jdk8u66\5298\hotspot\src\share\vm\runtime\sharedRuntime.cpp, line 605]
Event: 0.493 Thread 0x00000000029fe800 Implicit null exception at 0x0000000002cde996 to 0x0000000002cdece9
Event: 0.787 Thread 0x00000000029fe800 Exception <a 'java/lang/ArrayIndexOutOfBoundsException': 73> (0x000000076d91ae20) thrown at [C:\re\workspace\8-2-build-windows-amd64-cygwin\jdk8u66\5298\hotspot\src\share\vm\interpreter\interpreterRuntime.cpp, line 366]
Event: 0.787 Thread 0x00000000029fe800 Exception <a 'java/lang/ArrayIndexOutOfBoundsException': 65> (0x000000076d91c108) thrown at [C:\re\workspace\8-2-build-windows-amd64-cygwin\jdk8u66\5298\hotspot\src\share\vm\interpreter\interpreterRuntime.cpp, line 366]
Event: 0.787 Thread 0x00000000029fe800 Exception <a 'java/lang/ArrayIndexOutOfBoundsException': 53> (0x000000076d91d078) thrown at [C:\re\workspace\8-2-build-windows-amd64-cygwin\jdk8u66\5298\hotspot\src\share\vm\interpreter\interpreterRuntime.cpp, line 366]

Events (10 events):
Event: 0.849 loading class java/util/regex/Pattern$All
Event: 0.849 loading class java/util/regex/Pattern$All done
Event: 0.849 loading class java/util/regex/Pattern$CharProperty$1
Event: 0.849 loading class java/util/regex/Pattern$CharProperty$1 done
Event: 0.849 loading class java/util/regex/Pattern$6
Event: 0.849 loading class java/util/regex/Pattern$6 done
Event: 0.849 loading class java/util/Scanner$1
Event: 0.849 loading class sun/misc/LRUCache
Event: 0.849 loading class sun/misc/LRUCache done
Event: 0.849 loading class java/util/Scanner$1 done


Dynamic libraries:
0x00007ff66f1e0000 - 0x00007ff66f217000 	C:\Program Files\Java\jdk1.8.0_66\bin\java.exe
0x00007ffb87f20000 - 0x00007ffb880cc000 	C:\Windows\SYSTEM32\ntdll.dll
0x00007ffb86ae0000 - 0x00007ffb86c1e000 	C:\Windows\system32\KERNEL32.DLL
0x00007ffb84180000 - 0x00007ffb84295000 	C:\Windows\system32\KERNELBASE.dll
0x00007ffb824c0000 - 0x00007ffb8254e000 	C:\Windows\system32\apphelp.dll
0x00007ffb72540000 - 0x00007ffb72593000 	C:\Windows\AppPatch\AppPatch64\AcGenral.DLL
0x00007ffb85a90000 - 0x00007ffb85b3a000 	C:\Windows\system32\msvcrt.dll
0x00007ffb83ba0000 - 0x00007ffb83bce000 	C:\Windows\SYSTEM32\SspiCli.dll
0x00007ffb867d0000 - 0x00007ffb86824000 	C:\Windows\system32\SHLWAPI.dll
0x00007ffb85b40000 - 0x00007ffb85cb7000 	C:\Windows\system32\USER32.dll
0x00007ffb84360000 - 0x00007ffb844f4000 	C:\Windows\system32\ole32.dll
0x00007ffb84560000 - 0x00007ffb85a8b000 	C:\Windows\system32\SHELL32.dll
0x00007ffb83370000 - 0x00007ffb83391000 	C:\Windows\SYSTEM32\USERENV.dll
0x00007ffb864c0000 - 0x00007ffb8656a000 	C:\Windows\system32\ADVAPI32.dll
0x00007ffb74f60000 - 0x00007ffb74f7e000 	C:\Windows\SYSTEM32\MPR.dll
0x00007ffb85f00000 - 0x00007ffb86041000 	C:\Windows\system32\RPCRT4.dll
0x00007ffb86750000 - 0x00007ffb867a9000 	C:\Windows\SYSTEM32\sechost.dll
0x00007ffb85cd0000 - 0x00007ffb85ee1000 	C:\Windows\SYSTEM32\combase.dll
0x00007ffb86370000 - 0x00007ffb864bf000 	C:\Windows\system32\GDI32.dll
0x00007ffb83d70000 - 0x00007ffb83d85000 	C:\Windows\SYSTEM32\profapi.dll
0x00007ffb82d60000 - 0x00007ffb82e12000 	C:\Windows\SYSTEM32\SHCORE.dll
0x00007ffb86330000 - 0x00007ffb86366000 	C:\Windows\system32\IMM32.DLL
0x00007ffb86570000 - 0x00007ffb866c2000 	C:\Windows\system32\MSCTF.dll
0x00007ffb81900000 - 0x00007ffb81b7b000 	C:\Windows\WinSxS\amd64_microsoft.windows.common-controls_6595b64144ccf1df_6.0.9600.18006_none_623f33d3ecbe86e8\COMCTL32.dll
0x00007ffb73ab0000 - 0x00007ffb73ae2000 	C:\Program Files (x86)\AVG\Av\avghooka.dll
0x0000000060a70000 - 0x0000000060b42000 	C:\Program Files\Java\jdk1.8.0_66\jre\bin\msvcr100.dll
0x00000000601e0000 - 0x0000000060a69000 	C:\Program Files\Java\jdk1.8.0_66\jre\bin\server\jvm.dll
0x00007ffb7f590000 - 0x00007ffb7f599000 	C:\Windows\SYSTEM32\WSOCK32.dll
0x00007ffb813e0000 - 0x00007ffb81402000 	C:\Windows\SYSTEM32\WINMM.dll
0x00007ffb82ec0000 - 0x00007ffb82eca000 	C:\Windows\SYSTEM32\VERSION.dll
0x00007ffb85ef0000 - 0x00007ffb85ef7000 	C:\Windows\system32\PSAPI.DLL
0x00007ffb84500000 - 0x00007ffb8455a000 	C:\Windows\system32\WS2_32.dll
0x00007ffb81370000 - 0x00007ffb8139a000 	C:\Windows\SYSTEM32\WINMMBASE.dll
0x00007ffb86050000 - 0x00007ffb86059000 	C:\Windows\system32\NSI.dll
0x00007ffb83e40000 - 0x00007ffb83e8f000 	C:\Windows\SYSTEM32\cfgmgr32.dll
0x00007ffb82710000 - 0x00007ffb82738000 	C:\Windows\SYSTEM32\DEVOBJ.dll
0x0000000060d60000 - 0x0000000060d6f000 	C:\Program Files\Java\jdk1.8.0_66\jre\bin\verify.dll
0x00000000601b0000 - 0x00000000601d9000 	C:\Program Files\Java\jdk1.8.0_66\jre\bin\java.dll
0x0000000060d40000 - 0x0000000060d56000 	C:\Program Files\Java\jdk1.8.0_66\jre\bin\zip.dll
0x00007ffb725a0000 - 0x00007ffb725b0000 	C:\Program Files (x86)\JetBrains\IntelliJ IDEA Community Edition 15.0.2\bin\breakgen64.dll
0x0000000060190000 - 0x00000000601aa000 	C:\Program Files\Java\jdk1.8.0_66\jre\bin\net.dll
0x00007ffb835e0000 - 0x00007ffb83639000 	C:\Windows\system32\mswsock.dll
0x00007ffb83640000 - 0x00007ffb83660000 	C:\Windows\SYSTEM32\CRYPTSP.dll
0x00007ffb83260000 - 0x00007ffb83296000 	C:\Windows\system32\rsaenh.dll
0x00007ffb83890000 - 0x00007ffb838b6000 	C:\Windows\SYSTEM32\bcrypt.dll
0x00007ffb83bd0000 - 0x00007ffb83c33000 	C:\Windows\system32\bcryptprimitives.dll
0x00007ffb83c40000 - 0x00007ffb83c4b000 	C:\Windows\SYSTEM32\CRYPTBASE.dll
0x00007ffb7ea20000 - 0x00007ffb7ea4a000 	C:\Windows\SYSTEM32\IPHLPAPI.DLL
0x00007ffb7ea00000 - 0x00007ffb7ea0a000 	C:\Windows\SYSTEM32\WINNSI.DLL
0x00007ffb7e830000 - 0x00007ffb7e846000 	C:\Windows\SYSTEM32\dhcpcsvc6.DLL
0x00007ffb7e800000 - 0x00007ffb7e81a000 	C:\Windows\SYSTEM32\dhcpcsvc.DLL
0x0000000060170000 - 0x0000000060181000 	C:\Program Files\Java\jdk1.8.0_66\jre\bin\nio.dll
0x0000000060160000 - 0x000000006016d000 	C:\Program Files\Java\jdk1.8.0_66\jre\bin\management.dll
0x00007ffb76a40000 - 0x00007ffb76a55000 	C:\Windows\system32\napinsp.dll
0x00007ffb76a20000 - 0x00007ffb76a3a000 	C:\Windows\system32\pnrpnsp.dll
0x00007ffb7fa30000 - 0x00007ffb7fa4b000 	C:\Windows\system32\NLAapi.dll
0x00007ffb833e0000 - 0x00007ffb83484000 	C:\Windows\SYSTEM32\DNSAPI.dll
0x00007ffb76a10000 - 0x00007ffb76a1d000 	C:\Windows\System32\winrnr.dll
0x00007ffb7beb0000 - 0x00007ffb7beba000 	C:\Windows\System32\rasadhlp.dll
0x00007ffb7e850000 - 0x00007ffb7e8bb000 	C:\Windows\System32\fwpuclnt.dll
0x00007ffb6f4f0000 - 0x00007ffb6f52e000 	C:\Users\alex\Git\SLT\lib\x64\LeapJava.dll
0x00007ffb76e50000 - 0x00007ffb76ef6000 	C:\Windows\SYSTEM32\MSVCP120.dll
0x00007ffb76d60000 - 0x00007ffb76e4f000 	C:\Windows\SYSTEM32\MSVCR120.dll
0x00007ffb64120000 - 0x00007ffb6437e000 	C:\Users\alex\Git\SLT\lib\x64\Leap.dll
0x00007ffb7ff20000 - 0x00007ffb7ff52000 	C:\Windows\SYSTEM32\ntmarta.dll
0x00007ffb76a60000 - 0x00007ffb76be9000 	C:\Windows\SYSTEM32\dbghelp.dll

VM Arguments:
jvm_args: -Djava.library.path=C:\Users\alex\Git\SLT\lib\x64 -Didea.launcher.port=7532 -Didea.launcher.bin.path=C:\Program Files (x86)\JetBrains\IntelliJ IDEA Community Edition 15.0.2\bin -Dfile.encoding=UTF-8 
java_command: com.intellij.rt.execution.application.AppMain SLT
java_class_path (initial): C:\Program Files\Java\jdk1.8.0_66\jre\lib\charsets.jar;C:\Program Files\Java\jdk1.8.0_66\jre\lib\deploy.jar;C:\Program Files\Java\jdk1.8.0_66\jre\lib\ext\access-bridge-64.jar;C:\Program Files\Java\jdk1.8.0_66\jre\lib\ext\cldrdata.jar;C:\Program Files\Java\jdk1.8.0_66\jre\lib\ext\dnsns.jar;C:\Program Files\Java\jdk1.8.0_66\jre\lib\ext\jaccess.jar;C:\Program Files\Java\jdk1.8.0_66\jre\lib\ext\jfxrt.jar;C:\Program Files\Java\jdk1.8.0_66\jre\lib\ext\localedata.jar;C:\Program Files\Java\jdk1.8.0_66\jre\lib\ext\nashorn.jar;C:\Program Files\Java\jdk1.8.0_66\jre\lib\ext\sunec.jar;C:\Program Files\Java\jdk1.8.0_66\jre\lib\ext\sunjce_provider.jar;C:\Program Files\Java\jdk1.8.0_66\jre\lib\ext\sunmscapi.jar;C:\Program Files\Java\jdk1.8.0_66\jre\lib\ext\sunpkcs11.jar;C:\Program Files\Java\jdk1.8.0_66\jre\lib\ext\zipfs.jar;C:\Program Files\Java\jdk1.8.0_66\jre\lib\javaws.jar;C:\Program Files\Java\jdk1.8.0_66\jre\lib\jce.jar;C:\Program Files\Java\jdk1.8.0_66\jre\lib\jfr.jar;C:\Program Files\Java\jdk1.8.0_66\jre\lib\jfxswt.jar;C:\Program Files\Java\jdk1.8.0_66\jre\lib\jsse.jar;C:\Program Files\Java\jdk1.8.0_66\jre\lib\management-agent.jar;C:\Program Files\Java\jdk1.8.0_66\jre\lib\plugin.jar;C:\Program Files\Java\jdk1.8.0_66\jre\lib\resources.jar;C:\Program Files\Java\jdk1.8.0_66\jre\lib\rt.jar;C:\Users\alex\Git\SLT\out\production\SLT;C:\Users\alex\Git\SLT\lib\jongo-1.2.jar;C:\Users\alex\Git\SLT\lib\jackson-annotations-2.6.3.jar;C:\Users\alex\Git\SLT\lib\bson4jackson-2.5.0.jar;C:\Users\alex\Git\SLT\lib\mongo-java-driver-3.1.0.jar;C:\Users\alex\Git\SLT\lib\jackson-databind-2.6.3.jar;C:\Users\alex\Git\SLT\lib\LeapJava.jar;C:\Users\alex\Git\SLT\lib\jackson-core-2.6.3.jar;C:\Program Files (x86)\JetBrains\IntelliJ IDEA Community Edition 15.0.2\lib\idea_rt.jar
Launcher Type: SUN_STANDARD

Environment Variables:
USERNAME=alex
OS=Windows_NT
PROCESSOR_IDENTIFIER=Intel64 Family 6 Model 60 Stepping 3, GenuineIntel



---------------  S Y S T E M  ---------------

OS: Windows 8.1 , 64 bit Build 9600 (6.3.9600.17415)

CPU:total 4 (4 cores per cpu, 1 threads per core) family 6 model 60 stepping 3, cmov, cx8, fxsr, mmx, sse, sse2, sse3, ssse3, sse4.1, sse4.2, popcnt, avx, avx2, aes, clmul, erms, lzcnt, tsc, tscinvbit, bmi1, bmi2

Memory: 4k page, physical 16644936k(11008156k free), swap 19135304k(10176596k free)

vm_info: Java HotSpot(TM) 64-Bit Server VM (25.66-b18) for windows-amd64 JRE (1.8.0_66-b18), built on Nov  9 2015 10:51:13 by "java_re" with MS VC++ 10.0 (VS2010)

time: Tue Jan 05 17:43:38 2016
elapsed time: 0 seconds (0d 0h 0m 0s)

